0.005 -0.0217183 5.91849e-08
0.01 -0.0215771 6.58253e-08
0.015 -0.0124 7.49431e-08
0.02 -0.007103 7.69458e-08
0.025 -0.00921941 2.39026e-08
0.03 -0.0109834 -2.38087e-07
0.035 -0.0116606 -1.06021e-06
0.04 -0.011532 -3.03786e-06
0.045 -0.0112456 -6.88931e-06
0.05 -0.011191 -1.3113e-05
0.055 -0.0115186 -2.15548e-05
0.06 -0.0122 -3.11463e-05
0.065 -0.0129512 -4.00182e-05
0.07 -0.0135331 -4.59905e-05
0.075 -0.0139113 -4.72739e-05
0.08 -0.0140416 -4.31027e-05
0.085 -0.0137737 -3.38988e-05
0.09 -0.0130965 -2.06995e-05
0.095 -0.0122349 -4.24255e-06
0.1 -0.0113494 1.54291e-05
0.105 -0.0104066 3.86019e-05
0.11 -0.0093634 6.52368e-05
0.115 -0.00829031 9.38731e-05
0.12 -0.00748352 0.00012165
0.125 -0.00727223 0.000145832
0.13 -0.00753445 0.00016365
0.135 -0.00790129 0.000171252
0.14 -0.00814104 0.000163395
0.145 -0.00803703 0.000132077
0.15 -0.00760608 6.69543e-05
0.155 -0.00730537 -4.29321e-05
0.16 -0.00729975 -0.000215685
0.165 -0.00712019 -0.00048564
0.17 -0.00659055 -0.000901459
0.175 -0.00623 -0.00152226
0.18 -0.00635477 -0.00242303
0.185 -0.00662734 -0.00369671
0.19 -0.00678262 -0.00543312
0.195 -0.00698309 -0.00768786
0.2 -0.00717284 -0.010465
0.205 -0.00696359 -0.0136964
0.21 -0.00651468 -0.0172158
0.215 -0.00663713 -0.0207552
0.22 -0.00766127 -0.0239712
0.225 -0.00892754 -0.0264909
0.23 -0.0095809 -0.027986
0.235 -0.00926314 -0.0282692
0.24 -0.00796066 -0.027381
0.245 -0.0059119 -0.0256162
0.25 -0.00363503 -0.0234895
0.255 -0.00186455 -0.0216336
0.26 -0.00207988 -0.0206116
0.265 -0.00548362 -0.0207401
0.27 -0.0101107 -0.0220023
0.275 -0.0122538 -0.0240352
0.28 -0.0115925 -0.0262108
0.285 -0.0107626 -0.0278163
0.29 -0.0107135 -0.0282659
0.295 -0.0104266 -0.0272949
0.3 -0.00929477 -0.0250734
0.305 -0.0078482 -0.0221493
0.31 -0.00724866 -0.0192323
0.315 -0.00735688 -0.0169314
0.32 -0.00629545 -0.0155537
0.325 -0.00355467 -0.0150346
0.33 -0.00106176 -0.0150291
0.335 -0.000676403 -0.0151074
0.34 -0.00287799 -0.0149551
0.345 -0.00706157 -0.0145012
0.35 -0.0114996 -0.0139214
0.355 -0.0145407 -0.0135102
0.36 -0.016097 -0.0134878
0.365 -0.0164593 -0.0138535
0.37 -0.015205 -0.0143675
0.375 -0.0124395 -0.0146738
0.38 -0.00964944 -0.0144976
0.385 -0.00864353 -0.0138106
0.39 -0.00956157 -0.0128712
0.395 -0.0104756 -0.0121089
0.4 -0.00998729 -0.0119079
0.405 -0.00876653 -0.0124093
0.41 -0.00787797 -0.0134413
0.415 -0.00816865 -0.0146093
0.42 -0.0100006 -0.0154893
0.425 -0.0119959 -0.0158188
0.43 -0.0128128 -0.0155925
0.435 -0.013335 -0.0150247
0.44 -0.0150396 -0.014409
0.445 -0.0174965 -0.0139563
0.45 -0.0178261 -0.0137059
0.455 -0.013662 -0.0135552
0.46 -0.00834885 -0.0133838
0.465 -0.00889961 -0.0131899
0.47 -0.0153428 -0.0131458
0.475 -0.0190971 -0.0135274
0.48 -0.0156396 -0.0145538
0.485 -0.0115477 -0.016228
0.49 -0.015246 -0.0182645
0.495 -0.0240886 -0.020145
0.5 -0.025387 -0.0212833
0.505 -0.0128935 -0.0212325
0.51 0.00326755 -0.0198476
0.515 0.00913074 -0.0173406
0.52 0.00448731 -0.0142156
0.525 0.00144792 -0.0111302
0.53 0.00731713 -0.00874165
0.535 0.0156976 -0.00757091
0.54 0.0166362 -0.00789858
0.545 0.00981171 -0.00971006
0.55 0.00377749 -0.0127011
0.555 0.00294186 -0.0163358
0.56 0.000638694 -0.0199498
0.565 -0.00959538 -0.0228928
0.57 -0.022571 -0.0246739
0.575 -0.0296385 -0.0250525
0.58 -0.0312296 -0.0240359
0.585 -0.0337124 -0.0218007
0.59 -0.0383782 -0.0185909
0.595 -0.0389865 -0.0146604
0.6 -0.0320366 -0.0102969
0.605 -0.0235211 -0.00588405
0.61 -0.019801 -0.00192141
0.615 -0.0184495 0.0010469
0.62 -0.013097 0.0025868
0.625 -0.00353215 0.0025579
0.63 0.00332573 0.00123307
0.635 0.00307345 -0.00074456
0.64 0.000220666 -0.00258818
0.645 0.00238477 -0.00368159
0.65 0.0102092 -0.0038268
0.655 0.0171378 -0.00330193
0.66 0.0197189 -0.00269606
0.665 0.0214766 -0.00259619
0.67 0.0223922 -0.00328097
0.675 0.0141252 -0.00457488
0.68 -0.00605 -0.00593132
0.685 -0.0274721 -0.00669191
0.69 -0.0383462 -0.00637654
0.695 -0.0376849 -0.00484777
0.7 -0.031242 -0.00227192
0.705 -0.0216638 0.00108061
0.71 -0.0114677 0.00505494
0.715 -0.00752836 0.00968842
0.72 -0.0114095 0.0150749
0.725 -0.0134515 0.0211034
0.73 -0.00427399 0.0272342
0.735 0.0117251 0.0324436
0.74 0.0214746 0.0354184
0.745 0.0183273 0.0349635
0.75 0.00588622 0.0304291
0.755 -0.00640492 0.0219661
0.76 -0.00981361 0.0105394
0.765 -0.00645486 -0.00234756
0.77 -0.00912383 -0.0151374
0.775 -0.022582 -0.0266272
0.78 -0.0341079 -0.0361165
0.785 -0.0310721 -0.0433455
0.79 -0.0171836 -0.0482848
0.795 -0.00575117 -0.0508649
0.8 -0.00314265 -0.050836
0.805 -0.00327221 -0.0478301
0.81 0.000617419 -0.0415507
0.815 0.0029904 -0.0320333
0.82 -0.0052461 -0.0198715
0.825 -0.0193495 -0.00623514
0.83 -0.0315234 0.00734044
0.835 -0.0469103 0.0192914
0.84 -0.0682805 0.0284172
0.845 -0.0854746 0.0342032
0.85 -0.0890761 0.0368767
0.855 -0.0790476 0.0371422
0.86 -0.0622052 0.0357713
0.865 -0.0448794 0.0332734
0.87 -0.0261589 0.0297468
0.875 -0.00543583 0.0248909
0.88 0.00877058 0.0181927
0.885 0.0121648 0.00927882
0.89 0.0135968 -0.00171259
0.895 0.0163073 -0.0138786
0.9 0.010963 -0.0255158
0.905 -0.00385756 -0.0344504
0.91 -0.0134999 -0.0386589
0.915 -0.00497249 -0.0368402
0.92 0.0156821 -0.0287973
0.925 0.0280086 -0.0156314
0.93 0.021282 0.000377824
0.935 0.00738021 0.0162452
0.94 0.0026635 0.0289251
0.945 0.00868244 0.0360069
0.95 0.0171875 0.0363293
0.955 0.0174999 0.0302625
0.96 -0.000221522 0.0195389
0.965 -0.030761 0.00673303
0.97 -0.0543036 -0.00546253
0.975 -0.0611103 -0.0149517
0.98 -0.0565036 -0.0206949
0.985 -0.0398264 -0.0228057
0.99 -0.00244446 -0.0222974
0.995 0.0460083 -0.0205714
1 0.0709898 -0.0188744
1.005 0.0497127 -0.0179888
1.01 0.00638842 -0.0182798
1.015 -0.0117344 -0.0200409
1.02 0.00267777 -0.0238948
1.025 0.0108089 -0.0308963
1.03 -0.0144387 -0.0421855
1.035 -0.0579359 -0.0583152
1.04 -0.0851627 -0.0785338
1.045 -0.0761296 -0.100328
1.05 -0.0341816 -0.119704
1.055 0.024156 -0.132269
1.06 0.0743061 -0.134415
1.065 0.097924 -0.124383
1.07 0.0996553 -0.102979
1.075 0.0894512 -0.073303
1.08 0.0600965 -0.0398442
1.085 0.00452947 -0.0075405
1.09 -0.0641328 0.019259
1.095 -0.12583 0.0376097
1.1 -0.16889 0.0461556
1.105 -0.183993 0.0451017
1.11 -0.157567 0.0361807
1.115 -0.0859323 0.0222721
1.12 0.00476905 0.00677739
1.125 0.0745175 -0.00699092
1.13 0.11013 -0.0164634
1.135 0.127316 -0.0203428
1.14 0.138917 -0.0188194
1.145 0.140206 -0.0136478
1.15 0.119429 -0.00794243
1.155 0.0774546 -0.00523602
1.16 0.0305947 -0.0079821
1.165 -0.00938576 -0.0162738
1.17 -0.0451598 -0.0274858
1.175 -0.0772243 -0.0371799
1.18 -0.095477 -0.0408976
1.185 -0.0961363 -0.0358092
1.19 -0.0943503 -0.0214725
1.195 -0.110026 0.000266555
1.2 -0.134304 0.0258492
1.205 -0.119177 0.0507319
1.21 -0.0262547 0.0701407
1.215 0.11354 0.0798836
1.22 0.219041 0.0771508
1.225 0.246307 0.0611098
1.23 0.216545 0.0332572
1.235 0.160947 -0.00245986
1.24 0.0873347 -0.0399007
1.245 0.00168858 -0.0715767
1.25 -0.073108 -0.0901677
1.255 -0.0873494 -0.0904789
1.26 -0.0123141 -0.0712395
1.265 0.0836487 -0.0360965
1.27 0.0763335 0.00663051
1.275 -0.0581818 0.0456317
1.28 -0.195157 0.0694385
1.285 -0.215123 0.0695534
1.29 -0.135239 0.0429777
1.295 -0.0404895 -0.00653068
1.3 0.0337565 -0.0689464
1.305 0.106848 -0.130164
1.31 0.200701 -0.175174
1.315 0.295579 -0.191442
1.32 0.330035 -0.171887
1.325 0.28259 -0.11667
1.33 0.226935 -0.0333287
1.335 0.245273 0.0645032
1.34 0.317554 0.159479
1.345 0.352434 0.233693
1.35 0.298909 0.272058
1.355 0.186026 0.265845
1.36 0.0585927 0.215205
1.365 -0.0887077 0.129152
1.37 -0.274288 0.0239054
1.375 -0.458007 -0.0803542
1.38 -0.558982 -0.164467
1.385 -0.514589 -0.214597
1.39 -0.332515 -0.22463
1.395 -0.0855745 -0.197051
1.4 0.140991 -0.141277
1.405 0.282342 -0.0695899
1.41 0.305008 0.00696326
1.415 0.246782 0.0811323
1.42 0.167339 0.14984
1.425 0.0978498 0.212225
1.43 0.0603703 0.266699
1.435 0.0601528 0.308841
1.44 0.0505793 0.331455
1.445 -0.028295 0.327106
1.45 -0.167956 0.291468
1.455 -0.29794 0.225853
1.46 -0.372793 0.13839
1.465 -0.39879 0.0430931
1.47 -0.370188 -0.0432324
1.475 -0.261112 -0.105017
1.48 -0.0922669 -0.131732
1.485 0.0594703 -0.120725
1.49 0.0903364 -0.0778234
1.495 -0.057075 -0.0147203
1.5 -0.304644 0.0558618
1.505 -0.431077 0.124796
1.51 -0.290873 0.189044
1.515 0.0102956 0.251251
1.52 0.237363 0.31666
1.525 0.292138 0.388092
1.53 0.22826 0.461749
1.535 0.133997 0.526456
1.54 0.089874 0.566206
1.545 0.161429 0.56463
1.55 0.299059 0.509489
1.555 0.379354 0.396716
1.56 0.35837 0.233522
1.565 0.296203 0.0385556
1.57 0.25771 -0.161346
1.575 0.251264 -0.337037
1.58 0.229886 -0.46375
1.585 0.131173 -0.527116
1.59 -0.0548884 -0.52724
1.595 -0.253752 -0.476524
1.6 -0.348399 -0.389388
1.605 -0.29019 -0.272975
1.61 -0.132006 -0.127629
1.615 0.0568585 0.0447877
1.62 0.269679 0.229927
1.625 0.455901 0.394694
1.63 0.498179 0.492881
1.635 0.367667 0.482468
1.64 0.189772 0.346486
1.645 0.0937381 0.106407
1.65 0.0787972 -0.180251
1.655 0.0835816 -0.439515
1.66 0.0371147 -0.609206
1.665 -0.0427881 -0.661414
1.67 -0.0645528 -0.608694
1.675 0.0151785 -0.494593
1.68 0.0965167 -0.372004
1.685 0.0374207 -0.279242
1.69 -0.160187 -0.228643
1.695 -0.301611 -0.208881
1.7 -0.181669 -0.19602
1.705 0.177514 -0.167757
1.71 0.50175 -0.113114
1.715 0.511339 -0.0342834
1.72 0.205434 0.0571445
1.725 -0.152813 0.146716
1.73 -0.345678 0.223598
1.735 -0.397151 0.283658
1.74 -0.438917 0.329403
1.745 -0.498647 0.369083
1.75 -0.50359 0.412251
1.755 -0.375961 0.46037
1.76 -0.12107 0.500816
1.765 0.119611 0.512235
1.77 0.209261 0.476989
1.775 0.145958 0.391571
1.78 0.00899025 0.271438
1.785 -0.135707 0.14688
1.79 -0.246655 0.0490498
1.795 -0.278269 -0.0037842
1.8 -0.184349 -0.0113832
1.805 0.0168423 0.0102085
1.81 0.180875 0.0366836
1.815 0.152352 0.0490876
1.82 -0.00662902 0.0448401
1.825 -0.0413015 0.0394041
1.83 0.192916 0.0582209
1.835 0.553187 0.12056
1.84 0.782432 0.222527
1.845 0.754883 0.331175
1.85 0.492655 0.395469
1.855 0.0901937 0.370506
1.86 -0.294476 0.24347
1.865 -0.518123 0.0444877
1.87 -0.597409 -0.165542
1.875 -0.654168 -0.320783
1.88 -0.686954 -0.376057
1.885 -0.571962 -0.323145
1.89 -0.271047 -0.191406
1.895 0.121636 -0.0332897
1.9 0.467552 0.0961186
1.905 0.648721 0.157151
1.91 0.618039 0.136611
1.915 0.393187 0.0477134
1.92 0.114365 -0.0803211
1.925 -0.0568168 -0.216456
1.93 -0.0556449 -0.34017
1.935 0.011223 -0.447645
1.94 -0.0137098 -0.547736
1.945 -0.142135 -0.64858
1.95 -0.262428 -0.747652
1.955 -0.281074 -0.832755
1.96 -0.212486 -0.885208
1.965 -0.111618 -0.881987
1.97 -0.0457816 -0.800967
1.975 -0.0620231 -0.629174
1.98 -0.118188 -0.371822
1.985 -0.0799586 -0.0601931
1.99 0.16072 0.248645
1.995 0.506504 0.486655
2 0.667862 0.597565
2.005 0.464422 0.562739
2.01 0.0293731 0.417871
2.015 -0.352182 0.236606
2.02 -0.492264 0.0958743
2.025 -0.385434 0.0514663
2.03 -0.194375 0.119849
2.035 -0.115203 0.270093
2.04 -0.203349 0.440702
2.045 -0.320805 0.567205
2.05 -0.378032 0.602468
2.055 -0.359099 0.531167
2.06 -0.288062 0.370945
2.065 -0.199967 0.158744
2.07 -0.0916217 -0.0604806
2.075 0.000301557 -0.241561
2.08 0.0406054 -0.351231
2.085 0.013903 -0.37796
2.09 0.00743409 -0.329842
2.095 0.116297 -0.223129
2.1 0.208107 -0.0705958
2.105 0.139991 0.120846
2.11 -0.0231405 0.339663
2.115 -0.0670373 0.556186
2.12 0.0735922 0.720353
2.125 0.202164 0.776411
2.13 0.0617292 0.685989
2.135 -0.392129 0.445
2.14 -0.915554 0.0882789
2.145 -1.15703 -0.315688
2.15 -1.0073 -0.67873
2.155 -0.652575 -0.917253
2.16 -0.314038 -0.983539
2.165 -0.0922998 -0.886101
2.17 -0.00678077 -0.682005
2.175 0.0264199 -0.448658
2.18 0.160287 -0.252117
2.185 0.402156 -0.125335
2.19 0.62056 -0.0646448
2.195 0.66535 -0.0411484
2.2 0.490831 -0.0188835
2.205 0.202263 0.0255687
2.21 0.0191753 0.0892062
2.215 0.0591816 0.142725
2.22 0.155696 0.14509
2.225 0.0398162 0.0642942
2.23 -0.29467 -0.105745
2.235 -0.563082 -0.339432
2.24 -0.501018 -0.586905
2.245 -0.113975 -0.790527
2.25 0.361614 -0.9035
2.255 0.583897 -0.904268
2.26 0.474323 -0.801169
2.265 0.25045 -0.626919
2.27 0.103938 -0.426694
2.275 0.0426352 -0.242965
2.28 0.0040292 -0.102551
2.285 -0.0582325 -0.0102238
2.29 -0.171302 0.0492802
2.295 -0.32906 0.0995054
2.3 -0.459993 0.15622
2.305 -0.471565 0.218148
2.31 -0.362153 0.268912
2.315 -0.222935 0.285399
2.32 -0.106697 0.247643
2.325 -0.0309031 0.147122
2.33 0.0105808 -0.0101161
2.335 0.0577584 -0.204754
2.34 0.13916 -0.406706
2.345 0.231544 -0.579507
2.35 0.168192 -0.687001
2.355 -0.111973 -0.70125
2.36 -0.409239 -0.611672
2.365 -0.504467 -0.43052
2.37 -0.383266 -0.188137
2.375 -0.213781 0.0788796
2.38 -0.136487 0.338494
2.385 -0.153208 0.565979
2.39 -0.199163 0.743226
2.395 -0.207353 0.858034
2.4 -0.129659 0.900968
2.405 0.0559298 0.863463
2.41 0.255851 0.735088
2.415 0.306882 0.507493
2.42 0.133976 0.191526
2.425 -0.138659 -0.170731
2.43 -0.323054 -0.51029
2.435 -0.346882 -0.747781
2.44 -0.239158 -0.824928
2.445 -0.0560165 -0.735241
2.45 0.124505 -0.52411
2.455 0.214205 -0.264154
2.46 0.147846 -0.0269165
2.465 -0.0519833 0.142103
2.47 -0.244282 0.233245
2.475 -0.304195 0.259311
2.48 -0.240794 0.234079
2.485 -0.121572 0.160731
2.49 0.0424257 0.0346037
2.495 0.231224 -0.143285
2.5 0.366133 -0.352827
2.505 0.415075 -0.553788
2.51 0.42823 -0.697615
2.515 0.414333 -0.74458
2.52 0.306008 -0.680122
2.525 0.100166 -0.524069
2.53 -0.0709799 -0.32682
2.535 -0.0527362 -0.151372
2.54 0.159781 -0.0469475
2.545 0.363799 -0.0272359
2.55 0.337111 -0.0669451
2.555 0.0694512 -0.119282
2.56 -0.233378 -0.142423
2.565 -0.360066 -0.118315
2.57 -0.264198 -0.0555568
2.575 -0.0462542 0.0205431
2.58 0.146268 0.0825936
2.585 0.175033 0.113
2.59 0.00687721 0.109463
2.595 -0.236353 0.0840924
2.6 -0.395649 0.0565327
2.605 -0.416045 0.0428314
2.61 -0.349734 0.046581
2.615 -0.249742 0.0587227
2.62 -0.0470695 0.0650895
2.625 0.130741 0.0557608
2.63 0.140657 0.0312086
2.635 0.00668137 0.00302575
2.64 -0.123997 -0.0102555
2.645 -0.219172 0.00963753
2.65 -0.33899 0.0723183
2.655 -0.469057 0.172104
2.66 -0.489834 0.287756
2.665 -0.315907 0.390736
2.67 -0.0327224 0.457665
2.675 0.181821 0.478927
2.68 0.24141 0.459111
2.685 0.162805 0.411927
2.69 -0.0429263 0.353763
2.695 -0.339095 0.298605
2.7 -0.570919 0.256525
2.705 -0.60468 0.233997
2.71 -0.492307 0.233026
2.715 -0.332632 0.251478
2.72 -0.144369 0.286152
2.725 0.0307115 0.333666
2.73 0.132302 0.387358
2.735 0.206182 0.435095
2.74 0.362816 0.461251
2.745 0.639283 0.452054
2.75 0.948012 0.402189
2.755 1.07438 0.319156
2.76 0.99246 0.222116
2.765 0.903124 0.134805
2.77 0.856792 0.074814
2.775 0.852551 0.0437247
2.78 0.809806 0.0236657
2.785 0.685792 -0.0165239
2.79 0.545184 -0.107283
2.795 0.479194 -0.262129
2.8 0.527771 -0.466578
2.805 0.674975 -0.678066
2.81 0.832752 -0.839246
2.815 0.94821 -0.902107
2.82 1.03101 -0.852615
2.825 1.10316 -0.718685
2.83 1.1544 -0.551817
2.835 1.10821 -0.396986
2.84 0.967335 -0.274225
2.845 0.797351 -0.178348
2.85 0.713344 -0.0914062
2.855 0.713322 -0.000996817
2.86 0.692216 0.0864079
2.865 0.597214 0.146073
2.87 0.538259 0.148565
2.875 0.626459 0.0781175
2.88 0.824751 -0.0540468
2.885 1.00164 -0.20908
2.89 1.05878 -0.334652
2.895 1.0157 -0.388772
2.9 0.969252 -0.360863
2.905 0.956896 -0.275788
2.91 0.965009 -0.176478
2.915 0.934207 -0.0966739
2.92 0.843358 -0.0421751
2.925 0.737091 0.00934934
2.93 0.667922 0.0942093
2.935 0.651119 0.245047
2.94 0.637996 0.473745
2.945 0.56738 0.76255
2.95 0.413219 1.06865
2.955 0.189419 1.33527
2.96 -0.0570885 1.51034
2.965 -0.227054 1.56802
2.97 -0.207223 1.51689
2.975 -0.128972 1.39048
2.98 -0.0808872 1.23259
2.985 -0.0521959 1.08891
2.99 0.0358751 1.00078
2.995 0.18495 0.994036
3 0.252692 1.06629
3.005 0.119844 1.18228
3.01 -0.117718 1.28452
3.015 -0.257527 1.3188
3.02 -0.231917 1.26193
3.025 -0.113049 1.13518
3.03 0.0423464 0.996715
3.035 0.21399 0.915323
3.04 0.352658 0.935255
3.045 0.526651 1.05151
3.05 0.605071 1.21417
3.055 0.551449 1.35878
3.06 0.434284 1.44115
3.065 0.331578 1.455
3.07 0.306293 1.4234
3.075 0.337516 1.37373
3.08 0.389034 1.31865
3.085 0.445438 1.25776
3.09 0.532632 1.19175
3.095 0.635499 1.12897
3.1 0.684843 1.07849
3.105 0.640458 1.0418
3.11 0.56154 1.01226
3.115 0.546186 0.982051
3.12 0.609087 0.951293
3.125 0.661158 0.930376
3.13 0.601701 0.932758
3.135 0.444461 0.965913
3.14 0.266713 1.02625
3.145 0.116384 1.0973
3.15 0.00133722 1.15282
3.155 -0.0628803 1.16788
3.16 -0.0684175 1.13249
3.165 -0.0473866 1.05628
3.17 -0.0503903 0.958806
3.175 -0.103234 0.853194
3.18 -0.156484 0.737017
3.185 -0.197628 0.598723
3.19 -0.18545 0.434191
3.195 -0.107364 0.25884
3.2 0.0113884 0.105257
3.205 0.0593032 0.00847354
3.21 -0.039068 -0.0155779
3.215 -0.226426 0.0191811
3.22 -0.473691 0.0831156
3.225 -0.715501 0.149575
3.23 -0.892438 0.203507
3.235 -1.0477 0.246699
3.24 -1.16182 0.292339
3.245 -1.14065 0.345791
3.25 -1.12578 0.394321
3.255 -1.0589 0.417182
3.26 -1.15009 0.403635
3.265 -1.24256 0.367785
3.27 -1.40929 0.348847
3.275 -1.4535 0.389231
3.28 -1.44496 0.507724
3.285 -1.3535 0.689861
3.29 -1.21405 0.894546
3.295 -1.11117 1.06946
3.3 -0.965638 1.17212
3.305 -0.938273 1.18527
3.31 -0.922174 1.11996
3.315 -0.909164 1.01403
3.32 -0.95972 0.917898
3.325 -0.949469 0.870064
3.33 -0.916835 0.879947
3.335 -0.869674 0.926989
3.34 -0.762138 0.970604
3.345 -0.540988 0.970155
3.35 -0.277584 0.907301
3.355 0.073247 0.79175
3.36 0.579654 0.648105
3.365 1.33516 0.498464
3.37 2.19242 0.349949
3.375 2.74195 0.193692
3.38 2.62502 0.0206772
3.385 2.30039 -0.158325
3.39 2.14425 -0.313336
3.395 1.98327 -0.415843
3.4 1.70845 -0.458758
3.405 1.34155 -0.463609
3.41 0.974177 -0.466542
3.415 0.601864 -0.492785
3.42 0.239836 -0.547068
3.425 -0.111498 -0.62171
3.43 -0.409959 -0.704798
3.435 -0.594304 -0.786344
3.44 -0.635871 -0.863749
3.445 -0.616356 -0.941693
3.45 -0.618471 -1.02669
3.455 -0.629859 -1.12115
3.46 -0.685552 -1.21822
3.465 -0.844351 -1.30423
3.47 -1.0104 -1.37186
3.475 -1.09456 -1.41565
3.48 -1.39777 -1.43146
3.485 -1.29722 -1.42558
3.49 -0.784694 -1.41638
3.495 -0.0459115 -1.42407
3.5 0.624072 -1.46026
3.505 0.968553 -1.52061
3.51 1.08376 -1.58407
3.515 1.13808 -1.62638
3.52 1.11658 -1.63572
3.525 0.896073 -1.6152
3.53 0.742933 -1.57879
3.535 0.771383 -1.54564
3.54 0.972806 -1.53076
3.545 1.20715 -1.53809
3.55 1.31363 -1.55857
3.555 1.20931 -1.57551
3.56 0.93954 -1.57689
3.565 0.666639 -1.55643
3.57 0.519982 -1.51674
3.575 0.407278 -1.47031
3.58 0.305927 -1.42615
3.585 0.106998 -1.37531
3.59 -0.222398 -1.28762
3.595 -0.583766 -1.11856
3.6 -0.796971 -0.82958
3.605 -1.08463 -0.420316
3.61 -1.01836 0.0494811
3.615 -0.886113 0.476408
3.62 -0.976814 0.762427
3.625 -1.23808 0.855019
3.63 -1.51643 0.751618
3.635 -1.69641 0.475495
3.64 -1.69887 0.060934
3.645 -1.62239 -0.435268
3.65 -1.57248 -0.91576
3.655 -1.67735 -1.24648
3.66 -1.86905 -1.30015
3.665 -2.0535 -1.02637
3.67 -2.18659 -0.501738
3.675 -2.2334 0.077303
3.68 -2.2437 0.465289
3.685 -2.27778 0.474312
3.69 -2.30392 0.072809
3.695 -2.3427 -0.582146
3.7 -2.3351 -1.21099
3.705 -2.26177 -1.54207
3.71 -2.16401 -1.43777
3.715 -2.13928 -0.95779
3.72 -2.15383 -0.327992
3.725 -2.26645 0.173373
3.73 -2.45304 0.354756
3.735 -2.63439 0.204043
3.74 -2.76152 -0.113771
3.745 -2.84636 -0.354687
3.75 -2.93196 -0.335056
3.755 -2.93253 -0.0310765
3.76 -2.81854 0.416918
3.765 -2.64036 0.791317
3.77 -2.35793 0.920225
3.775 -1.94742 0.770228
3.78 -1.35985 0.456454
3.785 -0.676744 0.159265
3.79 0.0543494 0.00835112
3.795 0.756225 0.0131413
3.8 1.2729 0.0706291
3.805 1.4972 0.0389285
3.81 1.16491 -0.167891
3.815 0.510712 -0.525426
3.82 0.26228 -0.914723
3.825 0.488038 -1.18944
3.83 0.812676 -1.25837
3.835 1.12416 -1.13963
3.84 1.29474 -0.951251
3.845 1.28188 -0.847255
3.85 1.2455 -0.935984
3.855 1.3023 -1.2207
3.86 1.51316 -1.59869
3.865 1.70227 -1.91653
3.87 1.86218 -2.05058
3.875 1.99798 -1.99505
3.88 2.10275 -1.82462
3.885 2.13315 -1.67328
3.89 2.12182 -1.63097
3.895 2.19533 -1.69872
3.9 2.30607 -1.8123
3.905 2.54861 -1.8925
3.91 2.86012 -1.89717
3.915 3.04872 -1.84038
3.92 3.18751 -1.76118
3.925 3.1006 -1.68643
3.93 3.06243 -1.62249
3.935 2.93703 -1.56383
3.94 2.94642 -1.5049
3.945 2.84527 -1.44506
3.95 2.79198 -1.37949
3.955 2.58768 -1.2921
3.96 2.49426 -1.16344
3.965 2.29487 -0.987216
3.97 2.02738 -0.788796
3.975 1.77945 -0.628315
3.98 1.43344 -0.566187
3.985 1.08964 -0.614515
3.99 0.767903 -0.725899
3.995 0.484807 -0.826942
4 0.231173 -0.865675
4.005 0.049129 -0.847077
4.01 -0.0800985 -0.832555
4.015 -0.164184 -0.895657
4.02 -0.216501 -1.06918
4.025 -0.194291 -1.32317
4.03 -0.200065 -1.58083
4.035 -0.334916 -1.76182
4.04 -0.536685 -1.82672
4.045 -0.7427 -1.78523
4.05 -0.913671 -1.66343
4.055 -1.03803 -1.46489
4.06 -1.17275 -1.15809
4.065 -1.34395 -0.701568
4.07 -1