0.005 5.3267e-08 -18.2546 2.96371e-14
0.01 3.14002e-07 -18.2555 -8.65096e-13
0.015 5.04374e-07 -18.2575 1.73609e-12
0.02 1.7825e-07 -18.2606 -1.17944e-12
0.025 -4.13182e-07 -18.265 -1.53844e-14
0.03 -6.25925e-07 -18.2703 -3.35173e-13
0.035 -1.88639e-06 -18.2763 -6.05893e-13
0.04 1.36521e-05 -18.2827 1.49049e-12
0.045 1.52739e-05 -18.2895 -2.36211e-12
0.05 -1.51819e-06 -18.2964 7.85038e-14
0.055 3.93622e-05 -18.3032 -6.75736e-14
0.06 6.62094e-06 -18.3094 -3.31959e-14
0.065 -2.26027e-05 -18.3147 -2.37941e-13
0.07 8.47204e-06 -18.3184 -8.79002e-13
0.075 -1.27196e-05 -18.3201 8.32672e-13
0.08 1.47839e-05 -18.3194 -6.90459e-13
0.085 -9.0802e-06 -18.3161 -9.66844e-13
0.09 -7.40138e-06 -18.3108 -4.68971e-13
0.095 9.18986e-06 -18.304 1.21127e-12
0.1 -9.68094e-06 -18.2962 -7.38134e-13
0.105 1.30424e-05 -18.2879 1.08916e-12
0.11 -5.71752e-06 -18.2793 -4.37432e-14
0.115 1.61117e-06 -18.2709 -4.03055e-13
0.12 4.08389e-07 -18.2628 8.06311e-13
0.125 -2.34172e-06 -18.2554 1.79568e-13
0.13 4.80403e-06 -18.2485 -3.74106e-13
0.135 -3.94431e-06 -18.2425 -3.9499e-13
0.14 7.3117e-06 -18.2373 3.24092e-13
0.145 1.08371e-06 -18.2329 1.1238e-12
0.15 7.44746e-06 -18.229 -8.51345e-14
0.155 2.29218e-05 -18.2259 -7.41928e-13
0.16 5.03637e-05 -18.2233 -1.29264e-12
0.165 0.000100169 -18.2207 7.78811e-13
0.17 0.000147271 -18.2174 2.6267e-13
0.175 0.000140739 -18.2141 -9.00854e-13
0.18 2.74182e-05 -18.2109 1.52021e-12
0.185 -0.000164142 -18.2075 3.37142e-13
0.19 -0.000547496 -18.2042 -1.03461e-12
0.195 -0.000895228 -18.2013 2.06574e-13
0.2 -0.00117046 -18.1992 -1.84215e-12
0.205 -0.00173794 -18.1988 5.91367e-14
0.21 -0.00271705 -18.2003 -1.33419e-13
0.215 -0.00453916 -18.2031 1.84838e-12
0.22 -0.00668252 -18.2074 -1.47682e-12
0.225 -0.00860175 -18.2131 6.46781e-13
0.23 -0.0109722 -18.2196 -4.8828e-13
0.235 -0.0138118 -18.2267 -4.78367e-14
0.24 -0.0169445 -18.2342 1.1442e-12
0.245 -0.0200886 -18.2411 1.47713e-13
0.25 -0.0235103 -18.2469 -1.15599e-12
0.255 -0.0275888 -18.2525 1.09064e-12
0.26 -0.0317036 -18.2578 1.55979e-13
0.265 -0.0360649 -18.2623 -8.22856e-13
0.27 -0.0409366 -18.2661 2.07331e-12
0.275 -0.0466241 -18.2697 -5.71904e-13
0.28 -0.052789 -18.2736 -2.04711e-13
0.285 -0.058803 -18.2774 6.9128e-13
0.29 -0.0650144 -18.281 -8.78839e-13
0.295 -0.0715378 -18.2851 -2.36478e-14
0.3 -0.0783429 -18.2895 -9.80882e-14
0.305 -0.0852157 -18.2936 4.77701e-13
0.31 -0.0925744 -18.2972 -8.72136e-13
0.315 -0.100424 -18.3003 1.62545e-12
0.32 -0.108346 -18.3024 -1.92268e-12
0.325 -0.116477 -18.3029 1.51662e-12
0.33 -0.125092 -18.3019 -8.60478e-13
0.335 -0.133998 -18.2997 5.42344e-14
0.34 -0.142649 -18.296 2.15938e-13
0.345 -0.151407 -18.2906 -9.05387e-13
0.35 -0.160499 -18.2846 -2.52298e-13
0.355 -0.169853 -18.2784 -4.78728e-13
0.36 -0.179479 -18.2721 6.28331e-13
0.365 -0.189422 -18.2657 8.88734e-14
0.37 -0.199641 -18.2598 1.40554e-13
0.375 -0.209801 -18.2543 6.20726e-13
0.38 -0.219934 -18.2489 -1.44607e-12
0.385 -0.230077 -18.2435 5.47895e-13
0.39 -0.240458 -18.2381 2.10831e-13
0.395 -0.251062 -18.2331 -7.10543e-14
0.4 -0.26165 -18.2286 -3.94573e-13
0.405 -0.272377 -18.2244 -7.07878e-13
0.41 -0.28323 -18.2205 4.72622e-13
0.415 -0.294278 -18.2172 1.01119e-12
0.42 -0.305237 -18.2141 -4.64961e-13
0.425 -0.31611 -18.2111 9.25926e-14
0.43 -0.327288 -18.2083 1.55387e-12
0.435 -0.338605 -18.2058 -2.15294e-12
0.44 -0.350055 -18.2039 9.10383e-14
0.445 -0.361647 -18.2028 -2.33147e-14
0.45 -0.373257 -18.2025 1.14686e-12
0.455 -0.384891 -18.2026 2.10387e-13
0.46 -0.396575 -18.2037 -7.32747e-14
0.465 -0.408302 -18.206 -9.40359e-14
0.47 -0.419981 -18.2095 -1.13987e-12
0.475 -0.432018 -18.2136 -1.14109e-12
0.48 -0.444557 -18.2184 1.32072e-12
0.485 -0.457275 -18.2243 9.56568e-13
0.49 -0.470392 -18.2307 5.05374e-13
0.495 -0.483824 -18.2375 7.73825e-13
0.5 -0.497375 -18.245 -5.83977e-14
0.505 -0.510842 -18.2529 1.88205e-12
0.51 -0.524376 -18.2612 -7.39409e-13
0.515 -0.538081 -18.2697 -1.24944e-12
0.52 -0.551447 -18.2778 -6.90559e-14
0.525 -0.564909 -18.2857 4.48308e-13
0.53 -0.578482 -18.2935 3.52829e-13
0.535 -0.591811 -18.3006 -1.5854e-13
0.54 -0.605184 -18.3065 -1.08114e-12
0.545 -0.618532 -18.3113 1.6589e-12
0.55 -0.632402 -18.3146 -9.72111e-13
0.555 -0.646797 -18.3156 1.34204e-12
0.56 -0.66123 -18.3148 3.70592e-13
0.565 -0.67569 -18.313 -2.40186e-12
0.57 -0.689648 -18.3096 2.13807e-12
0.575 -0.703517 -18.3049 -1.13687e-13
0.58 -0.717622 -18.2996 -1.72462e-12
0.585 -0.731823 -18.2942 -4.18332e-13
0.59 -0.745988 -18.2887 -5.49116e-13
0.595 -0.759675 -18.2833 -5.91971e-13
0.6 -0.773416 -18.2776 -5.34461e-13
0.605 -0.786682 -18.2709 9.38361e-13
0.61 -0.799526 -18.2648 9.77884e-13
0.615 -0.81244 -18.2603 6.30385e-13
0.62 -0.824532 -18.2557 -8.33333e-13
0.625 -0.837229 -18.2509 -2.78888e-13
0.63 -0.850246 -18.2473 4.85834e-13
0.635 -0.862915 -18.2431 -1.0596e-12
0.64 -0.87589 -18.2365 6.07514e-13
0.645 -0.888278 -18.2296 -1.23723e-12
0.65 -0.900327 -18.223 -5.03597e-13
0.655 -0.912103 -18.2157 -1.4091e-12
0.66 -0.924116 -18.2091 1.33582e-12
0.665 -0.93641 -18.2032 -8.93507e-13
0.67 -0.948374 -18.1981 5.66214e-13
0.675 -0.960184 -18.1953 2.21201e-12
0.68 -0.97152 -18.1939 -6.03961e-14
0.685 -0.982327 -18.1936 8.41993e-13
0.69 -0.992612 -18.1951 -1.29186e-12
0.695 -1.00266 -18.1983 1.6902e-12
0.7 -1.01246 -18.2024 -7.46514e-13
0.705 -1.02178 -18.2066 -1.64313e-13
0.71 -1.03123 -18.2113 -9.18376e-13
0.715 -1.04025 -18.216 1.22435e-12
0.72 -1.04825 -18.2199 2.12275e-12
0.725 -1.05571 -18.2247 9.14824e-13
0.73 -1.06261 -18.2301 -1.22569e-13
0.735 -1.069 -18.235 1.79678e-12
0.74 -1.07472 -18.2413 1.06049e-12
0.745 -1.07989 -18.2488 -1.88338e-12
0.75 -1.08496 -18.2563 3.28626e-13
0.755 -1.08984 -18.2634 1.10445e-12
0.76 -1.09487 -18.2694 3.45945e-13
0.765 -1.09999 -18.2754 -6.03517e-13
0.77 -1.10452 -18.2819 -1.52234e-12
0.775 -1.10828 -18.2872 -1.50191e-12
0.78 -1.11151 -18.2916 5.55112e-13
0.785 -1.11457 -18.296 1.39044e-12
0.79 -1.11796 -18.2995 9.39693e-13
0.795 -1.12213 -18.3027 -2.43805e-13
0.8 -1.12678 -18.306 -2.18048e-13
0.805 -1.1317 -18.3089 -7.11431e-13
0.81 -1.13712 -18.3106 -3.5616e-13
0.815 -1.14266 -18.3105 2.70894e-13
0.82 -1.14758 -18.3084 -1.33493e-12
0.825 -1.15149 -18.3045 2.93987e-13
0.83 -1.15466 -18.2994 7.43849e-13
0.835 -1.15743 -18.2934 -4.44089e-16
0.84 -1.15993 -18.2871 8.60645e-13
0.845 -1.16225 -18.2803 3.89022e-13
0.85 -1.16379 -18.2726 8.88178e-16
0.855 -1.1641 -18.2644 -1.02851e-12
0.86 -1.16353 -18.257 -2.13163e-12
0.865 -1.16218 -18.2508 2.57572e-13
0.87 -1.16035 -18.2449 -2.6068e-13
0.875 -1.15844 -18.2382 -7.63833e-14
0.88 -1.15643 -18.2311 5.4623e-13
0.885 -1.15412 -18.2242 6.51923e-13
0.89 -1.15146 -18.2171 4.26326e-13
0.895 -1.14883 -18.2101 -5.56e-13
0.9 -1.14619 -18.2042 -1.98597e-12
0.905 -1.14335 -18.1994 -2.19513e-12
0.91 -1.14049 -18.1953 1.56675e-12
0.915 -1.13756 -18.1927 8.97948e-13
0.92 -1.13429 -18.1914 -1.73994e-12
0.925 -1.1306 -18.1912 -5.0715e-13
0.93 -1.12668 -18.1932 8.74856e-13
0.935 -1.12234 -18.197 1.20259e-12
0.94 -1.11742 -18.2014 6.59917e-13
0.945 -1.11212 -18.2061 -6.29718e-13
0.95 -1.10649 -18.2115 -8.52651e-14
0.955 -1.10043 -18.2171 -1.53655e-13
0.96 -1.09389 -18.2227 -3.99236e-13
0.965 -1.08694 -18.2285 2.43361e-13
0.97 -1.07952 -18.2344 1.95088e-12
0.975 -1.07161 -18.2403 5.71099e-13
0.98 -1.06335 -18.2468 -8.5798e-13
0.985 -1.05494 -18.2534 -4.88498e-14
0.99 -1.0466 -18.2597 -1.15108e-12
0.995 -1.03848 -18.2654 7.91811e-13
1 -1.03056 -18.2701 6.39933e-13
1.005 -1.02267 -18.2732 1.73195e-14
1.01 -1.0145 -18.2758 -2.61569e-13
1.015 -1.00578 -18.2799 2.16271e-13
1.02 -0.996513 -18.2863 1.26787e-12
1.025 -0.987071 -18.2922 -1.10134e-12
1.03 -0.978244 -18.2936 5.75984e-13
1.035 -0.970247 -18.2914 -5.09814e-13
1.04 -0.963227 -18.2853 1.72351e-12
1.045 -0.958952 -18.2728 1.54099e-13
1.05 -0.957737 -18.2579 1.71552e-12
1.055 -0.956827 -18.2477 -6.21725e-15
1.06 -0.955221 -18.2449 9.80105e-13
1.065 -0.955615 -18.2486 1.11156e-12
1.07 -0.95903 -18.2573 -7.72715e-13
1.075 -0.96257 -18.2653 8.63309e-13
1.08 -0.964358 -18.2687 -2.65121e-13
1.085 -0.964797 -18.2692 1.57074e-12
1.09 -0.964399 -18.267 -1.79279e-12
1.095 -0.963843 -18.2621 3.90799e-13
1.1 -0.964112 -18.2564 -2.46914e-13
1.105 -0.964582 -18.2494 -9.76996e-14
1.11 -0.964567 -18.2415 7.77156e-14
1.115 -0.964663 -18.2344 -9.41913e-13
1.12 -0.964438 -18.2257 5.96412e-13
1.125 -0.963738 -18.2157 -6.95444e-13
1.13 -0.962746 -18.2068 -2.45581e-12
1.135 -0.961511 -18.1982 -7.49178e-13
1.14 -0.959607 -18.1901 -7.60281e-13
1.145 -0.95683 -18.184 -8.95728e-13
1.15 -0.954057 -18.1803 -4.37428e-13
1.155 -0.951386 -18.1788 8.89955e-13
1.16 -0.948889 -18.1787 -6.96332e-13
1.165 -0.946818 -18.1799 9.53904e-13
1.17 -0.945191 -18.1826 2.63789e-13
1.175 -0.943821 -18.1868 1.09512e-12
1.18 -0.942346 -18.1924 -9.27258e-13
1.185 -0.940656 -18.1992 -2.46025e-13
1.19 -0.938654 -18.2063 -1.9984e-14
1.195 -0.936541 -18.2128 -4.14779e-13
1.2 -0.934308 -18.2182 9.72111e-13
1.205 -0.931866 -18.2224 2.43805e-13
1.21 -0.930394 -18.2241 7.30971e-13
1.215 -0.928276 -18.2208 -1.30562e-13
1.22 -0.923011 -18.2163 -2.63345e-13
1.225 -0.916671 -18.2186 2.26041e-13
1.23 -0.910091 -18.2255 -7.52731e-13
1.235 -0.903001 -18.23 -4.17888e-13
1.24 -0.896325 -18.2351 1.27987e-12
1.245 -0.891028 -18.2431 1.18128e-13
1.25 -0.887169 -18.2497 9.29035e-13
1.255 -0.882923 -18.2534 -2.81108e-13
1.26 -0.877591 -18.2558 4.23661e-13
1.265 -0.870532 -18.2575 -1.02851e-12
1.27 -0.861441 -18.2585 -4.03677e-13
1.275 -0.851309 -18.2589 1.87006e-12
1.28 -0.840958 -18.2595 -6.59917e-13
1.285 -0.831228 -18.2623 -8.47322e-13
1.29 -0.822594 -18.2672 -8.49987e-13
1.295 -0.815512 -18.2731 1.32383e-12
1.3 -0.810127 -18.2806 1.4162e-12
1.305 -0.80576 -18.2872 -1.14175e-12
1.31 -0.799201 -18.2845 -1.6771e-12
1.315 -0.795113 -18.2663 5.63993e-14
1.32 -0.795703 -18.2475 4.82059e-13
1.325 -0.794441 -18.247 -9.56124e-13
1.33 -0.792734 -18.2486 -1.10223e-12
1.335 -0.789512 -18.2346 6.42375e-13
1.34 -0.791238 -18.2164 -6.35048e-13
1.345 -0.792711 -18.1785 -1.68487e-12
1.35 -0.783085 -18.1155 1.50546e-13
1.355 -0.769329 -18.0887 1.17018e-12
1.36 -0.751989 -18.1117 1.93356e-12
1.365 -0.736704 -18.1263 7.18314e-13
1.37 -0.722035 -18.1243 6.51923e-13
1.375 -0.706895 -18.136 -9.54348e-13
1.38 -0.695452 -18.1562 -2.02061e-13
1.385 -0.683431 -18.1683 -1.02141e-13
1.39 -0.674371 -18.1826 -3.01315e-13
1.395 -0.667325 -18.2138 -4.94271e-13
1.4 -0.659338 -18.2583 -5.42455e-13
1.405 -0.651883 -18.291 -7.72049e-13
1.41 -0.644809 -18.2948 -9.32587e-14
1.415 -0.637959 -18.2903 -1.17484e-12
1.42 -0.626244 -18.2832 1.5099e-13
1.425 -0.606879 -18.2555 -1.2752e-12
1.43 -0.578022 -18.2212 -1.38289e-12
1.435 -0.544284 -18.17 2.35367e-14
1.44 -0.512471 -18.0857 -8.22009e-13
1.445 -0.482663 -18.0428 -1.54676e-12
1.45 -0.457414 -18.0686 1.14242e-12
1.455 -0.42595 -18.0963 -3.67706e-13
1.46 -0.386917 -18.1188 1.27276e-12
1.465 -0.350474 -18.1376 -1.87916e-12
1.47 -0.318219 -18.1194 1.74816e-12
1.475 -0.289136 -18.0938 -9.00946e-13
1.48 -0.257405 -18.0991 1.26898e-12
1.485 -0.226333 -18.1253 -2.26263e-13
1.49 -0.194601 -18.1545 1.30135e-12
1.495 -0.160426 -18.1617 -1.49286e-12
1.5 -0.127506 -18.1436 -1.37335e-13
1.505 -0.0926227 -18.1162 2.26152e-12
1.51 -0.0545653 -18.0591 -2.93909e-12
1.515 -0.0103952 -17.9728 1.13676e-12
1.52 0.0500104 -17.9293 4.98324e-13
1.525 0.125405 -17.9476 7.44849e-13
1.53 0.210331 -17.9092 -1.18583e-12
1.535 0.30543 -17.7487 -4.80893e-13
1.54 0.392715 -17.6463 3.86968e-13
1.545 0.469209 -17.7385 1.98336e-12
1.55 0.548849 -17.8549 -3.32068e-13
1.555 0.639317 -17.9072 -9.67115e-13
1.56 0.734583 -18.0135 1.40443e-12
1.565 0.820723 -18.1412 1.24611e-12
1.57 0.907134 -18.1995 -1.92668e-12
1.575 1.00462 -18.1922 3.88134e-13
1.58 1.10967 -18.1085 -1.38112e-13
1.585 1.20476 -17.9813 -8.02913e-13
1.59 1.26899 -17.8967 -1.2319e-12
1.595 1.30204 -17.8803 -5.91527e-13
1.6 1.33904 -17.8928 2.2915e-13
1.605 1.38885 -17.9079 -1.25233e-13
1.61 1.44365 -17.9387 4.24549e-13
1.615 1.51518 -17.97 -2.26841e-12
1.62 1.59053 -18.003 1.73417e-12
1.625 1.67554 -18.0588 -4.04121e-13
1.63 1.77318 -18.0854 3.41061e-13
1.635 1.84486 -18.0818 1.05471e-12
1.64 1.86654 -18.0854 -7.73159e-13
1.645 1.89911 -18.0593 -1.50546e-12
1.65 1.9719 -18.0279 -1.12088e-12
1.655 2.03809 -18.0041 1.43618e-12
1.66 2.09204 -17.9234 1.53655e-13
1.665 2.15362 -17.8162 -7.40741e-13
1.67 2.208 -17.7306 1.45484e-12
1.675 2.2269 -17.6602 -1.12266e-12
1.68 2.22534 -17.6399 4.61853e-14
1.685 2.20582 -17.6432 3.17968e-13
1.69 2.20335 -17.6225 -8.52651e-14
1.695 2.23724 -17.6475 -1.17151e-12
1.7 2.26962 -17.7067 4.12115e-13
1.705 2.28435 -17.7665 6.53699e-13
1.71 2.29162 -17.8654 1.19194e-12
1.715 2.3113 -17.9254 -9.89431e-13
1.72 2.32113 -17.9313 -1.0596e-12
1.725 2.32254 -17.9664 5.98632e-13
1.73 2.3273 -17.9685 -1.15463e-12
1.735 2.31195 -17.8816 1.03029e-12
1.74 2.27999 -17.7469 5.16032e-13
1.745 2.26721 -17.6042 -1.9158e-12
1.75 2.29927 -17.5251 -8.22453e-13
1.755 2.36469 -17.5173 -1.95399e-14
1.76 2.4452 -17.498 -2.49578e-13
1.765 2.517 -17.4879 1.84652e-12
1.77 2.55893 -17.5587 1.60938e-12
1.775 2.58915 -17.6761 9.34364e-13
1.78 2.62732 -17.7905 -8.88178e-14
1.785 2.66856 -17.9141 -6.76792e-13
1.79 2.71139 -18.0354 -3.73035e-13
1.795 2.77174 -18.1049 5.20473e-13
1.8 2.84777 -18.1143 -1.19282e-12
1.805 2.91787 -18.1049 -1.90958e-13
1.81 2.97728 -18.1119 -1.21148e-12
1.815 3.02782 -18.1332 3.4639e-13
1.82 3.06809 -18.1417 5.08038e-13
1.825 3.10415 -18.1052 -1.33227e-12
1.83 3.14862 -18.0033 5.06262e-13
1.835 3.20631 -17.8587 6.35048e-13
1.84 3.27538 -17.7372 -1.35891e-13
1.845 3.36375 -17.6791 -2.62901e-13
1.85 3.45971 -17.6668 -3.8991e-13
1.855 3.53287 -17.6652 8.13571e-13
1.86 3.58682 -17.6643 -1.75682e-12
1.865 3.64036 -17.6964 1.28075e-12
1.87 3.69737 -17.7991 7.51399e-13
1.875 3.75125 -17.9465 -1.27542e-12
1.88 3.80517 -18.0704 1.59162e-12
1.885 3.86864 -18.1354 5.04485e-13
1.89 3.93395 -18.1403 -8.88178e-13
1.895 3.99581 -18.0923 -7.95808e-13
1.9 4.05308 -18.009 5.18696e-13
1.905 4.10093 -17.9076 -1.75859e-13
1.91 4.13789 -17.8083 -2.59348e-13
1.915 4.167 -17.7456 -1.0516e-12
1.92 4.19126 -17.7344 2.46914e-13
1.925 4.20716 -17.7415 4.26326e-14
1.93 4.21336 -17.7253 1.16884e-12
1.935 4.21139 -17.6605 -1.9007e-13
1.94 4.18464 -17.5437 6.57252e-13
1.945 4.13529 -17.3646 2.15294e-12
1.95 4.08513 -17.1655 -1.34293e-12
1.955 4.0169 -17.114 -5.00933e-13
1.96 3.95309 -17.2164 1.49569e-12
1.965 3.92679 -17.3215 1.16174e-12
1.97 3.90275 -17.4561 -6.32383e-13
1.975 3.86178 -17.6201 1.28608e-12
1.98 3.8263 -17.6763 -9.13047e-13
1.985 3.80494 -17.6316 2.61124e-13
1.99 3.76236 -17.5549 2.02505e-13
1.995 3.71787 -17.4653 6.39488e-14
2 3.6823 -17.4213 -7.63833e-14
2.005 3.6019 -17.3802 -6.27054e-13
2.01 3.49886 -17.2626 -2.16716e-13
2.015 3.43809 -17.1998 7.31859e-13
2.02 3.43422 -17.2857 -9.41469e-14
2.025 3.40991 -17.4049 -6.16396e-13
2.03 3.3402 -17.4939 6.75016e-14
2.035 3.29004 -17.5624 -6.03961e-13
2.04 3.27135 -17.6087 6.75016e-13
2.045 3.26735 -17.6636 -7.40741e-13
2.05 3.25928 -17.7114 1.30562e-12
2.055 3.24598 -17.7458 -1.24878e-12
2.06 3.21526 -17.8373 -8.09131e-13
2.065 3.1781 -17.935 1.12443e-12
2.07 3.15886 -17.9287 -6.98108e-13
2.075 3.13492 -17.8436 4.26326e-13
2.08 3.11289 -17.7185 -1.67155e-12
2.085 3.08656 -17.5774 -7.42517e-13
2.09 3.04867 -17.4981 -9.45022e-13
2.095 3.005 -17.504 -1.70708e-12
2.1 2.95758 -17.5495 6.82121e-13
2.105 2.91674 -17.6201 4.70735e-14
2.11 2.87897 -17.742 -2.25686e-12
2.115 2.86083 -17.9125 -4.68958e-13
2.12 2.85526 -18.0397 9.7522e-13
2.125 2.84774 -18.0563 1.25766e-12
2.13 2.84703 -18.0254 -1.40155e-12
2.135 2.8523 -17.9759 -1.16529e-12
2.14 2.85435 -17.8114 -1.38201e-12
2.145 2.83772 -17.5021 5.33795e-13
2.15 2.81301 -17.1935 1.23723e-12
2.155 2.78237 -16.9927 -1.23812e-12
2.16 2.74456 -16.8377 -1.77636e-13
2.165 2.71397 -16.7212 3.2685e-13
2.17 2.66942 -16.7281 -1.51434e-12
2.175 2.59912 -16.8221 3.73035e-13
2.18 2.53224 -16.9337 1.31628e-12
2.185 2.48905 -17.0847 2.62013e-13
2.19 2.45002 -17.2672 2.64677e-13
2.195 2.38925 -17.45 -3.73035e-14
2.2 2.30281 -17.6063 6.59917e-13
2.205 2.20255 -17.6663 -6.00409e-13
2.21 2.1145 -17.6289 -9.04166e-13
2.215 2.05099 -17.56 -1.22924e-12
2.22 1.99746 -17.4474 1.45661e-12
2.225 1.93527 -17.276 6.95444e-13
2.23 1.85399 -17.111 1.3527e-12
2.235 1.74661 -17.0072 -2.35367e-13
2.24 1.61501 -16.9703 9.59233e-14
2.245 1.47624 -16.9941 -2.20268e-12
2.25 1.34149 -17.0712 -1.58185e-12
2.255 1.22536 -17.176 -8.73968e-13
2.26 1.12787 -17.2905 -2.10676e-12
2.265 1.01985 -17.4438 1.21103e-12
2.27 0.887071 -17.6622 7.66498e-13
2.275 0.730877 -17.9075 8.77076e-13
2.28 0.564324 -18.0913 -2.1414e-12
2.285 0.392436 -18.1345 -1.6438e-12
2.29 0.218786 -18.0424 3.47722e-13
2.295 0.0566182 -17.8709 1.29219e-12
2.3 -0.0944734 -17.6395 -1.16063e-12
2.305 -0.236967 -17.3941 -1.03639e-12
2.31 -0.375552 -17.2245 -3.59712e-14
2.315 -0.514321 -17.1357 -1.59428e-12
2.32 -0.655656 -17.0773 1.30651e-12
2.325 -0.799967 -17.0527 -6.60361e-13
2.33 -0.947273 -17.0696 -1.16551e-12
2.335 -1.10522 -17.1179 2.62457e-13
2.34 -1.29119 -17.2146 5.06262e-14
2.345 -1.5012 -17.3591 -8.18012e-13
2.35 -1.70046 -17.4981 -1.5099e-13
2.355 -1.87565 -17.5806 -2.12941e-12
2.36 -2.03854 -17.6312 -1.27898e-13
2.365 -2.21378 -17.7235 -3.78364e-13
2.37 -2.40875 -17.8284 1.75859e-13
2.375 -2.61304 -17.8316 1.84741e-13
2.38 -2.80951 -17.7356 -1.13509e-12
2.385 -2.95754 -17.5919 -3.61489e-13
2.39 -3.02784 -17.3509 -3.28626e-13
2.395 -3.08132 -17.011 -3.25073e-13
2.4 -3.15573 -16.7123 -1.26121e-12
2.405 -3.19765 -16.5541 5.68434e-13
2.41 -3.2649 -16.4821 -3.39284e-13
2.415 -3.41966 -16.4584 2.20446e-12
2.42 -3.61617 -16.5303 1.74438e-12
2.425 -3.80184 -16.7072 8.88178e-15
2.43 -3.98692 -16.9558 4.33431e-13
2.435 -4.16538 -17.2074 1.59872e-14
2.44 -4.2623 -17.3704 -3.19744e-13
2.445 -4.32034 -17.4005 1.08002e-12
2.45 -4.44683 -17.3448 -5.32907e-15
2.455 -4.63703 -17.3111 1.19549e-12
2.46 -4.79336 -17.2949 3.17968e-13
2.465 -4.89923 -17.2175 -3.25073e-13
2.47 -5.00327 -17.1552 -1.94333e-12
2.475 -5.10647 -17.19 -9.52127e-13
2.48 -5.21237 -17.2241 3.69482e-13
2.485 -5.32248 -17.1734 1.74083e-12
2.49 -5.4264 -17.0942 -1.5099e-12
2.495 -5.52499 -17.0808 1.72307e-12
2.5 -5.65163 -17.1494 6.50147e-13
2.505 -5.84528 -17.2309 1.52589e-12
2.51 -6.07137 -17.2947 1.8634e-12
2.515 -6.25059 -17.3881 7.8515e-13
2.52 -6.36502 -17.5172 -1.26832e-12
2.525 -6.46732 -17.6372 -8.01137e-13
2.53 -6.59692 -17.7377 1.16351e-12
2.535 -6.75009 -17.8011 9.41469e-13
2.54 -6.92879 -17.7847 3.33955e-13
2.545 -7.1299 -17.7026 -8.10019e-13
2.55 -7.33137 -17.5945 -3.58824e-13
2.555 -7.51623 -17.4637 -2.2915e-12
2.56 -7.6817 -17.3257 -1.20792e-13
2.565 -7.83436 -17.2332 -1.03029e-12
2.57 -7.98169 -17.2273 3.01981e-13
2.575 -8.13388 -17.2877 2.13163e-14
2.58 -8.28736 -17.3696 1.20792e-12
2.585 -8.43486 -17.4771 5.32907e-14
2.59 -8.57864 -17.595 3.55271e-13
2.595 -8.71909 -17.6463 1.24345e-13
2.6 -8.8571 -17.6097 1.27898e-13
2.605 -9.00127 -17.5366 3.55271e-13
2.61 -9.14917 -17.4547 -5.54223e-13
2.615 -9.28582 -17.3585 -1.38556e-13
2.62 -9.4137 -17.2434 -1.21858e-12
2.625 -9.54249 -17.1118 -1.38556e-13
2.63 -9.67261 -16.9596 8.59757e-13
2.635 -9.79651 -16.7746 1.20792e-13
2.64 -9.91122 -16.5921 1.26121e-12
2.645 -10.0146 -16.4905 -1.32516e-12
2.65 -10.1071 -16.5029 1.0445e-12
2.655 -10.2008 -16.6131 1.09068e-12
2.66 -10.2963 -16.7957 -9.66338e-13
2.665 -10.3853 -17.0064 -5.47118e-13
2.67 -10.4547 -17.2083 1.52767e-13
2.675 -10.5148 -17.3772 6.32383e-13
2.68 -10.5808 -17.4764 -1.06581e-12
2.685 -10.6333 -17.4798 1.06581e-13
2.69 -10.6712 -17.3735 8.02913e-13
2.695 -10.7062 -17.1834 7.8515e-13
2.7 -10.7371 -16.9764 9.98313e-13
2.705 -10.7547 -16.7927 1.28964e-12
2.71 -10.7567 -16.6628 7.17648e-13
2.715 -10.7527 -16.6131 5.04485e-13
2.72 -10.7427 -16.6298 3.69482e-13
2.725 -10.7275 -16.6937 -1.03739e-12
2.73 -10.7118 -16.7897 1.08002e-12
2.735 -10.6927 -16.8942 -1.06937e-12
2.74 -10.6668 -16.9926 -3.6593e-13
2.745 -10.6343 -17.0671 -1.97886e-12
2.75 -10.5965 -17.1182 1.1724e-13
2.755 -10.5483 -17.1834 -5.8975e-13
2.76 -10.4876 -17.2728 1.33582e-12
2.765 -10.4208 -17.366 -3.0127e-12
2.77 -10.3521 -17.4601 -6.71463e-13
2.775 -10.2765 -17.5394 2.41585e-13
2.78 -10.1899 -17.5498 -1.14397e-12
2.785 -10.1015 -17.4527 2.98428e-13
2.79 -10.0245 -17.2971 1.14397e-12
2.795 -9.96969 -17.184 6.39488e-14
2.8 -9.93474 -17.135 3.19744e-14
2.805 -9.89559 -17.1077 1.59872e-12
2.81 -9.83006 -17.1238 -8.56204e-13
2.815 -9.74864 -17.2213 -1.56319e-13
2.82 -9.67373 -17.3647 1.112e-12
2.825 -9.61629 -17.5412 -2.17071e-12
2.83 -9.5758 -17.8055 4.26326e-14
2.835 -9.55336 -18.1595 8.41993e-13
2.84 -9.54134 -18.4996 7.17648e-13
2.845 -9.50826 -18.6867 -5.50671e-13
2.85 -9.45545 -18.6642 2.45137e-13
2.855 -9.40078 -18.5034 1.19371e-12
2.86 -9.33825 -18.2864 1.00897e-12
2.865 -9.2705 -18.0306 -1.66978e-13
2.87 -9.22082 -17.7709 -4.26326e-14
2.875 -9.19538 -17.5896 8.27782e-13
2.88 -9.16884 -17.5206 1.28253e-12
2.885 -9.13462 -17.5144 -1.56675e-12
2.89 -9.09845 -17.5261 7.21201e-13
2.895 -9.04699 -17.569 -3.44613e-13
2.9 -8.97359 -17.6833 -1.37845e-12
2.905 -8.89254 -17.8804 -4.1922e-13
2.91 -8.81733 -18.0941 -6.89226e-13
2.915 -8.74931 -18.2301 -1.7728e-12
2.92 -8.6949 -18.2904 1.1795e-12
2.925 -8.66104 -18.3456 9.166e-13
2.93 -8.63827 -18.3726 2.27374e-13
2.935 -8.59744 -18.2584 -3.23297e-13
2.94 -8.48933 -17.9942 -2.59348e-13
2.945 -8.27833 -17.6666 1.45661e-13
2.95 -7.98456 -17.2662 -8.06466e-13
2.955 -7.70347 -16.832 8.52651e-13
2.96 -7.49285 -16.5942 -7.63833e-13
2.965 -7.28818 -16.6121 1.49214e-13
2.97 -7.06825 -16.6968 1.34293e-12
2.975 -6.83023 -16.8117 1.12621e-12
2.98 -6.51969 -17.0239 5.93303e-13
2.985 -6.1635 -17.2706 5.86198e-13
2.99 -5.8249 -17.4592 7.95808e-13
2.995 -5.52496 -17.5343 9.52127e-13
3 -5.24851 -17.4849 1.54543e-12
3.005 -4.96995 -17.3513 8.81073e-13
3.01 -4.67194 -17.1353 6.46594e-13
3.015 -4.34431 -16.7865 1.44951e-12
3.02 -3.99122 -16.2828 -4.45866e-13
3.025 -3.60844 -15.6907 -8.61533e-13
3.03 -3.20338 -15.1175 -2.00018e-12
3.035 -2.78978 -14.6077 1.35891e-12
3.04 -2.35361 -14.1632 -5.54223e-13
3.045 -1.88474 -13.8066 -5.09814e-13
3.05 -1.39674 -13.5527 -5.08038e-13
3.055 -0.910368 -13.3814 -3.42837e-13
3.06 -0.429459 -13.2615 -9.73444e-13
3.065 0.0391841 -13.1727 -9.84102e-13
3.07 0.497396 -13.1105 9.58789e-13
3.075 0.997868 -13.1007 -4.92939e-14
3.08 1.57482 -13.1854 8.0802e-13
3.085 2.19992 -13.3532 -3.44169e-13
3.09 2.84239 -13.5218 2.4647e-13
3.095 3.51147 -13.5995 -9.13936e-13
3.1 4.20491 -13.5807 1.40954e-12
3.105 4.89813 -13.6052 -5.04485e-13
3.11 5.60451 -13.8251 1.26121e-12
3.115 6.34986 -14.2186 1.68576e-12
3.12 7.12362 -14.6566 -1.13687e-13
3.125 7.89871 -15.0849 -2.04281e-13
3.13 8.6827 -15.5032 -6.07514e-13
3.135 9.49662 -15.8873 4.65405e-13
3.14 10.3237 -16.2635 1.56319e-12
3.145 11.1458 -16.6951 1.66267e-12
3.15 11.9671 -17.1772 -4.68958e-13
3.155 12.7902 -17.6662 4.33431e-13
3.16 13.6006 -18.1167 -3.05533e-13
3.165 14.3902 -18.4755 -3.19744e-13
3.17 15.1845 -18.7098 -2.27374e-13
3.175 15.9912 -18.8408 -2.98428e-13
3.18 16.7765 -18.9186 -2.30926e-12
3.185 17.5064 -18.9429 6.60805e-13
3.19 18.1782 -18.9055 2.91323e-13
3.195 18.8363 -18.8292 8.66862e-13
3.2 19.5395 -18.6363 -5.04485e-13
3.205 20.3076 -18.2047 -1.60583e-12
3.21 21.1461 -17.6039 1.8332e-12
3.215 22.0318 -17.0154 -1.56319e-13
3.22 22.9022 -16.4768 -3.62377e-13
3.225 23.7478 -15.9494 1.50635e-12
3.23 24.596 -15.4872 2.41585e-13
3.235 25.4777 -15.1702 -4.68958e-13
3.24 26.4098 -15.0261 1.79057e-12
3.245 27.3826 -15.0125 -1.46372e-12
3.25 28.382 -15.05 -2.70006e-13
3.255 29.3822 -15.1362 1.98952e-13
3.26 30.3683 -15.2967 5.96856e-13
3.265 31.3264 -15.4697 -1.27898e-13
3.27 32.2775 -15.5743 -7.38964e-13
3.275 33.2594 -15.6037 -2.55795e-13
3.28 34.2541 -15.5888 -1.8332e-12
3.285 35.2689 -15.5344 -5.40012e-13
3.29 36.32 -15.4473 -4.26326e-14
3.295 37.3539 -15.3792 -2.06057e-12
3.3 38.2783 -15.3847 1.19371e-12
3.305 39.0692 -15.4659 -1.29319e-12
3.31 39.8053 -15.5979 -1.13687e-12
3.315 40.5624 -15.7845 8.66862e-13
3.32 41.4384 -16.022 1.66267e-12
3.325 42.4938 -16.2666 -3.69482e-13
3.33 43.6608 -16.5111 -1.29319e-12
3.335 44.8438 -16.8128 3.69482e-13
3.34 45.9351 -17.202 9.9476e-14
3.345 46.8942 -17.6017 9.9476e-13
3.35 47.7826 -17.9166 -4.83169e-13
3.355 48.6353 -18.1466 -2.70006e-13
3.36 49.457 -18.2968 1.13687e-12
3.365 50.2599 -18.3326 -1.19371e-12
3.37 51.033 -18.2481 -7.95808e-13
3.375 51.6941 -18.0635 3.97904e-13
3.38 52.1754 -17.8667 -1.53477e-12
3.385 52.5193 -17.7053 9.9476e-14
3.39 52.8378 -17.4578 1.7053e-13
3.395 53.2054 -17.1364 -7.53175e-13
3.4 53.6122 -16.9182 -1.12266e-12
3.405 54.0366 -16.7871 -1.08002e-12
3.41 54.4263 -16.6197 9.66338e-13
3.415 54.7704 -16.4001 1.22213e-12
3.42 55.1234 -16.1628 8.81073e-13
3.425 55.4738 -15.905 1.81899e-12
3.43 55.7737 -15.5675 -1.42109e-12
3.435 56.0137 -15.1477 -1.53477e-12
3.44 56.2076 -14.7366 -5.96856e-13
3.445 56.3432 -14.3658 -1.56319e-12
3.45 56.3976 -13.9796 1.0516e-12
3.455 56.3918 -13.549 3.97904e-13
3.46 56.3712 -13.1094 -6.82121e-13
3.465 56.3481 -12.7119 9.9476e-13
3.47 56.3493 -12.4161 1.13687e-13
3.475 56.3825 -12.2411 -1.13687e-12
3.48 56.3789 -12.1073 -1.42109e-13
3.485 56.2925 -11.9586 4.26326e-13
3.49 56.1501 -11.835 -9.09495e-13
3.495 55.9908 -11.8016 -2.16005e-12
3.5 55.8084 -11.871 1.13687e-12
3.505 55.6012 -11.9516 3.97904e-13
3.51 55.3998 -11.9581 -1.7053e-13
3.515 55.2145 -11.9308 1.50635e-12
3.52 55.0374 -11.952 1.42109e-13
3.525 54.8645 -12.0334 -2.84217e-14
3.53 54.7065 -12.1159 -1.44951e-12
3.535 54.5578 -12.19 -3.6664e-12
3.54 54.377 -12.3655 6.82121e-13
3.545 54.1472 -12.7372 3.41061e-13
3.55 53.9019 -13.2859 3.12639e-13
3.555 53.6615 -13.9405 2.27374e-13
3.56 53.3939 -14.6014 -1.36424e-12
3.565 53.0742 -15.1222 -5.68434e-14
3.57 52.719 -15.3934 1.13687e-13
3.575 52.346 -15.4904 7.95808e-13
3.58 51.9516 -15.6249 -3.41061e-13
3.585 51.5256 -15.8481 1.33582e-12
3.59 51.0586 -15.9912 -7.38964e-13
3.595 50.5383 -16.0094 -2.55795e-13
3.6 49.9585 -16.0429 3.12639e-13
3.605 49.3401 -16.057 3.12639e-13
3.61 48.7698 -15.8489 -2.10321e-12
3.615 48.343 -15.515 -2.84217e-13
3.62 47.954 -15.3274 7.10543e-13
3.625 47.3224 -15.1821 5.68434e-14
3.63 46.4895 -14.9406 -2.13163e-12
3.635 45.7701 -14.8312 7.67386e-13
3.64 45.2237 -14.9896 -1.33582e-12
3.645 44.6748 -15.2353 -1.13687e-12
3.65 44.0055 -15.4175 6.82121e-13
3.655 43.2887 -15.5536 6.25278e-13
3.66 42.5115 -15.6364 -2.33058e-12
3.665 41.6836 -15.6196 1.42109e-13
3.67 40.9478 -15.5393 -4.12115e-13
3.675 40.2039 -15.4281 1.35003e-12
3.68 39.3299 -15.2042 2.98428e-12
3.685 38.3942 -14.8473 -1.7053e-13
3.69 37.4674 -14.4824 -1.59162e-12
3.695 36.4643 -14.1801 -1.40687e-12
3.7 35.2938 -13.918 6.53699e-13
3.705 34.167 -13.6224 -1.63425e-12
3.71 33.2793 -13.2895 -3.12639e-12
3.715 32.4918 -13.0203 -2.34479e-12
3.72 31.5991 -12.8221 -1.79057e-12
3.725 30.5831 -12.6541 -3.69482e-13
3.73 29.5088 -12.5617 9.09495e-13
3.735 28.3983 -12.5982 8.2423e-13
3.74 27.3184 -12.7216 -7.10543e-13
3.745 26.351 -12.849 -3.83693e-13
3.75 25.5825 -12.992 -2.98428e-13
3.755 24.9615 -13.1445 7.67386e-13
3.76 24.2157 -13.1902 3.05533e-12
3.765 23.1539 -13.1556 7.10543e-13
3.77 21.898 -13.1439 -1.8332e-12
3.775 20.6946 -13.0833 -4.26326e-14
3.78 19.4756 -12.9602 -3.05533e-13
3.785 18.2032 -12.9164 4.12115e-13
3.79 17.074 -12.9987 5.8975e-13
3.795 16.0327 -13.1579 -1.42109e-13
3.8 14.8963 -13.3812 4.83169e-13
3.805 13.5879 -13.6968 -1.77636e-12
3.81 12.1705 -14.132 -1.10845e-12
3.815 10.7018 -14.6319 2.13163e-13
3.82 9.26224 -15.0849 -1.08713e-12
3.825 8.0113 -15.4614 1.25056e-12
3.83 6.9627 -15.7978 7.81597e-14
3.835 6.02354 -16.1063 6.32383e-13
3.84 5.06633 -16.3324 -1.3749e-12
3.845 3.96304 -16.3686 4.76064e-13
3.85 2.61504 -16.2189 2.50111e-12
3.855 1.07965 -16.0138 -3.16192e-13
3.86 -0.483059 -15.7865 -3.6593e-13
3.865 -1.93648 -15.4909 -5.86198e-13
3.87 -3.16998 -15.1553 -4.54747e-13
3.875 -4.18201 -14.8444 6.30607e-13
3.88 -5.06451 -14.607 4.88498e-13
3.885 -6.04792 -14.444 -2.92211e-13
3.89 -7.35229 -14.3097 4.9738e-14
3.895 -8.92799 -14.1817 1.57652e-12
3.9 -10.575 -14.0832 1.46372e-12
3.905 -12.1296 -14.0656 2.22755e-12
3.91 -13.5678 -14.0971 -2.81375e-12
3.915 -15.0023 -14.0201 -2.51887e-12
3.92 -16.5579 -13.8157 9.98313e-13
3.925 -18.3073 -13.6168 3.37508e-13
3.93 -20.2348 -13.4083 -5.47118e-13
3.935 -22.2725 -13.1145 -6.32383e-13
3.94 -24.3602 -12.7587 -7.60281e-13
3.945 -26.4467 -12.3532 5.68434e-13
3.95 -28.4463 -11.9292 1.19371e-12
3.955 -30.317 -11.5575 1.1795e-12
3.96 -32.1225 -11.2615 -4.61853e-13
3.965 -33.9165 -11.032 -1.06581e-13
3.97 -35.7602 -10.8554 -6.82121e-13
3.975 -37.6715 -10.7891 -3.41061e-13
3.98 -39.6681 -10.8948 3.2685e-13
3.985 -41.7417 -11.0714 -7.24754e-13
3.99 -43.7851 -11.1841 -3.12639e-13
3.995 -45.8087 -11.2351 1.98952e-13
4 -47.8796 -11.2909 2.55795e-13
4.005 -50.0252 -11.3677 1.76215e-12
4.01 -52.2217 -11.4319 9.9476e-13
4.015 -54.4747 -11.499 1.19371e-12
4.02 -56.8266 -11.647 7.53175e-13
4.025 -59.2125 -11.8803 5.96856e-13
4.03 -61.5874 -12.1439 7.81597e-13
4.035 -63.9198 -12.4236 4.40536e-13
4.04 -66.1215 -12.7141 4.83169e-13
4.045 -68.099 -13.0138 1.90425e-12
4.05 -69.9088 -13.3378 2.84217e-13
4.055 -71.6197 -13.7302 -5.40012e-13
4.06 -72.9621 -14.2156 5.68434e-14
4.065 -73.7007 -14.634 -1.25056e-12
4.07 -74.1155 -14.8392 5.11591e-13
4.075 -74.7295 -14.8943 9.66338e-13
4.08 -75.5289 -14.8263 2.55795e-13
4.085 -76.0522 -14.6693 -1.10845e-12
4.09 -76.1986 -14.5497 -9.37916e-13
4.095 -76.2444 -14.4302 9.37916e-13
4.1 -76.4164 -14.2111 -3.41061e-13
4.105 -76.7187 -13.9893 -1.19371e-12
4.11 -77.2812 -13.8631 1.59162e-12
4.115 -78.2434 -13.7933 3.12639e-13
4.12 -79.3873 -13.7451 -2.84217e-13
4.125 -80.5986 -13.7058 -1.08002e-12
4.13 -81.8454 -13.6283 2.55795e-13
4.135 -82.9053 -13.4609 -3.41061e-13
4.14 -83.7128 -13.2031 2.27374e-13
4.145 -84.473 -12.8662 -1.13687e-12
4.15 -85.3149 -12.4179 3.97904e-13
4.155 -86.2317 -11.9317 4.26326e-13
4.16 -87.1848 -11.5522 1.13687e-13
4.165 -88.0806 -11.1993 -1.19371e-12
4.17 -88.7575 -10.7847 -2.44427e-12
4.175 -89.2013 -10.4229 1.33582e-12
4.18 -89.5755 -10.0845 -2.27374e-12
4.185 -89.814 -9.67217 -3.69482e-13
4.19 -89.8702 -9.25971 -5.68434e-14
4.195 -89.9691 -8.87509 -2.359e-12
4.2 -90.383 -8.52862 -1.98952e-12
4.205 -91.1664 -8.27131 -1.27898e-12
4.21 -92.029 -8.12967 -3.41061e-13
4.215 -92.6417 -8.15092 6.25278e-13
4.22 -92.8663 -8.17856 -3.69482e-13
4.225 -92.8336 -8.12735 5.40012e-13
4.23 -92.8581 -8.28141 2.27374e-13
4.235 -93.0186 -8.62519 -2.10321e-12
4.24 -93.2293 -8.8795 2.27374e-13
4.245 -93.5047 -9.12156 4.54747e-13
4.25 -93.8136 -9.42931 1.36424e-12
4.255 -94.1144 -9.64262 8.52651e-13
4.26 -94.3739 -9.79497 1.39266e-12
4.265 -94.5197 -10.0455 6.25278e-13
4.27 -94.466 -10.3402 1.73372e-12
4.275 -94.2582 -10.5673 8.52651e-13
4.28 -93.9923 -10.7904 -6.25278e-13
4.285 -93.7835 -11.1138 8.81073e-13
4.29 -94.0189 -11.4712 7.95808e-13
4.295 -94.8121 -11.6939 6.25278e-13
4.3 -95.6494 -11.763 -5.11591e-13
4.305 -96.0464 -11.7651 -1.47793e-12
4.31 -95.9287 -11.7693 -5.68434e-14
4.315 -95.3525 -11.7705 -3.97904e-13
4.32 -94.2747 -11.6438 1.98952e-12
4.325 -93.0443 -11.4813 0
4.33 -92.4144 -11.4919 -9.09495e-13
4.335 -92.2367 -11.6716 -7.67386e-13
4.34 -91.8544 -11.9782 1.42109e-12
4.345 -91.2411 -12.271 9.66338e-13
4.35 -90.5564 -12.4137 1.7053e-13
4.355 -89.9032 -12.5034 5.68434e-13
4.36 -89.2936 -12.5175 2.84217e-14
4.365 -88.8111 -12.3538 3.97904e-13
4.37 -88.4147 -12.1075 -3.41061e-13
4.375 -87.9403 -11.8172 5.68434e-14
4.38 -87.4889 -11.4831 -8.81073e-13
4.385 -87.0696 -11.1975 -5.40012e-13
4.39 -86.6361 -10.971 8.52651e-14
4.395 -86.1895 -10.7525 1.7053e-12
4.4 -85.7477 -10.5162 1.53477e-12
4.405 -85.3357 -10.2405 2.55795e-13
4.41 -84.9165 -9.91819 -2.84217e-13
4.415 -84.5212 -9.61797 -1.13687e-13
4.42 -84.1689 -9.4219 1.19371e-12
4.425 -83.8668 -9.21292 2.33058e-12
4.43 -83.605 -8.8878 1.7053e-12
4.435 -83.3288 -8.61805 -1.27898e-12
4.44 -83.0409 -8.44105 -1.19371e-12
4.445 -82.7528 -8.21861 1.47793e-12
4.45 -82.4755 -8.05879 -1.64846e-12
4.455 -82.1359 -8.02129 1.13687e-12
4.46 -81.557 -7.98161 4.26326e-13
4.465 -80.806 -7.97681 9.9476e-13
4.47 -80.1242 -8.03865 1.81899e-12
4.475 -79.4823 -8.05746 5.11591e-13
4.48 -78.7177 -7.9538 -5.11591e-13
4.485 -77.897 -7.84712 2.55795e-13
4.49 -77.0877 -7.84295 -7.10543e-13
4.495 -76.2063 -7.81648 1.67688e-12
4.5 -75.2953 -7.84721 7.95808e-13
4.505 -74.3842 -8.03664 8.52651e-14
4.51 -73.3829 -8.20847 6.53699e-13
4.515 -72.3035 -8.39533 -4.83169e-13
4.52 -71.212 -8.68543 -8.2423e-13
4.525 -69.9634 -8.97893 -5.68434e-14
4.53 -68.5484 -9.29838 5.68434e-13
4.535 -67.2961 -9.65006 1.13687e-13
4.54 -66.3012 -9.93868 -1.13687e-13
4.545 -65.3948 -10.2026 -6.53699e-13
4.55 -64.3993 -10.4851 1.9611e-12
4.555 -63.2054 -10.7349 1.27898e-12
4.56 -61.8083 -10.9379 -2.27374e-13
4.565 -60.3409 -11.0783 1.59162e-12
4.57 -58.8816 -11.1313 -7.95808e-13
4.575 -57.3097 -11.1583 -1.7053e-12
4.58 -55.6185 -11.1928 5.68434e-14
4.585 -53.8981 -11.1828 -1.19371e-12
4.59 -52.1289 -11.1055 3.69482e-13
4.595 -50.3516 -10.9398 2.84217e-13
4.6 -48.6738 -10.7038 0
4.605 -47.106 -10.5185 1.53477e-12
4.61 -45.6545 -10.4014 9.37916e-13
4.615 -44.2413 -10.2544 4.83169e-13
4.62 -42.6327 -10.1012 -5.40012e-13
4.625 -40.6701 -10.0199 7.95808e-13
4.63 -38.4602 -9.97777 3.12639e-13
4.635 -36.217 -9.91185 1.13687e-12
4.64 -33.964 -9.78343 2.18847e-12
4.645 -31.6986 -9.61988 1.26477e-12
4.65 -29.4887 -9.5178 -1.84741e-13
4.655 -27.4563 -9.4523 8.66862e-13
4.66 -25.7308 -9.33327 -7.95808e-13
4.665 -24.1119 -9.14894 6.25278e-13
4.67 -22.2904 -8.8884 -2.27374e-13
4.675 -20.3225 -8.60882 -9.23706e-13
4.68 -18.5049 -8.329 -8.95284e-13
4.685 -16.9073 -7.95974 1.27898e-13
4.69 -15.4053 -7.59132 -2.12452e-12
4.695 -14.0052 -7.31674 -6.39488e-13
4.7 -12.6263 -7.07785 2.01084e-12
4.705 -11.128 -6.89422 -5.8975e-13
4.71 -9.50658 -6.76739 1.93268e-12
4.715 -7.71574 -6.6811 -4.51195e-13
4.72 -5.72986 -6.69237 2.3519e-12
4.725 -3.66749 -6.76648 -2.23821e-13
4.73 -1.61097 -6.86601 -1.08535e-12
4.735 0.46235 -7.01765 5.68434e-14
4.74 2.5359 -7.18634 7.76268e-13
4.745 4.58799 -7.32997 -4.4259e-13
4.75 6.63748 -7.45394 1.86517e-13
4.755 8.72022 -7.60744 1.32161e-12
4.76 10.8116 -7.80448 1.22924e-12
4.765 12.8926 -7.99862 1.5703e-12
4.77 15.0115 -8.19108 -1.112e-12
4.775 17.1724 -8.37746 -6.14619e-13
4.78 19.401 -8.54044 4.12115e-13
4.785 21.7219 -8.73056 1.0445e-12
4.79 24.118 -8.94073 7.95808e-13
4.795 26.5463 -9.12675 -1.79057e-12
4.8 28.9674 -9.31684 1.22924e-12
4.805 31.3473 -9.49527 3.04823e-12
4.81 33.6541 -9.62687 6.96332e-13
4.815 35.9295 -9.73357 1.98952e-13
4.82 38.1707 -9.79566 -1.25056e-12
4.825 40.3118 -9.80072 2.84217e-13
4.83 42.3727 -9.80899 -5.82645e-13
4.835 44.3005 -9.81007 -1.84741e-12
4.84 46.0087 -9.73926 -6.53699e-13
4.845 47.6596 -9.63764 9.09495e-13
4.85 49.5402 -9.57072 1.7053e-13
4.855 51.7454 -9.51441 -6.96332e-13
4.86 54.0224 -9.43987 -9.52127e-13
4.865 56.0564 -9.35949 -4.83169e-13
4.87 57.7179 -9.29112 7.38964e-13
4.875 59.0968 -9.24561 -1.62004e-12
4.88 60.4012 -9.20005 -3.97904e-13
4.885 61.7959 -9.10755 1.7053e-13
4.89 63.3912 -8.9561 -3.41061e-13
4.895 65.2117 -8.77525 1.22213e-12
4.9 67.3472 -8.55041 4.9738e-13
4.905 69.6987 -8.22266 6.82121e-13
4.91 71.9395 -7.85369 -3.12639e-13
4.915 73.8487 -7.55877 -8.52651e-13
4.92 75.3525 -7.28822 3.97904e-13
4.925 76.5977 -7.00326 1.08002e-12
4.93 77.7479 -6.80372 4.83169e-13
4.935 79.2795 -6.71537 2.16005e-12
4.94 81.474 -6.65936 -4.54747e-13
4.945 83.7812 -6.55845 6.82121e-13
4.95 85.6194 -6.40887 1.08002e-12
4.955 87.0192 -6.27468 3.41061e-13
4.96 88.4697 -6.1741 -3.97904e-13
4.965 89.8673 -6.1012 1.93268e-12
4.97 90.8958 -6.07531 6.25278e-13
4.975 91.7317 -6.06499 1.16529e-12
4.98 92.6811 -6.06652 8.52651e-14
4.985 93.8527 -6.11733 5.68434e-13
4.99 95.0993 -6.18434 0
4.995 96.4588 -6.28143 -4.26326e-13
5 97.8072 -6.41542 1.47793e-12
5.005 98.8762 -6.50295 1.59162e-12
5.01 99.7077 -6.58441 9.66338e-13
5.015 100.458 -6.73946 -1.13687e-13
5.02 101.174 -6.94197 -4.54747e-13
5.025 101.806 -7.17075 2.04636e-12
5.03 102.473 -7.409 8.2423e-13
5.035 103.263 -7.66298 -5.68434e-13
5.04 104.093 -7.94228 -3.97904e-13
5.045 104.903 -8.20272 -2.27374e-13
5.05 105.649 -8.4452 3.97904e-13
5.055 106.335 -8.6845 -2.84217e-14
5.06 107.01 -8.90318 9.66338e-13
5.065 107.765 -9.1036 -1.98952e-12
5.07 108.667 -9.25836 5.96856e-13
5.075 109.658 -9.34282 5.40012e-13
5.08 110.678 -9.38033 9.9476e-13
5.085 111.736 -9.37123 3.12639e-13
5.09 112.864 -9.31412 -5.11591e-13
5.095 113.972 -9.21304 -3.12639e-13
5.1 114.832 -9.05526 -1.08002e-12
5.105 115.393 -8.88495 2.84217e-14
5.11 115.766 -8.74187 -4.54747e-13
5.115 116.045 -8.59946 1.08002e-12
5.12 116.379 -8.46909 4.26326e-13
5.125 116.925 -8.37814 -7.38964e-13
5.13 117.585 -8.306 0
5.135 118.057 -8.21643 -2.84217e-13
5.14 118.24 -8.0904 1.0516e-12
5.145 118.208 -7.94821 2.55795e-13
5.15 118.069 -7.78418 -4.54747e-13
5.155 117.923 -7.56015 1.13687e-12
5.16 117.868 -7.29275 -2.33058e-12
5.165 117.962 -7.00933 -2.89901e-12
5.17 117.947 -6.74062 -5.40012e-13
5.175 117.594 -6.5383 1.53477e-12
5.18 117.038 -6.35273 5.11591e-13
5.185 116.469 -6.09774 2.27374e-13
5.19 115.977 -5.83329 2.67164e-12
5.195 115.509 -5.65062 1.44951e-12
5.2 115.04 -5.5359 -8.52651e-14
5.205 114.56 -5.46128 -1.13687e-13
5.21 114.031 -5.44591 -7.38964e-13
5.215 113.493 -5.50066 -9.09495e-13
5.22 112.955 -5.59024 1.67688e-12
5.225 112.409 -5.69154 9.66338e-13
5.23 111.858 -5.83437 -7.10543e-13
5.235 111.331 -6.03694 -3.69482e-13
5.24 110.833 -6.26864 -2.04636e-12
5.245 110.288 -6.49229 0
5.25 109.672 -6.70476 -5.68434e-14
5.255 109.02 -6.9169 3.69482e-13
5.26 108.328 -7.1161 9.66338e-13
5.265 107.564 -7.30301 1.27898e-12
5.27 106.743 -7.50505 -1.3074e-12
5.275 105.887 -7.71858 -1.10845e-12
5.28 105.008 -7.91687 -7.95808e-13
5.285 104.145 -8.09122 5.11591e-13
5.29 103.236 -8.23224 -3.41061e-13
5.295 102.163 -8.34498 -2.84217e-13
5.3 100.977 -8.45425 7.67386e-13
5.305 99.7998 -8.54199 9.09495e-13
5.31 98.6096 -8.60199 -1.13687e-12
5.315 97.4007 -8.66355 -5.68434e-14
5.32 96.2476 -8.69718 -2.21689e-12
5.325 95.136 -8.68816 3.69482e-13
5.33 94.0016 -8.68774 7.38964e-13
5.335 92.831 -8.69485 -6.25278e-13
5.34 91.6568 -8.67096 -1.10845e-12
5.345 90.4577 -8.61943 -1.87583e-12
5.35 89.1636 -8.56099 1.90425e-12
5.355 87.766 -8.50304 -1.25056e-12
5.36 86.346 -8.43255 2.84217e-14
5.365 84.9931 -8.3431 -6.25278e-13
5.37 83.7139 -8.2468 -1.7053e-13
5.375 82.485 -8.13348 5.68434e-13
5.38 81.2999 -7.99064 -1.02318e-12
5.385 80.1564 -7.8356 -6.25278e-13
5.39 79.0119 -7.66168 1.19371e-12
5.395 77.7935 -7.43905 -5.40012e-13
5.4 76.4893 -7.182 6.53699e-13
5.405 75.1335 -6.93125 -5.68434e-14
5.41 73.7581 -6.70551 -1.98952e-12
5.415 72.3743 -6.49733 -1.42109e-12
5.42 70.9764 -6.2957 -2.84217e-14
5.425 69.5597 -6.11234 -5.68434e-13
5.43 68.1 -5.95273 -1.08002e-12
5.435 66.5799 -5.82112 9.09495e-13
5.44 65.0147 -5.73593 9.52127e-13
5.445 63.4263 -5.67473 1.27898e-13
5.45 61.8144 -5.62596 3.12639e-13
5.455 60.2209 -5.60064 -2.55795e-13
5.46 58.6959 -5.59452 -2.55795e-13
5.465 57.1247 -5.62434 -4.9738e-13
5.47 55.3939 -5.67242 -1.98952e-13
5.475 53.5368 -5.73143 1.27898e-13
5.48 51.5994 -5.83818 7.10543e-14
5.485 49.5967 -5.98317 5.68434e-14
5.49 47.5794 -6.16072 1.27898e-12
5.495 45.6314 -6.3788 -3.69482e-13
5.5 43.7651 -6.61266 -2.78533e-12
5.505 41.9618 -6.85071 1.98952e-13
5.51 40.2412 -7.09623 2.04636e-12
5.515 38.639 -7.33688 7.24754e-13
5.52 37.1387 -7.56293 -4.26326e-13
5.525 35.6806 -7.78241 3.83693e-13
5.53 34.203 -7.99242 -3.55271e-13
5.535 32.7725 -8.18408 -5.68434e-13
5.54 31.4535 -8.37007 -1.49214e-13
5.545 30.1009 -8.55626 -5.54223e-13
5.55 28.6078 -8.72974 3.12639e-13
5.555 26.9483 -8.86838 -2.13163e-14
5.56 25.1193 -8.96272 3.97904e-13
5.565 23.1246 -9.02249 -5.32907e-14
5.57 21.0495 -9.04604 2.23821e-13
5.575 18.9803 -9.0339 -1.18661e-12
5.58 16.9332 -8.98328 -6.41265e-13
5.585 15.0248 -8.88737 -2.03038e-12
5.59 13.2936 -8.7728 -6.79456e-13
5.595 11.633 -8.64926 1.79634e-13
5.6 9.96566 -8.50806 -5.06262e-13
5.605 8.27246 -8.3628 1.49036e-12
5.61 6.51663 -8.18823 1.42109e-13
5.615 4.69499 -7.9818 -3.76588e-13
5.62 2.86841 -7.79575 2.13163e-14
5.625 1.09672 -7.6152 -5.29354e-13
5.63 -0.577132 -7.42623 -8.27782e-13
5.635 -2.08771 -7.25339 -1.48859e-12
5.64 -3.38204 -7.0738 2.77112e-13
5.645 -4.54321 -6.85374 -1.05871e-12
5.65 -5.67104 -6.59894 -1.42109e-13
5.655 -6.7887 -6.36788 -6.39488e-14
5.66 -7.94696 -6.18864 -1.91847e-12
5.665 -9.217 -6.0239 9.37916e-13
5.67 -10.6146 -5.87435 -1.06581e-13
5.675 -12.1061 -5.74621 2.27374e-13
5.68 -13.6375 -5.62418 2.01794e-12
5.685 -15.1379 -5.52851 -2.17426e-12
5.69 -16.5606 -5.47084 1.42109e-14
5.695 -17.925 -5.44877 -5.11591e-13
5.7 -19.2749 -5.47327 1.56319e-12
5.705 -20.6518 -5.53178 2.84217e-14
5.71 -22.1283 -5.60327 -2.55795e-13
5.715 -23.745 -5.67995 -2.13163e-13
5.72 -25.4543 -5.76044 -9.66338e-13
5.725 -27.171 -5.86498 3.83693e-13
5.73 -28.8291 -6.01036 5.54223e-13
5.735 -30.3753 -6.18205 3.97904e-13
5.74 -31.8148 -6.36801 -2.14584e-12
5.745 -33.1983 -6.57158 6.53699e-13
5.75 -34.5242 -6.78587 -9.52127e-13
5.755 -35.7784 -6.99775 -1.79057e-12
5.76 -36.9511 -7.19096 -3.69482e-13
5.765 -38.0562 -7.36499 -4.54747e-13
5.77 -39.1154 -7.53839 7.67386e-13
5.775 -40.1302 -7.71224 3.12639e-13
5.78 -41.1305 -7.88737 1.59162e-12
5.785 -42.2049 -8.05256 6.82121e-13
5.79 -43.416 -8.18563 1.13687e-12
5.795 -44.7061 -8.30859 2.70006e-13
5.8 -45.9951 -8.4362 1.7053e-13
5.805 -47.2486 -8.53545 -2.27374e-13
5.81 -48.4439 -8.59763 6.96332e-13
5.815 -49.6192 -8.63438 -1.98952e-13
5.82 -50.8633 -8.63273 -1.93268e-12
5.825 -52.2088 -8.60905 1.93268e-12
5.83 -53.6224 -8.58885 9.66338e-13
5.835 -55.0234 -8.54484 5.96856e-13
5.84 -56.2996 -8.47441 -1.42109e-13
5.845 -57.382 -8.39966 5.40012e-13
5.85 -58.3036 -8.29784 -9.66338e-13
5.855 -59.0856 -8.15778 -7.95808e-13
5.86 -59.7749 -7.99937 4.26326e-13
5.865 -60.5643 -7.838 -1.42109e-12
5.87 -61.4241 -7.66963 -8.52651e-14
5.875 -62.063 -7.48042 4.54747e-13
5.88 -62.3879 -7.26555 4.54747e-13
5.885 -62.6689 -7.02388 8.2423e-13
5.89 -63.0253 -6.78489 5.68434e-13
5.895 -63.3642 -6.55841 9.37916e-13
5.9 -63.7727 -6.30665 2.84217e-14
5.905 -64.2521 -6.05397 -6.53699e-13
5.91 -64.777 -5.84649 -1.73372e-12
5.915 -65.3702 -5.6622 -1.08002e-12
5.92 -66.1026 -5.50244 1.79057e-12
5.925 -66.9346 -5.38856 7.95808e-13
5.93 -67.6809 -5.29715 4.26326e-13
5.935 -68.3436 -5.23027 -5.68434e-13
5.94 -68.9796 -5.20368 1.08002e-12
5.945 -69.6111 -5.20113 2.01794e-12
5.95 -70.2198 -5.21947 3.97904e-13
5.955 -70.7886 -5.27451 -2.16005e-12
5.96 -71.2999 -5.36746 -1.39266e-12
5.965 -71.7823 -5.48509 5.11591e-13
5.97 -72.2956 -5.63245 7.10543e-13
5.975 -72.742 -5.82154 -3.12639e-13
5.98 -72.9789 -6.03326 -5.40012e-13
5.985 -72.9684 -6.24119 -1.44951e-12
5.99 -72.9086 -6.44837 3.12639e-13
5.995 -73.0077 -6.66419 -1.76215e-12
6 -73.1026 -6.87779 5.96856e-13
6.005 -72.9373 -7.07616 5.68434e-14
6.01 -72.5845 -7.24899 -5.96856e-13
6.015 -72.3122 -7.40645 -1.42109e-13
6.02 -72.1166 -7.56435 7.38964e-13
6.025 -71.8632 -7.69469 1.0516e-12
6.03 -71.5932 -7.79065 -1.08002e-12
6.035 -71.3689 -7.89821 -1.47793e-12
6.04 -71.2009 -8.03267 3.41061e-13
6.045 -71.1407 -8.18222 1.9611e-12
6.05 -71.2777 -8.31224 -1.08002e-12
6.055 -71.3951 -8.3421 -2.04636e-12
6.06 -71.2357 -8.28961 1.22213e-12
6.065 -70.9306 -8.28894 -2.10321e-12
6.07 -70.663 -8.32527 2.55795e-13
6.075 -70.439 -8.28754 1.3074e-12
6.08 -70.2082 -8.22512 -4.26326e-13
6.085 -70.0068 -8.17178 -1.42109e-12
6.09 -69.7393 -8.06368 2.84217e-14
6.095 -69.2316 -7.91036 -6.53699e-13
6.1 -68.5359 -7.74914 -1.98952e-13
6.105 -67.8451 -7.61299 1.53477e-12
6.11 -67.2269 -7.48208 -8.52651e-14
6.115 -66.6426 -7.29162 9.66338e-13
6.12 -66.1427 -7.09805 -1.7053e-13
6.125 -65.7159 -6.95236 8.52651e-14
6.13 -65.2584 -6.79405 6.82121e-13
6.135 -64.7526 -6.61819 -2.30216e-12
6.14 -64.2625 -6.45609 1.56319e-12
6.145 -63.8004 -6.30256 6.53699e-13
6.15 -63.3379 -6.1495 7.10543e-13
6.155 -62.9024 -5.99673 1.50635e-12
6.16 -62.5039 -5.87847 1.76215e-12
6.165 -62.1154 -5.81957 1.73372e-12
6.17 -61.7228 -5.78551 1.02318e-12
6.175 -61.3046 -5.74421 1.33582e-12
6.18 -60.8416 -5.70113 8.2423e-13
6.185 -60.3477 -5.67343 -1.13687e-12
6.19 -59.8468 -5.66709 1.19371e-12
6.195 -59.332 -5.69074 -5.68434e-14
6.2 -58.7805 -5.75205 -8.52651e-14
6.205 -58.1856 -5.82265 1.50635e-12
6.21 -57.5482 -5.89556 5.68434e-13
6.215 -56.8698 -5.99722 1.42109e-12
6.22 -56.1638 -6.1098 -5.68434e-13
6.225 -55.4386 -6.23075 -3.41061e-13
6.23 -54.7048 -6.39128 7.38964e-13
6.235 -53.9652 -6.56212 -6.53699e-13
6.24 -53.1946 -6.70812 1.36424e-12
6.245 -52.3763 -6.84123 -8.2423e-13
6.25 -51.5165 -6.97207 -8.52651e-13
6.255 -50.6305 -7.11755 -5.40012e-13
6.26 -49.7251 -7.28714 9.09495e-13
6.265 -48.8134 -7.4658 9.37916e-13
6.27 -47.915 -7.64791 -2.84217e-13
6.275 -47.033 -7.81885 -8.52651e-14
6.28 -46.1566 -7.96064 -9.09495e-13
6.285 -45.2659 -8.08384 -5.54223e-13
6.29 -44.355 -8.19445 -7.10543e-14
6.295 -43.422 -8.28639 -1.77636e-12
6.3 -42.4748 -8.35524 -1.0516e-12
6.305 -41.5404 -8.39196 1.7053e-13
6.31 -40.6123 -8.3941 1.32161e-12
6.315 -39.6612 -8.36273 -1.23634e-12
6.32 -38.651 -8.29354 -2.70006e-13
6.325 -37.5691 -8.19668 1.16529e-12
6.33 -36.4719 -8.08658 -1.94689e-12
6.335 -35.3637 -7.96111 1.42109e-12
6.34 -34.1878 -7.8106 -2.84217e-13
6.345 -32.9599 -7.62598 9.9476e-14
6.35 -31.7191 -7.42415 -4.40536e-13
6.355 -30.479 -7.22998 2.41585e-13
6.36 -29.2612 -7.03695 -1.98952e-13
6.365 -28.0981 -6.84766 -1.93268e-12
6.37 -26.9806 -6.67508 -1.16529e-12
6.375 -25.8592 -6.50032 -9.66338e-13
6.38 -24.7394 -6.32554 -4.40536e-13
6.385 -23.6433 -6.18426 -1.44951e-12
6.39 -22.5444 -6.06912 -1.62004e-12
6.395 -21.4462 -5.959 1.52056e-12
6.4 -20.3633 -5.86386 5.40012e-13
6.405 -19.2873 -5.78762 -1.71951e-12
6.41 -18.2239 -5.7092 1.42109e-14
6.415 -17.1594 -5.62686 -3.62377e-13
6.42 -16.0571 -5.57105 -7.10543e-14
6.425 -14.8732 -5.55387 1.54898e-12
6.43 -13.6092 -5.56746 1.4353e-12
6.435 -12.2944 -5.61007 -1.12976e-12
6.44 -10.9406 -5.67526 5.25802e-13
6.445 -9.58806 -5.76039 -1.42109e-13
6.45 -8.26596 -5.86842 2.4869e-13
6.455 -6.95934 -5.98783 -8.02913e-13
6.46 -5.6527 -6.10839 -2.88125e-12
6.465 -4.36524 -6.23898 -3.55271e-14
6.47 -3.12145 -6.38728 2.46558e-12
6.475 -1.92983 -6.54491 8.3844e-13
6.48 -0.813297 -6.7023 9.27258e-13
6.485 0.219814 -6.86105 -7.14095e-13
6.49 1.20782 -7.02327 -8.81073e-13
6.495 2.19933 -7.18138 1.04805e-12
6.5 3.22507 -7.32823 -1.57385e-12
6.505 4.30318 -7.46258 1.56319e-13
6.51 5.43286 -7.57958 2.66454e-15
6.515 6.60068 -7.67393 9.99201e-13
6.52 7.79738 -7.75307 -1.32072e-12
6.525 9.01285 -7.82597 9.71223e-13
6.53 10.2202 -7.88411 -1.31362e-12
6.535 11.3674 -7.92082 7.8515e-13
6.54 12.4295 -7.94849 4.63629e-13
6.545 13.4199 -7.9709 1.77636e-14
6.55 14.3915 -7.9727 -2.16716e-12
6.555 15.4024 -7.956 2.70006e-13
6.56 16.4446 -7.94025 1.91847e-13
6.565 17.4851 -7.91491 1.24345e-13
6.57 18.4714 -7.85745 -1.31806e-12
6.575 19.3829 -7.77875 1.03739e-12
6.58 20.2412 -7.69516 1.16884e-12
6.585 21.067 -7.60003 7.78044e-13
6.59 21.9016 -7.4874 1.80478e-12
6.595 22.763 -7.36948 1.79767e-12
6.6 23.6541 -7.25104 2.13163e-12
6.605 24.5729 -7.1187 1.7053e-13
6.61 25.5072 -6.97264 7.24754e-13
6.615 26.4203 -6.8247 -6.03961e-13
6.62 27.2735 -6.67735 -3.55271e-13
6.625 28.0915 -6.52706 1.63425e-12
6.63 28.9158 -6.36994 -1.98952e-13
6.635 29.763 -6.21816 -1.84031e-12
6.64 30.6486 -6.09269 3.12639e-13
6.645 31.5956 -5.98859 2.27374e-13
6.65 32.5891 -5.89264 2.55795e-13
6.655 33.5839 -5.81514 1.42109e-14
6.66 34.5638 -5.76924 -1.02318e-12
6.665 35.5085 -5.75062 5.25802e-13
6.67 36.381 -5.75117 6.75016e-13
6.675 37.1762 -5.76823 -7.95808e-13
6.68 37.9115 -5.79778 6.25278e-13
6.685 38.5992 -5.83214 5.25802e-13
6.69 39.2367 -5.87021 -5.68434e-13
6.695 39.8298 -5.92757 9.37916e-13
6.7 40.3913 -6.00712 1.15108e-12
6.705 40.9266 -6.07828 -5.68434e-13
6.71 41.4397 -6.13725 7.10543e-14
6.715 41.9352 -6.21982 -1.23634e-12
6.72 42.4372 -6.32339 -1.56319e-13
6.725 42.98 -6.42884 -3.41061e-13
6.73 43.5861 -6.54778 -8.2423e-13
6.735 44.2506 -6.66889 3.83693e-13
6.74 44.9355 -6.77659 -8.10019e-13
6.745 45.5793 -6.89026 2.70006e-13
6.75 46.132 -7.00938 1.94689e-12
6.755 46.608 -7.11851 3.41061e-13
6.76 47.0851 -7.22534 -4.26326e-13
6.765 47.6585 -7.33523 8.52651e-14
6.77 48.4101 -7.44342 -8.66862e-13
6.775 49.3573 -7.54265 3.41061e-13
6.78 50.3983 -7.62656 -9.09495e-13
6.785 51.3965 -7.70085 -8.3844e-13
6.79 52.2605 -7.7677 0
6.795 52.9724 -7.81456 4.83169e-13
6.8 53.6081 -7.83055 5.68434e-13
6.805 54.2273 -7.81741 -1.62004e-12
6.81 54.8449 -7.78131 1.53477e-12
6.815 55.4805 -7.71729 1.3074e-12
6.82 56.1265 -7.62499 -1.56319e-12
6.825 56.7235 -7.52133 2.27374e-13
6.83 57.2382 -7.40336 1.16529e-12
6.835 57.7301 -7.26396 -5.54223e-13
6.84 58.2434 -7.11901 8.81073e-13
6.845 58.7673 -6.97082 0
6.85 59.309 -6.81951 -3.12639e-13
6.855 59.8833 -6.67824 -3.12639e-13
6.86 60.4655 -6.54695 -1.84741e-12
6.865 61.0232 -6.42087 1.25056e-12
6.87 61.568 -6.30271 -1.40687e-12
6.875 62.1139 -6.19507 4.40536e-13
6.88 62.6451 -6.09856 7.67386e-13
6.885 63.1569 -6.01285 1.13687e-13
6.89 63.6598 -5.93694 1.56319e-13
6.895 64.1473 -5.87036 1.60583e-12
6.9 64.5986 -5.81947 1.7053e-13
6.905 65.0156 -5.7873 -1.56319e-13
6.91 65.4122 -5.76716 7.81597e-13
6.915 65.7854 -5.76244 5.68434e-13
6.92 66.1274 -5.77711 -1.33582e-12
6.925 66.4384 -5.80187 -4.83169e-13
6.93 66.7139 -5.83214 4.54747e-13
6.935 66.9592 -5.86892 4.83169e-13
6.94 67.1969 -5.91356 6.25278e-13
6.945 67.4475 -5.97165 -9.37916e-13
6.95 67.7249 -6.04568 -5.96856e-13
6.955 68.0186 -6.13284 1.13687e-12
6.96 68.3029 -6.22896 2.21689e-12
6.965 68.5687 -6.32912 8.2423e-13
6.97 68.816 -6.4297 2.33058e-12
6.975 69.0344 -6.52878 1.13687e-13
6.98 69.2128 -6.62974 -6.53699e-13
6.985 69.3668 -6.73707 7.10543e-13
6.99 69.5395 -6.84265 8.2423e-13
6.995 69.7262 -6.94264 7.67386e-13
7 69.8897 -7.05238 -1.13687e-12
7.005 70.0485 -7.17002 -1.50635e-12
7.01 70.2068 -7.26907 1.84741e-12
7.015 70.3306 -7.34251 1.27898e-12
7.02 70.3917 -7.40706 7.10543e-13
7.025 70.3979 -7.46676 -9.09495e-13
7.03 70.3818 -7.5089 -3.97904e-13
7.035 70.3552 -7.53161 1.7053e-13
7.04 70.3304 -7.54387 1.16529e-12
7.045 70.2972 -7.54603 5.11591e-13
7.05 70.2206 -7.53109 -2.55795e-13
7.055 70.0781 -7.49745 4.54747e-13
7.06 69.8681 -7.45587 -8.2423e-13
7.065 69.6146 -7.41244 5.68434e-14
7.07 69.3739 -7.35704 -4.26326e-13
7.075 69.1922 -7.29213 -1.7053e-13
7.08 69.0676 -7.23411 -5.96856e-13
7.085 68.9925 -7.17656 8.52651e-13
7.09 68.9542 -7.10294 5.40012e-13
7.095 68.9365 -7.0176 -3.69482e-13
7.1 68.9245 -6.92392 2.84217e-14
7.105 68.9125 -6.81402 5.96856e-13
7.11 68.8996 -6.69554 -3.69482e-13
7.115 68.8661 -6.57772 1.9611e-12
7.12 68.7969 -6.45372 -8.52651e-14
7.125 68.679 -6.32713 -1.36424e-12
7.13 68.502 -6.2102 5.40012e-13
7.135 68.2106 -6.10766 2.13163e-12
7.14 67.7272 -6.03103 6.53699e-13
7.145 67.116 -5.97593 6.25278e-13
7.15 66.5485 -5.9116 -1.19371e-12
7.155 66.0249 -5.8556 9.66338e-13
7.16 65.4613 -5.83226 2.27374e-13
7.165 64.916 -5.80447 -1.15108e-12
7.17 64.3808 -5.78133 1.3074e-12
7.175 63.8446 -5.79365 9.23706e-13
7.18 63.3584 -5.81211 1.27898e-12
7.185 62.8778 -5.83723 1.49214e-12
7.19 62.362 -5.89149 9.66338e-13
7.195 61.8244 -5.95542 -8.52651e-14
7.2 61.2872 -6.01892 1.7053e-13
7.205 60.7382 -6.09611 4.83169e-13
7.21 60.1793 -6.19065 3.55271e-13
7.215 59.6234 -6.29754 1.60583e-12
7.22 59.0621 -6.41292 -1.76215e-12
7.225 58.5143 -6.53661 -1.16529e-12
7.23 57.9826 -6.6654 4.83169e-13
7.235 57.4282 -6.78998 5.96856e-13
7.24 56.8302 -6.90999 -8.10019e-13
7.245 56.2061 -7.03033 9.66338e-13
7.25 55.5469 -7.14487 -2.27374e-13
7.255 54.8058 -7.24618 2.06057e-12
7.26 53.9884 -7.33546 1.66267e-12
7.265 53.1428 -7.41668 1.23634e-12
7.27 52.2791 -7.48789 1.27898e-12
7.275 51.3929 -7.54036 -7.67386e-13
7.28 50.4946 -7.57221 -8.66862e-13
7.285 49.5982 -7.58901 8.2423e-13
7.29 48.6997 -7.59018 2.84217e-14
7.295 47.7886 -7.57477 -7.67386e-13
7.3 46.8628 -7.54551 1.13687e-13
7.305 45.9147 -7.50095 4.40536e-13
7.31 44.9503 -7.44214 2.55795e-13
7.315 43.9818 -7.37343 3.55271e-13
7.32 43.0174 -7.29482 1.02318e-12
7.325 42.0528 -7.20596 -9.9476e-13
7.33 41.053 -7.11133 -3.12639e-13
7.335 40.0038 -7.02079 -8.52651e-13
7.34 38.9361 -6.93722 4.12115e-13
7.345 37.8719 -6.849 1.56319e-13
7.35 36.7895 -6.75041 5.11591e-13
7.355 35.6773 -6.6509 -2.27374e-13
7.36 34.545 -6.55411 4.12115e-13
7.365 33.3862 -6.45613 2.77112e-13
7.37 32.2128 -6.3603 -4.68958e-13
7.375 31.0374 -6.27089 -5.61329e-13
7.38 29.8537 -6.18896 1.13687e-13
7.385 28.6681 -6.11504 6.82121e-13
7.39 27.5058 -6.04962 -1.76215e-12
7.395 26.3826 -5.99539 -4.90274e-13
7.4 25.2811 -5.95117 5.47118e-13
7.405 24.1933 -5.91565 -4.26326e-14
7.41 23.1123 -5.89018 1.75859e-12
7.415 22.0166 -5.87425 -9.37916e-13
7.42 20.9124 -5.87412 -2.91323e-13
7.425 19.8054 -5.89126 -6.14619e-13
7.43 18.6645 -5.91375 7.38964e-13
7.435 17.4858 -5.94112 -9.30811e-13
7.44 16.2954 -5.98229 1.3145e-13
7.445 15.109 -6.03619 2.4869e-13
7.45 13.9375 -6.09769 -7.79821e-13
7.455 12.7621 -6.16311 1.10312e-12
7.46 11.5672 -6.23754 1.52323e-13
7.465 10.3533 -6.32811 2.17604e-14
7.47 9.11711 -6.42828 -1.29941e-12
7.475 7.88535 -6.5336 -1.93623e-13
7.48 6.68395 -6.63903 3.87246e-13
7.485 5.4957 -6.73736 -1.06581e-12
7.49 4.30252 -6.83242 -6.03961e-14
7.495 3.105 -6.92632 3.51719e-13
7.5 1.90883 -7.02022 -2.17781e-12
7.505 0.709395 -7.1146 -6.21725e-13
7.51 -0.498843 -7.20174 -9.05942e-13
7.515 -1.70949 -7.28008 1.91847e-13
7.52 -2.91786 -7.35316 -2.73559e-13
7.525 -4.10189 -7.41524 7.74492e-13
7.53 -5.25148 -7.45856 -6.46594e-13
7.535 -6.38992 -7.48297 -1.39977e-12
7.54 -7.5509 -7.49268 -1.10134e-12
7.545 -8.75638 -7.48984 -4.40536e-13
7.55 -10.0048 -7.47432 9.09495e-13
7.555 -11.2708 -7.44719 6.39488e-14
7.56 -12.5199 -7.4097 1.84741e-13
7.565 -13.7579 -7.36018 3.2685e-13
7.57 -15.0119 -7.29521 0
7.575 -16.2472 -7.21712 1.42109e-14
7.58 -17.416 -7.13119 -9.59233e-13
7.585 -18.5408 -7.03209 -2.84217e-14
7.59 -19.664 -6.9195 -3.62377e-13
7.595 -20.8172 -6.80719 3.69482e-13
7.6 -22.0073 -6.69276 5.82645e-13
7.605 -23.2019 -6.56548 -1.40687e-12
7.61 -24.3493 -6.43357 1.13687e-12
7.615 -25.4539 -6.30883 4.40536e-13
7.62 -26.5522 -6.19719 1.33582e-12
7.625 -27.6184 -6.10015 2.24532e-12
7.63 -28.6506 -6.01212 5.68434e-14
7.635 -29.6914 -5.93692 5.25802e-13
7.64 -30.7472 -5.88053 -8.2423e-13
7.645 -31.7916 -5.83302 -5.54223e-13
7.65 -32.8039 -5.79267 -2.03215e-12
7.655 -33.8042 -5.76509 5.40012e-13
7.66 -34.8045 -5.74554 3.2685e-13
7.665 -35.7705 -5.74145 7.67386e-13
7.67 -36.6831 -5.75873 4.26326e-13
7.675 -37.5798 -5.78081 2.089e-12
7.68 -38.502 -5.811 2.98428e-13
7.685 -39.4631 -5.87043 2.84217e-14
7.69 -40.4679 -5.95234 5.68434e-14
7.695 -41.5049 -6.0429 -1.91847e-12
7.7 -42.5693 -6.14932 -1.27898e-13
7.705 -43.6199 -6.27345 -2.13163e-13
7.71 -44.6375 -6.39804 8.10019e-13
7.715 -45.6455 -6.50945 1.42109e-12
7.72 -46.6129 -6.61398 -2.089e-12
7.725 -47.5365 -6.7223 -9.66338e-13
7.73 -48.4228 -6.82959 1.02318e-12
7.735 -49.278 -6.9271 3.12639e-13
7.74 -50.1425 -7.01772 -1.13687e-13
7.745 -51.0327 -7.10753 9.09495e-13
7.75 -51.9094 -7.18907 7.38964e-13
7.755 -52.6551 -7.24696 -5.68434e-13
7.76 -53.1917 -7.28659 1.02318e-12
7.765 -53.5441 -7.32205 3.69482e-13
7.77 -53.7896 -7.34836 -1.7053e-13
7.775 -54.0396 -7.36441 -3.41061e-13
7.78 -54.361 -7.36955 -5.68434e-13
7.785 -54.747 -7.3572 -5.40012e-13
7.79 -55.1795 -7.33743 -3.41061e-13
7.795 -55.6867 -7.31402 6.53699e-13
7.8 -56.3033 -7.28045 1.19371e-12
7.805 -56.9553 -7.23885 -1.16529e-12
7.81 -57.5301 -7.18644 -3.12639e-13
7.815 -57.9923 -7.12084 1.50635e-12
7.82 -58.3829 -7.05116 -1.90425e-12
7.825 -58.7783 -6.97842 2.04636e-12
7.83 -59.2049 -6.89588 5.68434e-13
7.835 -59.66 -6.80808 -2.84217e-14
7.84 -60.1278 -6.71647 -1.76215e-12
7.845 -60.5776 -6.61784 9.37916e-13
7.85 -60.9749 -6.51962 -1.19371e-12
7.855 -61.2876 -6.42124 -1.13687e-13
7.86 -61.5551 -6.31532 1.98952e-12
7.865 -61.8522 -6.20583 -3.41061e-13
7.87 -62.2204 -6.0987 1.13687e-12
7.875 -62.6345 -5.99756 1.22213e-12
7.88 -63.034 -5.91139 1.42109e-12
7.885 -63.3693 -5.8514 -1.90425e-12
7.89 -63.5892 -5.8125 3.41061e-13
7.895 -63.6948 -5.77699 6.53699e-13
7.9 -63.7541 -5.74555 -2.58638e-12
7.905 -63.8144 -5.72935 -5.68434e-14
7.91 -63.8786 -5.72394 -1.42109e-13
7.915 -63.9836 -5.72598 6.25278e-13
7.92 -64.1329 -5.74522 9.66338e-13
7.925 -64.2358 -5.77967 -3.69482e-13
7.93 -64.2612 -5.82049 2.84217e-13
7.935 -64.2511 -5.87539 5.68434e-13
7.94 -64.2049 -5.94759 5.96856e-13
7.945 -64.0801 -6.02803 -5.11591e-13
7.95 -63.9054 -6.11897 1.7053e-13
7.955 -63.7368 -6.22253 -9.66338e-13
7.96 -63.5597 -6.32894 7.38964e-13
7.965 -63.3712 -6.4381 7.95808e-13
7.97 -63.2062 -6.55528 -7.38964e-13
7.975 -63.0712 -6.66718 -8.52651e-13
7.98 -62.9388 -6.76402 -1.50635e-12
7.985 -62.8019 -6.86098 -1.13687e-13
7.99 -62.6612 -6.95633 2.55795e-13
7.995 -62.4944 -7.0303 6.53699e-13
8 -62.294 -7.10003 2.27374e-13
8.005 -62.0767 -7.18666 -3.12639e-13
8.01 -61.8538 -7.26607 -7.95808e-13
8.015 -61.6237 -7.31521 1.08002e-12
8.02 -61.3913 -7.33864 -1.56319e-12
8.025 -61.1629 -7.3516 -5.11591e-13
8.03 -60.9246 -7.36579 1.25056e-12
8.035 -60.6622 -7.35799 1.7053e-13
8.04 -60.3761 -7.30684 7.38964e-13
8.045 -60.0717 -7.24726 3.41061e-13
8.05 -59.7529 -7.19386 -1.27898e-12
8.055 -59.423 -7.11595 -8.2423e-13
8.06 -59.075 -7.02573 6.25278e-13
8.065 -58.6894 -6.94557 -2.27374e-13
8.07 -58.256 -6.85712 4.26326e-13
8.075 -57.7816 -6.76118 1.7053e-12
8.08 -57.2775 -6.67797 -2.55795e-13
8.085 -56.7521 -6.60265 7.95808e-13
8.09 -56.2153 -6.5205 -5.40012e-13
8.095 -55.6886 -6.43117 -2.84217e-13
8.1 -55.1956 -6.34087 -7.38964e-13
8.105 -54.742 -6.24879 -2.84217e-14
8.11 -54.3183 -6.15489 -2.84217e-13
8.115 -53.9191 -6.06514 -1.33582e-12
8.12 -53.5411 -5.98352 2.84217e-13
8.125 -53.165 -5.90747 -8.2423e-13
8.13 -52.759 -5.83418 2.27374e-13
8.135 -52.3012 -5.77134 7.10543e-13
8.14 -51.793 -5.72839 -1.22213e-12
8.145 -51.2489 -5.70848 -6.53699e-13
8.15 -50.6915 -5.71641 -4.26326e-13
8.155 -50.1806 -5.74611 -4.83169e-13
8.16 -49.7136 -5.77852 8.52651e-14
8.165 -49.2115 -5.8107 1.62004e-12
8.17 -48.669 -5.84986 1.84741e-12
8.175 -48.1224 -5.89521 3.69482e-13
8.18 -47.5587 -5.95235 2.70006e-13
8.185 -46.9403 -6.02626 1.49214e-12
8.19 -46.298 -6.10833 7.53175e-13
8.195 -45.6635 -6.19463 -5.68434e-14
8.2 -45.0086 -6.28497 7.95808e-13
8.205 -44.3259 -6.37167 -1.76215e-12
8.21 -43.6083 -6.45378 1.25056e-12
8.215 -42.8395 -6.53787 4.54747e-13
8.22 -42.0214 -6.62028 9.9476e-13
8.225 -41.1793 -6.69195 -1.42109e-14
8.23 -40.3278 -6.75843 3.83693e-13
8.235 -39.4584 -6.82792 -4.40536e-13
8.24 -38.5745 -6.89436 5.96856e-13
8.245 -37.6765 -6.95937 1.1795e-12
8.25 -36.7497 -7.03002 -2.13163e-13
8.255 -35.7958 -7.09166 2.98428e-13
8.26 -34.8263 -7.13139 -1.12266e-12
8.265 -33.841 -7.16404 1.42109e-13
8.27 -32.8494 -7.20088 -1.40687e-12
8.275 -31.8743 -7.22527 -7.24754e-13
8.28 -30.9111 -7.22874 9.9476e-13
8.285 -29.9264 -7.22399 -1.50635e-12
8.29 -28.9286 -7.20775 8.10019e-13
8.295 -27.9625 -7.16784 5.82645e-13
8.3 -27.0182 -7.10789 4.26326e-13
8.305 -26.089 -7.03985 -4.40536e-13
8.31 -25.2321 -6.96511 7.81597e-13
8.315 -24.4081 -6.87744 -7.95808e-13
8.32 -23.4872 -6.78551 -5.25802e-13
8.325 -22.4567 -6.69925 -6.25278e-13
8.33 -21.3889 -6.61051 -1.27898e-13
8.335 -20.2861 -6.51414 6.6791e-13
8.34 -19.1529 -6.4217 -1.63425e-12
8.345 -18.0547 -6.3377 -1.35714e-12
8.35 -16.9905 -6.25104 -5.68434e-14
8.355 -15.9102 -6.16125 5.68434e-13
8.36 -14.8053 -6.07995 8.73968e-13
8.365 -13.6866 -6.00753 -6.11067e-13
8.37 -12.5362 -5.93893 2.77112e-13
8.375 -11.3501 -5.87864 -1.44951e-12
8.38 -10.1706 -5.82873 -2.20268e-13
8.385 -8.99107 -5.78713 8.2423e-13
8.39 -7.77387 -5.75718 -1.09068e-12
8.395 -6.52096 -5.73692 -1.32871e-12
8.4 -5.25826 -5.72385 2.38032e-13
8.405 -3.99612 -5.72331 -5.57776e-13
8.41 -2.7336 -5.73876 -2.45137e-13
8.415 -1.50737 -5.7707 1.17595e-12
8.42 -0.327471 -5.81913 7.53175e-13
8.425 0.851414 -5.88216 3.606e-13
8.43 2.05912 -5.95693 2.14939e-12
8.435 3.26697 -6.04095 5.64881e-13
8.44 4.44187 -6.13356 5.00933e-13
8.445 5.59348 -6.23547 5.19584e-13
8.45 6.72234 -6.34262 -1.27831e-12
8.455 7.81824 -6.44596 6.54587e-13
8.46 8.89265 -6.54223 3.4639e-13
8.465 9.97313 -6.63676 6.88338e-13
8.47 11.0664 -6.72986 2.79776e-13
8.475 12.173 -6.81455 3.97904e-13
8.48 13.3151 -6.89274 -1.37135e-12
8.485 14.4729 -6.96962 -1.26121e-12
8.49 15.6032 -7.0402 1.08713e-12
8.495 16.7283 -7.10147 -1.22569e-12
8.5 17.9059 -7.15257 -6.78568e-13
8.505 19.1432 -7.18531 5.96856e-13
8.51 20.4162 -7.19822 6.50147e-13
8.515 21.7251 -7.19733 1.42109e-13
8.52 23.0451 -7.1834 1.68399e-12
8.525 24.3261 -7.15791 4.90274e-13
8.53 25.5582 -7.12709 4.26326e-14
8.535 26.7653 -7.09239 1.27898e-13
8.54 27.9445 -7.04548 1.32161e-12
8.545 29.0957 -6.98586 9.09495e-13
8.55 30.2572 -6.92196 5.04485e-13
8.555 31.4426 -6.85244 -7.81597e-13
8.56 32.638 -6.77868 -3.41061e-13
8.565 33.839 -6.70549 -1.15818e-12
8.57 35.0368 -6.63144 5.11591e-13
8.575 36.1911 -6.55625 2.62901e-13
8.58 37.2885 -6.47381 8.02913e-13
8.585 38.3413 -6.38241 -3.69482e-13
8.59 39.345 -6.29042 1.10845e-12
8.595 40.3313 -6.20032 -1.42109e-13
8.6 41.3452 -6.11542 -1.0516e-12
8.605 42.42 -6.03856 1.36424e-12
8.61 43.5545 -5.96891 -7.95808e-13
8.615 44.7027 -5.90989 0
8.62 45.8289 -5.86109 -7.24754e-13
8.625 46.9147 -5.82294 -2.98428e-13
8.63 47.9622 -5.79703 -3.83693e-13
8.635 48.9599 -5.7721 1.35003e-12
8.64 49.9097 -5.74828 -9.9476e-13
8.645 50.8489 -5.74357 -1.5774e-12
8.65 51.7991 -5.75832 -9.66338e-13
8.655 52.7672 -5.78163 -5.82645e-13
8.66 53.7581 -5.81551 -2.18847e-12
8.665 54.7708 -5.85994 -9.9476e-14
8.67 55.7767 -5.90881 -2.84217e-14
8.675 56.7479 -5.9687 -9.23706e-13
8.68 57.6961 -6.04417 8.2423e-13
8.685 58.6543 -6.12373 1.98952e-13
8.69 59.6433 -6.2024 6.82121e-13
8.695 60.6552 -6.28634 -1.73372e-12
8.7 61.6813 -6.37434 1.10845e-12
8.705 62.7246 -6.46096 2.55795e-13
8.71 63.7905 -6.54802 -4.9738e-13
8.715 64.852 -6.63493 1.39266e-12
8.72 65.8498 -6.71631 1.50635e-12
8.725 66.7611 -6.79243 1.56319e-12
8.73 67.5714 -6.86383 -1.16529e-12
8.735 68.274 -6.9274 1.44951e-12
8.74 68.9121 -6.98483 1.87583e-12
8.745 69.5419 -7.03917 -5.96856e-13
8.75 70.217 -7.08527 8.52651e-13
8.755 70.9379 -7.11785 3.12639e-13
8.76 71.6552 -7.1347 4.83169e-13
8.765 72.305 -7.13461 -4.54747e-13
8.77 72.8414 -7.12068 -1.53477e-12
8.775 73.2968 -7.0935 -1.42109e-13
8.78 73.7361 -7.0558 7.10543e-13
8.785 74.2434 -7.00955 -1.50635e-12
8.79 74.8734 -6.95163 -9.66338e-13
8.795 75.5925 -6.88535 7.38964e-13
8.8 76.3277 -6.81223 -1.3074e-12
8.805 77.0195 -6.73364 -6.53699e-13
8.81 77.6492 -6.65624 1.13687e-13
8.815 78.2302 -6.57672 -4.83169e-13
8.82 78.7709 -6.49117 -7.38964e-13
8.825 79.2743 -6.40874 -9.9476e-13
8.83 79.7729 -6.33166 -1.67688e-12
8.835 80.2898 -6.25269 -1.7053e-13
8.84 80.7965 -6.16065 8.81073e-13
8.845 81.2013 -6.08025 2.84217e-13
8.85 81.4999 -6.0225 -8.52651e-13
8.855 81.8183 -5.95061 2.84217e-14
8.86 82.1434 -5.8736 2.84217e-13
8.865 82.3815 -5.80387 6.82121e-13
8.87 82.594 -5.74952 -1.7053e-12
8.875 82.847 -5.72752 1.50635e-12
8.88 83.1101 -5.71496 4.83169e-13
8.885 83.3529 -5.71264 1.42109e-13
8.89 83.6344 -5.73155 3.41061e-13
8.895 83.8833 -5.74441 -1.3074e-12
8.9 83.8852 -5.77881 -3.69482e-13
8.905 83.7815 -5.82766 8.52651e-14
8.91 83.8929 -5.84862 6.82121e-13
8.915 84.124 -5.90656 1.13687e-12
8.92 84.2009 -5.99397 -8.81073e-13
8.925 84.173 -6.06512 1.44951e-12
8.93 84.1778 -6.15794 7.38964e-13
8.935 84.1833 -6.24029 -1.56319e-12
8.94 84.1627 -6.30949 -2.27374e-13
8.945 84.1811 -6.41084 1.0516e-12
8.95 84.184 -6.49149 -3.41061e-13
8.955 84.1181 -6.54078 -1.13687e-13
8.96 84.033 -6.61002 5.68434e-14
8.965 83.9183 -6.69357 1.98952e-12
8.97 83.7269 -6.76291 8.52651e-13
8.975 83.4832 -6.8128 -9.9476e-13
8.98 83.2571 -6.85916 1.42109e-12
8.985 83.0441 -6.89923 -2.359e-12
8.99 82.8494 -6.91888 5.11591e-13
8.995 82.6635 -6.93767 -3.12639e-13
9 82.4485 -6.96567 9.09495e-13
9.005 82.2033 -6.98396 -3.41061e-13
9.01 81.9355 -6.98588 -1.27898e-12
9.015 81.5787 -6.98033 3.69482e-13
9.02 81.0432 -6.96646 1.81899e-12
9.025 80.4044 -6.93673 -1.7053e-13
9.03 79.7978 -6.89866 -1.7053e-13
9.035 79.2071 -6.85839 -3.97904e-13
9.04 78.6113 -6.81458 1.98952e-13
9.045 78.0992 -6.76284 -3.12639e-13
9.05 77.6517 -6.69566 -1.7053e-13
9.055 77.211 -6.62182 6.82121e-13
9.06 76.7897 -6.54866 3.41061e-13
9.065 76.3558 -6.46715 2.84217e-13
9.07 75.8715 -6.38156 1.13687e-13
9.075 75.3476 -6.30284 -6.53699e-13
9.08 74.818 -6.22599 1.19371e-12
9.085 74.2748 -6.14649 -1.13687e-13
9.09 73.7025 -6.06972 -3.12639e-13
9.095 73.1125 -6.00121 1.13687e-12
9.1 72.5074 -5.94274 -1.79057e-12
9.105 71.8951 -5.89495 -7.10543e-13
9.11 71.2845 -5.85759 2.27374e-13
9.115 70.6814 -5.82675 5.96856e-13
9.12 70.0859 -5.80105 -5.68434e-14
9.125 69.4931 -5.78482 5.40012e-13
9.13 68.8962 -5.77939 1.98952e-13
9.135 68.2716 -5.78218 1.69109e-12
9.14 67.6242 -5.79184 8.95284e-13
9.145 66.9702 -5.81058 -6.25278e-13
9.15 66.2959 -5.84103 -9.9476e-14
9.155 65.6001 -5.88325 -1.7053e-13
9.16 64.8809 -5.93312 -5.96856e-13
9.165 64.1375 -5.98855 -1.66267e-12
9.17 63.385 -6.05673 -1.16529e-12
9.175 62.637 -6.13288 -1.52056e-12
9.18 61.8893 -6.20498 -5.68434e-14
9.185 61.1239 -6.27777 1.42109e-13
9.19 60.3269 -6.35444 -2.27374e-13
9.195 59.4877 -6.43112 -6.96332e-13
9.2 58.6099 -6.50735 -7.38964e-13
9.205 57.7083 -6.58116 9.23706e-13
9.21 56.7961 -6.65149 -1.3074e-12
9.215 55.8822 -6.71812 -2.84217e-13
9.22 54.9706 -6.77872 -1.66267e-12
9.225 54.0601 -6.83038 2.84217e-13
9.23 53.1493 -6.87337 -9.9476e-13
9.235 52.2384 -6.91201 -4.54747e-13
9.24 51.3447 -6.94338 -5.96856e-13
9.245 50.4789 -6.96013 -1.64846e-12
9.25 49.6164 -6.96606 -7.24754e-13
9.255 48.7467 -6.96855 9.80549e-13
9.26 47.8617 -6.9634 1.13687e-13
9.265 46.9338 -6.9465 -3.12639e-13
9.27 45.9445 -6.92184 -1.42109e-13
9.275 44.9107 -6.88852 -1.56319e-12
9.28 43.8559 -6.84426 2.84217e-14
9.285 42.7759 -6.79233 -5.68434e-14
9.29 41.6791 -6.73384 8.2423e-13
9.295 40.5831 -6.66924 1.36424e-12
9.3 39.5034 -6.60145 4.76064e-13
9.305 38.4405 -6.52831 9.9476e-14
9.31 37.3749 -6.44959 -6.96332e-13
9.315 36.3003 -6.37236 5.47118e-13
9.32 35.2168 -6.2966 3.90799e-13
9.325 34.1297 -6.22057 8.59757e-13
9.33 33.0225 -6.14953 2.27374e-13
9.335 31.9066 -6.08499 9.23706e-13
9.34 30.8102 -6.02711 -7.31859e-13
9.345 29.7125 -5.97721 -6.53699e-13
9.35 28.6088 -5.93435 -4.40536e-13
9.355 27.4753 -5.90009 -7.49623e-13
9.36 26.2969 -5.87306 1.27898e-13
9.365 25.0688 -5.85234 -1.77636e-12
9.37 23.8032 -5.84091 -1.63425e-13
9.375 22.5489 -5.836 -6.89226e-13
9.38 21.3 -5.83834 -1.39977e-12
9.385 20.0769 -5.85126 1.25766e-12
9.39 18.9182 -5.87299 1.04805e-12
9.395 17.8013 -5.9026 1.38201e-12
9.4 16.665 -5.93642 1.32161e-12
9.405 15.49 -5.97344 3.81917e-13
9.41 14.2931 -6.02006 1.58717e-12
9.415 13.0641 -6.07616 -9.25926e-13
9.42 11.8304 -6.136 -1.3971e-12
9.425 10.6098 -6.19795 -2.85105e-13
9.43 9.39333 -6.26201 1.24878e-12
9.435 8.1859 -6.32887 -1.66978e-12
9.44 6.99091 -6.39964 3.71259e-13
9.445 5.80732 -6.47255 8.3844e-13
9.45 4.60754 -6.54494 1.46372e-12
9.455 3.36626 -6.6144 -5.08038e-13
9.46 2.08738 -6.678 -4.9738e-14
9.465 0.788599 -6.73506 -7.38964e-13
9.47 -0.538011 -6.78742 -8.20677e-13
9.475 -1.91061 -6.83655 1.63425e-12
9.48 -3.3273 -6.88001 8.52651e-14
9.485 -4.75115 -6.91172 1.45661e-12
9.49 -6.13736 -6.93089 1.20792e-13
9.495 -7.47634 -6.94313 2.38032e-12
9.5 -8.76297 -6.94853 -3.2685e-13
9.505 -9.99024 -6.94304 -2.91323e-13
9.51 -11.1353 -6.92806 -1.11555e-12
9.515 -12.1956 -6.90549 -8.02913e-13
9.52 -13.2208 -6.87272 1.21503e-12
9.525 -14.252 -6.83105 -6.39488e-13
9.53 -15.2878 -6.78554 -9.23706e-13
9.535 -16.3304 -6.73516 8.52651e-13
9.54 -17.4143 -6.67673 3.55271e-13
9.545 -18.5463 -6.61163 5.68434e-14
9.55 -19.7061 -6.54354 3.2685e-13
9.555 -20.8946 -6.47515 -6.82121e-13
9.56 -22.1191 -6.40742 1.87583e-12
9.565 -23.3772 -6.33955 -1.5774e-12
9.57 -24.6561 -6.26881 -1.66267e-12
9.575 -25.9328 -6.19733 -5.68434e-14
9.58 -27.2038 -6.13187 7.10543e-14
9.585 -28.4569 -6.07023 2.98428e-13
9.59 -29.6621 -6.00974 1.19371e-12
9.595 -30.8038 -5.95727 -5.96856e-13
9.6 -31.8815 -5.91439 1.42109e-12
9.605 -32.9084 -5.87814 2.70006e-13
9.61 -33.8989 -5.85102 -1.42109e-12
9.615 -34.9243 -5.83405 7.53175e-13
9.62 -36.0397 -5.82038 3.41061e-13
9.625 -37.1984 -5.80978 -9.52127e-13
9.63 -38.3271 -5.81274 -6.96332e-13
9.635 -39.4091 -5.82585 2.84217e-13
9.64 -40.4884 -5.84354 -5.25802e-13
9.645 -41.5204 -5.872 5.11591e-13
9.65 -42.48 -5.90936 4.54747e-13
9.655 -43.4311 -5.95423 5.96856e-13
9.66 -44.3718 -6.00797 8.95284e-13
9.665 -45.2873 -6.06678 1.20792e-12
9.67 -46.1937 -6.13238 3.69482e-13
9.675 -47.0996 -6.20372 -3.69482e-13
9.68 -47.9671 -6.27511 2.84217e-13
9.685 -48.786 -6.34748 -1.42109e-13
9.69 -49.6016 -6.42148 7.95808e-13
9.695 -50.423 -6.49507 1.67688e-12
9.7 -51.2503 -6.56519 6.82121e-13
9.705 -52.0817 -6.62864 -8.81073e-13
9.71 -52.913 -6.68731 -1.39266e-12
9.715 -53.7477 -6.74278 -2.13163e-12
9.72 -54.5928 -6.79238 -1.13687e-12
9.725 -55.4617 -6.83316 -9.37916e-13
9.73 -56.3462 -6.86531 -3.12639e-13
9.735 -57.2352 -6.89145 8.52651e-14
9.74 -58.1117 -6.91008 1.36424e-12
9.745 -58.9503 -6.91758 2.55795e-13
9.75 -59.7323 -6.91412 -3.69482e-13
9.755 -60.4496 -6.90064 3.97904e-13
9.76 -61.1068 -6.87869 -5.68434e-13
9.765 -61.6996 -6.85003 4.83169e-13
9.77 -62.2329 -6.81256 -1.81899e-12
9.775 -62.7211 -6.76736 1.42109e-13
9.78 -63.1804 -6.71932 -2.84217e-14
9.785 -63.6304 -6.66726 7.95808e-13
9.79 -64.0831 -6.6089 5.40012e-13
9.795 -64.5384 -6.54626 -9.66338e-13
9.8 -64.9807 -6.48052 1.10845e-12
9.805 -65.4034 -6.4114 2.27374e-13
9.81 -65.8172 -6.33941 5.68434e-14
9.815 -66.2339 -6.26545 1.33582e-12
9.82 -66.6485 -6.19063 5.40012e-13
9.825 -67.0379 -6.11735 1.98952e-13
9.83 -67.4007 -6.04923 1.44951e-12
9.835 -67.7533 -5.98865 1.62004e-12
9.84 -68.0882 -5.93591 -8.52651e-14
9.845 -68.377 -5.89068 -1.98952e-13
9.85 -68.5931 -5.85337 -8.52651e-14
9.855 -68.7313 -5.82508 9.66338e-13
9.86 -68.8136 -5.80452