500 4.05245e-19 -6.56818e-10
1000 -9.01299e-19 1.97045e-09
1500 8.79417e-19 -3.28409e-09
2000 -7.90711e-19 4.59772e-09
2500 9.05713e-19 -5.91135e-09
3000 -1.10852e-18 7.22497e-09
3500 1.22229e-18 -8.5386e-09
4000 -1.21492e-18 9.85222e-09
4500 1.14695e-18 -1.11658e-08
5000 -1.14174e-18 1.24794e-08
5500 1.11921e-18 -1.3793e-08
6000 -9.16812e-19 1.51066e-08
6500 8.15803e-19 -1.64202e-08
7000 -7.24383e-19 1.77338e-08
7500 7.33753e-19 -1.90473e-08
8000 -9.9747e-19 2.03608e-08
8500 1.05169e-18 -2.16743e-08
9000 -6.5454e-19 2.29878e-08
9500 2.18922e-19 -2.43013e-08
10000 3.15453e-19 2.56147e-08
10500 -1.04813e-18 -2.69281e-08
11000 1.34883e-18 2.82415e-08
11500 -2.08921e-18 -2.95548e-08
12000 3.0378e-18 3.08682e-08
12500 -3.65092e-18 -3.21814e-08
13000 4.55971e-18 3.34947e-08
13500 -5.50114e-18 -3.48079e-08
14000 6.38203e-18 3.61211e-08
14500 -7.2633e-18 -3.74343e-08
15000 8.30948e-18 3.87474e-08
15500 -9.4888e-18 -4.00605e-08
16000 1.01267e-17 4.13735e-08
16500 -1.10518e-17 -4.26865e-08
17000 1.2559e-17 4.39995e-08
17500 -1.34248e-17 -4.53124e-08
18000 1.41038e-17 4.66253e-08
18500 -1.54143e-17 -4.79381e-08
19000 1.68163e-17 4.92508e-08
19500 -1.81157e-17 -5.05636e-08
20000 1.96952e-17 5.18762e-08
20500 -2.1177e-17 -5.31888e-08
21000 2.26822e-17 5.45014e-08
21500 -2.4339e-17 -5.58139e-08
22000 2.55904e-17 5.71264e-08
22500 -2.65754e-17 -5.84388e-08
23000 2.80976e-17 5.97511e-08
23500 -2.99771e-17 -6.10634e-08
24000 3.15183e-17 6.23756e-08
24500 -3.29415e-17 -6.36877e-08
25000 3.49525e-17 6.49998e-08
0.005 -0.0217183 5.91849e-08
0.01 -0.0215771 6.58253e-08
0.015 -0.0124 7.49431e-08
0.02 -0.007103 7.69458e-08
0.025 -0.00921941 2.39026e-08
0.03 -0.0109834 -2.38087e-07
0.035 -0.0116606 -1.06021e-06
0.04 -0.011532 -3.03786e-06
0.045 -0.0112456 -6.88931e-06
0.05 -0.011191 -1.3113e-05
0.055 -0.0115186 -2.15548e-05
0.06 -0.0122 -3.11463e-05
0.065 -0.0129512 -4.00182e-05
0.07 -0.0135331 -4.59905e-05
0.075 -0.0139113 -4.72739e-05
0.08 -0.0140416 -4.31027e-05
0.085 -0.0137737 -3.38988e-05
0.09 -0.0130965 -2.06995e-05
0.095 -0.0122349 -4.24255e-06
0.1 -0.0113494 1.54291e-05
0.105 -0.0104066 3.86019e-05
0.11 -0.0093634 6.52368e-05
0.115 -0.00829031 9.38731e-05
0.12 -0.00748352 0.00012165
0.125 -0.00727223 0.000145832
0.13 -0.00753445 0.00016365
0.135 -0.00790129 0.000171252
0.14 -0.00814104 0.000163395
0.145 -0.00803703 0.000132077
0.15 -0.00760608 6.69543e-05
0.155 -0.00730537 -4.29321e-05
0.16 -0.00729975 -0.000215685
0.165 -0.00712019 -0.00048564
0.17 -0.00659055 -0.000901459
0.175 -0.00623 -0.00152226
0.18 -0.00635477 -0.00242303
0.185 -0.00662734 -0.00369671
0.19 -0.00678262 -0.00543312
0.195 -0.00698309 -0.00768786
0.2 -0.00717284 -0.010465
0.205 -0.00696359 -0.0136964
0.21 -0.00651468 -0.0172158
0.215 -0.00663713 -0.0207552
0.22 -0.00766127 -0.0239712
0.225 -0.00892754 -0.0264909
0.23 -0.0095809 -0.027986
0.235 -0.00926314 -0.0282692
0.24 -0.00796066 -0.027381
0.245 -0.0059119 -0.0256162
0.25 -0.00363503 -0.0234895
0.255 -0.00186455 -0.0216336
0.26 -0.00207988 -0.0206116
0.265 -0.00548362 -0.0207401
0.27 -0.0101107 -0.0220023
0.275 -0.0122538 -0.0240352
0.28 -0.0115925 -0.0262108
0.285 -0.0107626 -0.0278163
0.29 -0.0107135 -0.0282659
0.295 -0.0104266 -0.0272949
0.3 -0.00929477 -0.0250734
0.305 -0.0078482 -0.0221493
0.31 -0.00724866 -0.0192323
0.315 -0.00735688 -0.0169314
0.32 -0.00629545 -0.0155537
0.325 -0.00355467 -0.0150346
0.33 -0.00106176 -0.0150291
0.335 -0.000676403 -0.0151074
0.34 -0.00287799 -0.0149551
0.345 -0.00706157 -0.0145012
0.35 -0.0114996 -0.0139214
0.355 -0.0145407 -0.0135102
0.36 -0.016097 -0.0134878
0.365 -0.0164593 -0.0138535
0.37 -0.015205 -0.0143675
0.375 -0.0124395 -0.0146738
0.38 -0.00964944 -0.0144976
0.385 -0.00864353 -0.0138106
0.39 -0.00956157 -0.0128712
0.395 -0.0104756 -0.0121089
0.4 -0.00998729 -0.0119079
0.405 -0.00876653 -0.0124093
0.41 -0.00787797 -0.0134413
0.415 -0.00816865 -0.0146093
0.42 -0.0100006 -0.0154893
0.425 -0.0119959 -0.0158188
0.43 -0.0128128 -0.0155925
0.435 -0.013335 -0.0150247
0.44 -0.0150396 -0.014409
0.445 -0.0174965 -0.0139563
0.45 -0.0178261 -0.0137059
0.455 -0.013662 -0.0135552
0.46 -0.00834885 -0.0133838
0.465 -0.00889961 -0.0131899
0.47 -0.0153428 -0.0131458
0.475 -0.0190971 -0.0135274
0.48 -0.0156396 -0.0145538
0.485 -0.0115477 -0.016228
0.49 -0.015246 -0.0182645
0.495 -0.0240886 -0.020145
0.5 -0.025387 -0.0212833
0.505 -0.0128935 -0.0212325
0.51 0.00326755 -0.0198476
0.515 0.00913074 -0.0173406
0.52 0.00448731 -0.0142156
0.525 0.00144792 -0.0111302
0.53 0.00731713 -0.00874165
0.535 0.0156976 -0.00757091
0.54 0.0166362 -0.00789858
0.545 0.00981171 -0.00971006
0.55 0.00377749 -0.0127011
0.555 0.00294186 -0.0163358
0.56 0.000638694 -0.0199498
0.565 -0.00959538 -0.0228928
0.57 -0.022571 -0.0246739
0.575 -0.0296385 -0.0250525
0.58 -0.0312296 -0.0240359
0.585 -0.0337124 -0.0218007
0.59 -0.0383782 -0.0185909
0.595 -0.0389865 -0.0146604
0.6 -0.0320366 -0.0102969
0.605 -0.0235211 -0.00588405
0.61 -0.019801 -0.00192141
0.615 -0.0184495 0.0010469
0.62 -0.013097 0.0025868
0.625 -0.00353215 0.0025579
0.63 0.00332573 0.00123307
0.635 0.00307345 -0.00074456
0.64 0.000220666 -0.00258818
0.645 0.00238477 -0.00368159
0.65 0.0102092 -0.0038268
0.655 0.0171378 -0.00330193
0.66 0.0197189 -0.00269606
0.665 0.0214766 -0.00259619
0.67 0.0223922 -0.00328097
0.675 0.0141252 -0.00457488
0.68 -0.00605 -0.00593132
0.685 -0.0274721 -0.00669191
0.69 -0.0383462 -0.00637654
0.695 -0.0376849 -0.00484777
0.7 -0.031242 -0.00227192
0.705 -0.0216638 0.00108061
0.71 -0.0114677 0.00505494
0.715 -0.00752836 0.00968842
0.72 -0.0114095 0.0150749
0.725 -0.0134515 0.0211034
0.73 -0.00427399 0.0272342
0.735 0.0117251 0.0324436
0.74 0.0214746 0.0354184
0.745 0.0183273 0.0349635
0.75 0.00588622 0.0304291
0.755 -0.00640492 0.0219661
0.76 -0.00981361 0.0105394
0.765 -0.00645486 -0.00234756
0.77 -0.00912383 -0.0151374
0.775 -0.022582 -0.0266272
0.78 -0.0341079 -0.0361165
0.785 -0.0310721 -0.0433455
0.79 -0.0171836 -0.0482848
0.795 -0.00575117 -0.0508649
0.8 -0.00314265 -0.050836
0.805 -0.00327221 -0.0478301
0.81 0.000617419 -0.0415507
0.815 0.0029904 -0.0320333
0.82 -0.0052461 -0.0198715
0.825 -0.0193495 -0.00623514
0.83 -0.0315234 0.00734044
0.835 -0.0469103 0.0192914
0.84 -0.0682805 0.0284172
0.845 -0.0854746 0.0342032
0.85 -0.0890761 0.0368767
0.855 -0.0790476 0.0371422
0.86 -0.0622052 0.0357713
0.865 -0.0448794 0.0332734
0.87 -0.0261589 0.0297468
0.875 -0.00543583 0.0248909
0.88 0.00877058 0.0181927
0.885 0.0121648 0.00927882
0.89 0.0135968 -0.00171259
0.895 0.0163073 -0.0138786
0.9 0.010963 -0.0255158
0.905 -0.00385756 -0.0344504
0.91 -0.0134999 -0.0386589
0.915 -0.00497249 -0.0368402
0.92 0.0156821 -0.0287973
0.925 0.0280086 -0.0156314
0.93 0.021282 0.000377824
0.935 0.00738021 0.0162452
0.94 0.0026635 0.0289251
0.945 0.00868244 0.0360069
0.95 0.0171875 0.0363293
0.955 0.0174999 0.0302625
0.96 -0.000221522 0.0195389
0.965 -0.030761 0.00673303
0.97 -0.0543036 -0.00546253
0.975 -0.0611103 -0.0149517
0.98 -0.0565036 -0.0206949
0.985 -0.0398264 -0.0228057
0.99 -0.00244446 -0.0222974
0.995 0.0460083 -0.0205714
1 0.0709898 -0.0188744
1.005 0.0497127 -0.0179888
1.01 0.00638842 -0.0182798
1.015 -0.0117344 -0.0200409
1.02 0.00267777 -0.0238948
1.025 0.0108089 -0.0308963
1.03 -0.0144387 -0.0421855
1.035 -0.0579359 -0.0583152
1.04 -0.0851627 -0.0785338
1.045 -0.0761296 -0.100328
1.05 -0.0341816 -0.119704
1.055 0.024156 -0.132269
1.06 0.0743061 -0.134415
1.065 0.097924 -0.124383
1.07 0.0996553 -0.102979
1.075 0.0894512 -0.073303
1.08 0.0600965 -0.0398442
1.085 0.00452947 -0.0075405
1.09 -0.0641328 0.019259
1.095 -0.12583 0.0376097
1.1 -0.16889 0.0461556
1.105 -0.183993 0.0451017
1.11 -0.157567 0.0361807
1.115 -0.0859323 0.0222721
1.12 0.00476905 0.00677739
1.125 0.0745175 -0.00699092
1.13 0.11013 -0.0164634
1.135 0.127316 -0.0203428
1.14 0.138917 -0.0188194
1.145 0.140206 -0.0136478
1.15 0.119429 -0.00794243
1.155 0.0774546 -0.00523602
1.16 0.0305947 -0.0079821
1.165 -0.00938576 -0.0162738
1.17 -0.0451598 -0.0274858
1.175 -0.0772243 -0.0371799
1.18 -0.095477 -0.0408976
1.185 -0.0961363 -0.0358092
1.19 -0.0943503 -0.0214725
1.195 -0.110026 0.000266555
1.2 -0.134304 0.0258492
1.205 -0.119177 0.0507319
1.21 -0.0262547 0.0701407
1.215 0.11354 0.0798836
1.22 0.219041 0.0771508
1.225 0.246307 0.0611098
1.23 0.216545 0.0332572
1.235 0.160947 -0.00245986
1.24 0.0873347 -0.0399007
1.245 0.00168858 -0.0715767
1.25 -0.073108 -0.0901677
1.255 -0.0873494 -0.0904789
1.26 -0.0123141 -0.0712395
1.265 0.0836487 -0.0360965
1.27 0.0763335 0.00663051
1.275 -0.0581818 0.0456317
1.28 -0.195157 0.0694385
1.285 -0.215123 0.0695534
1.29 -0.135239 0.0429777
1.295 -0.0404895 -0.00653068
1.3 0.0337565 -0.0689464
1.305 0.106848 -0.130164
1.31 0.200701 -0.175174
1.315 0.295579 -0.191442
1.32 0.330035 -0.171887
1.325 0.28259 -0.11667
1.33 0.226935 -0.0333287
1.335 0.245273 0.0645032
1.34 0.317554 0.159479
1.345 0.352434 0.233693
1.35 0.298909 0.272058
1.355 0.186026 0.265845
1.36 0.0585927 0.215205
1.365 -0.0887077 0.129152
1.37 -0.274288 0.0239054
1.375 -0.458007 -0.0803542
1.38 -0.558982 -0.164467
1.385 -0.514589 -0.214597
1.39 -0.332515 -0.22463
1.395 -0.0855745 -0.197051
1.4 0.140991 -0.141277
1.405 0.282342 -0.0695899
1.41 0.305008 0.00696326
1.415 0.246782 0.0811323
1.42 0.167339 0.14984
1.425 0.0978498 0.212225
1.43 0.0603703 0.266699
1.435 0.0601528 0.308841
1.44 0.0505793 0.331455
1.445 -0.028295 0.327106
1.45 -0.167956 0.291468
1.455 -0.29794 0.225853
1.46 -0.372793 0.13839
1.465 -0.39879 0.0430931
1.47 -0.370188 -0.0432324
1.475 -0.261112 -0.105017
1.48 -0.0922669 -0.131732
1.485 0.0594703 -0.120725
1.49 0.0903364 -0.0778234
1.495 -0.057075 -0.0147203
1.5 -0.304644 0.0558618
1.505 -0.431077 0.124796
1.51 -0.290873 0.189044
1.515 0.0102956 0.251251
1.52 0.237363 0.31666
1.525 0.292138 0.388092
1.53 0.22826 0.461749
1.535 0.133997 0.526456
1.54 0.089874 0.566206
1.545 0.161429 0.56463
1.55 0.299059 0.509489
1.555 0.379354 0.396716
1.56 0.35837 0.233522
1.565 0.296203 0.0385556
1.57 0.25771 -0.161346
1.575 0.251264 -0.337037
1.58 0.229886 -0.46375
1.585 0.131173 -0.527116
1.59 -0.0548884 -0.52724
1.595 -0.253752 -0.476524
1.6 -0.348399 -0.389388
1.605 -0.29019 -0.272975
1.61 -0.132006 -0.127629
1.615 0.0568585 0.0447877
1.62 0.269679 0.229927
1.625 0.455901 0.394694
1.63 0.498179 0.492881
1.635 0.367667 0.482468
1.64 0.189772 0.346486
1.645 0.0937381 0.106407
1.65 0.0787972 -0.180251
1.655 0.0835816 -0.439515
1.66 0.0371147 -0.609206
1.665 -0.0427881 -0.661414
1.67 -0.0645528 -0.608694
1.675 0.0151785 -0.494593
1.68 0.0965167 -0.372004
1.685 0.0374207 -0.279242
1.69 -0.160187 -0.228643
1.695 -0.301611 -0.208881
1.7 -0.181669 -0.19602
1.705 0.177514 -0.167757
1.71 0.50175 -0.113114
1.715 0.511339 -0.0342834
1.72 0.205434 0.0571445
1.725 -0.152813 0.146716
1.73 -0.345678 0.223598
1.735 -0.397151 0.283658
1.74 -0.438917 0.329403
1.745 -0.498647 0.369083
1.75 -0.50359 0.412251
1.755 -0.375961 0.46037
1.76 -0.12107 0.500816
1.765 0.119611 0.512235
1.77 0.209261 0.476989
1.775 0.145958 0.391571
1.78 0.00899025 0.271438
1.785 -0.135707 0.14688
1.79 -0.246655 0.0490498
1.795 -0.278269 -0.0037842
1.8 -0.184349 -0.0113832
1.805 0.0168423 0.0102085
1.81 0.180875 0.0366836
1.815 0.152352 0.0490876
1.82 -0.00662902 0.0448401
1.825 -0.0413015 0.0394041
1.83 0.192916 0.0582209
1.835 0.553187 0.12056
1.84 0.782432 0.222527
1.845 0.754883 0.331175
1.85 0.492655 0.395469
1.855 0.0901937 0.370506
1.86 -0.294476 0.24347
1.865 -0.518123 0.0444877
1.87 -0.597409 -0.165542
1.875 -0.654168 -0.320783
1.88 -0.686954 -0.376057
1.885 -0.571962 -0.323145
1.89 -0.271047 -0.191406
1.895 0.121636 -0.0332897
1.9 0.467552 0.0961186
1.905 0.648721 0.157151
1.91 0.618039 0.136611
1.915 0.393187 0.0477134
1.92 0.114365 -0.0803211
1.925 -0.0568168 -0.216456
1.93 -0.0556449 -0.34017
1.935 0.011223 -0.447645
1.94 -0.0137098 -0.547736
1.945 -0.142135 -0.64858
1.95 -0.262428 -0.747652
1.955 -0.281074 -0.832755
1.96 -0.212486 -0.885208
1.965 -0.111618 -0.881987
1.97 -0.0457816 -0.800967
1.975 -0.0620231 -0.629174
1.98 -0.118188 -0.371822
1.985 -0.0799586 -0.0601931
1.99 0.16072 0.248645
1.995 0.506504 0.486655
2 0.667862 0.597565
2.005 0.464422 0.562739
2.01 0.0293731 0.417871
2.015 -0.352182 0.236606
2.02 -0.492264 0.0958743
2.025 -0.385434 0.0514663
2.03 -0.194375 0.119849
2.035 -0.115203 0.270093
2.04 -0.203349 0.440702
2.045 -0.320805 0.567205
2.05 -0.378032 0.602468
2.055 -0.359099 0.531167
2.06 -0.288062 0.370945
2.065 -0.199967 0.158744
2.07 -0.0916217 -0.0604806
2.075 0.000301557 -0.241561
2.08 0.0406054 -0.351231
2.085 0.013903 -0.37796
2.09 0.00743409 -0.329842
2.095 0.116297 -0.223129
2.1 0.208107 -0.0705958
2.105 0.139991 0.120846
2.11 -0.0231405 0.339663
2.115 -0.0670373 0.556186
2.12 0.0735922 0.720353
2.125 0.202164 0.776411
2.13 0.0617292 0.685989
2.135 -0.392129 0.445
2.14 -0.915554 0.0882789
2.145 -1.15703 -0.315688
2.15 -1.0073 -0.67873
2.155 -0.652575 -0.917253
2.16 -0.314038 -0.983539
2.165 -0.0922998 -0.886101
2.17 -0.00678077 -0.682005
2.175 0.0264199 -0.448658
2.18 0.160287 -0.252117
2.185 0.402156 -0.125335
2.19 0.62056 -0.0646448
2.195 0.66535 -0.0411484
2.2 0.490831 -0.0188835
2.205 0.202263 0.0255687
2.21 0.0191753 0.0892062
2.215 0.0591816 0.142725
2.22 0.155696 0.14509
2.225 0.0398162 0.0642942
2.23 -0.29467 -0.105745
2.235 -0.563082 -0.339432
2.24 -0.501018 -0.586905
2.245 -0.113975 -0.790527
2.25 0.361614 -0.9035
2.255 0.583897 -0.904268
2.26 0.474323 -0.801169
2.265 0.25045 -0.626919
2.27 0.103938 -0.426694
2.275 0.0426352 -0.242965
2.28 0.0040292 -0.102551
2.285 -0.0582325 -0.0102238
2.29 -0.171302 0.0492802
2.295 -0.32906 0.0995054
2.3 -0.459993 0.15622
2.305 -0.471565 0.218148
2.31 -0.362153 0.268912
2.315 -0.222935 0.285399
2.32 -0.106697 0.247643
2.325 -0.0309031 0.147122
2.33 0.0105808 -0.0101161
2.335 0.0577584 -0.204754
2.34 0.13916 -0.406706
2.345 0.231544 -0.579507
2.35 0.168192 -0.687001
2.355 -0.111973 -0.70125
2.36 -0.409239 -0.611672
2.365 -0.504467 -0.43052
2.37 -0.383266 -0.188137
2.375 -0.213781 0.0788796
2.38 -0.136487 0.338494
2.385 -0.153208 0.565979
2.39 -0.199163 0.743226
2.395 -0.207353 0.858034
2.4 -0.129659 0.900968
2.405 0.0559298 0.863463
2.41 0.255851 0.735088
2.415 0.306882 0.507493
2.42 0.133976 0.191526
2.425 -0.138659 -0.170731
2.43 -0.323054 -0.51029
2.435 -0.346882 -0.747781
2.44 -0.239158 -0.824928
2.445 -0.0560165 -0.735241
2.45 0.124505 -0.52411
2.455 0.214205 -0.264154
2.46 0.147846 -0.0269165
2.465 -0.0519833 0.142103
2.47 -0.244282 0.233245
2.475 -0.304195 0.259311
2.48 -0.240794 0.234079
2.485 -0.121572 0.160731
2.49 0.0424257 0.0346037
2.495 0.231224 -0.143285
2.5 0.366133 -0.352827
2.505 0.415075 -0.553788
2.51 0.42823 -0.697615
2.515 0.414333 -0.74458
2.52 0.306008 -0.680122
2.525 0.100166 -0.524069
2.53 -0.0709799 -0.32682
2.535 -0.0527362 -0.151372
2.54 0.159781 -0.0469475
2.545 0.363799 -0.0272359
2.55 0.337111 -0.0669451
2.555 0.0694512 -0.119282
2.56 -0.233378 -0.142423
2.565 -0.360066 -0.118315
2.57 -0.264198 -0.0555568
2.575 -0.0462542 0.0205431
2.58 0.146268 0.0825936
2.585 0.175033 0.113
2.59 0.00687721 0.109463
2.595 -0.236353 0.0840924
2.6 -0.395649 0.0565327
2.605 -0.416045 0.0428314
2.61 -0.349734 0.046581
2.615 -0.249742 0.0587227
2.62 -0.0470695 0.0650895
2.625 0.130741 0.0557608
2.63 0.140657 0.0312086
2.635 0.00668137 0.00302575
2.64 -0.123997 -0.0102555
2.645 -0.219172 0.00963753
2.65 -0.33899 0.0723183
2.655 -0.469057 0.172104
2.66 -0.489834 0.287756
2.665 -0.315907 0.390736
2.67 -0.0327224 0.457665
2.675 0.181821 0.478927
2.68 0.24141 0.459111
2.685 0.162805 0.411927
2.69 -0.0429263 0.353763
2.695 -0.339095 0.298605
2.7 -0.570919 0.256525
2.705 -0.60468 0.233997
2.71 -0.492307 0.233026
2.715 -0.332632 0.251478
2.72 -0.144369 0.286152
2.725 0.0307115 0.333666
2.73 0.132302 0.387358
2.735 0.206182 0.435095
2.74 0.362816 0.461251
2.745 0.639283 0.452054
2.75 0.948012 0.402189
2.755 1.07438 0.319156
2.76 0.99246 0.222116
2.765 0.903124 0.134805
2.77 0.856792 0.074814
2.775 0.852551 0.0437247
2.78 0.809806 0.0236657
2.785 0.685792 -0.0165239
2.79 0.545184 -0.107283
2.795 0.479194 -0.262129
2.8 0.527771 -0.466578
2.805 0.674975 -0.678066
2.81 0.832752 -0.839246
2.815 0.94821 -0.902107
2.82 1.03101 -0.852615
2.825 1.10316 -0.718685
2.83 1.1544 -0.551817
2.835 1.10821 -0.396986
2.84 0.967335 -0.274225
2.845 0.797351 -0.178348
2.85 0.713344 -0.0914062
2.855 0.713322 -0.000996817
2.86 0.692216 0.0864079
2.865 0.597214 0.146073
2.87 0.538259 0.148565
2.875 0.626459 0.0781175
2.88 0.824751 -0.0540468
2.885 1.00164 -0.20908
2.89 1.05878 -0.334652
2.895 1.0157 -0.388772
2.9 0.969252 -0.360863
2.905 0.956896 -0.275788
2.91 0.965009 -0.176478
2.915 0.934207 -0.0966739
2.92 0.843358 -0.0421751
2.925 0.737091 0.00934934
2.93 0.667922 0.0942093
2.935 0.651119 0.245047
2.94 0.637996 0.473745
2.945 0.56738 0.76255
2.95 0.413219 1.06865
2.955 0.189419 1.33527
2.96 -0.0570885 1.51034
2.965 -0.227054 1.56802
2.97 -0.207223 1.51689
2.975 -0.128972 1.39048
2.98 -0.0808872 1.23259
2.985 -0.0521959 1.08891
2.99 0.0358751 1.00078
2.995 0.18495 0.994036
3 0.252692 1.06629
3.005 0.119844 1.18228
3.01 -0.117718 1.28452
3.015 -0.257527 1.3188
3.02 -0.231917 1.26193
3.025 -0.113049 1.13518
3.03 0.0423464 0.996715
3.035 0.21399 0.915323
3.04 0.352658 0.935255
3.045 0.526651 1.05151
3.05 0.605071 1.21417
3.055 0.551449 1.35878
3.06 0.434284 1.44115
3.065 0.331578 1.455
3.07 0.306293 1.4234
3.075 0.337516 1.37373
3.08 0.389034 1.31865
3.085 0.445438 1.25776
3.09 0.532632 1.19175
3.095 0.635499 1.12897
3.1 0.684843 1.07849
3.105 0.640458 1.0418
3.11 0.56154 1.01226
3.115 0.546186 0.982051
3.12 0.609087 0.951293
3.125 0.661158 0.930376
3.13 0.601701 0.932758
3.135 0.444461 0.965913
3.14 0.266713 1.02625
3.145 0.116384 1.0973
3.15 0.00133722 1.15282
3.155 -0.0628803 1.16788
3.16 -0.0684175 1.13249
3.165 -0.0473866 1.05628
3.17 -0.0503903 0.958806
3.175 -0.103234 0.853194
3.18 -0.156484 0.737017
3.185 -0.197628 0.598723
3.19 -0.18545 0.434191
3.195 -0.107364 0.25884
3.2 0.0113884 0.105257
3.205 0.0593032 0.00847354
3.21 -0.039068 -0.0155779
3.215 -0.226426 0.0191811
3.22 -0.473691 0.0831156
3.225 -0.715501 0.149575
3.23 -0.892438 0.203507
3.235 -1.0477 0.246699
3.24 -1.16182 0.292339
3.245 -1.14065 0.345791
3.25 -1.12578 0.394321
3.255 -1.0589 0.417182
3.26 -1.15009 0.403635
3.265 -1.24256 0.367785
3.27 -1.40929 0.348847
3.275 -1.4535 0.389231
3.28 -1.44496 0.507724
3.285 -1.3535 0.689861
3.29 -1.21405 0.894546
3.295 -1.11117 1.06946
3.3 -0.965638 1.17212
3.305 -0.938273 1.18527
3.31 -0.922174 1.11996
3.315 -0.909164 1.01403
3.32 -0.95972 0.917898
3.325 -0.949469 0.870064
3.33 -0.916835 0.879947
3.335 -0.869674 0.926989
3.34 -0.762138 0.970604
3.345 -0.540988 0.970155
3.35 -0.277584 0.907301
3.355 0.073247 0.79175
3.36 0.579654 0.648105
3.365 1.33516 0.498464
3.37 2.19242 0.349949
3.375 2.74195 0.193692
3.38 2.62502 0.0206772
3.385 2.30039 -0.158325
3.39 2.14425 -0.313336
3.395 1.98327 -0.415843
3.4 1.70845 -0.458758
3.405 1.34155 -0.463609
3.41 0.974177 -0.466542
3.415 0.601864 -0.492785
3.42 0.239836 -0.547068
3.425 -0.111498 -0.62171
3.43 -0.409959 -0.704798
3.435 -0.594304 -0.786344
3.44 -0.635871 -0.863749
3.445 -0.616356 -0.941693
3.45 -0.618471 -1.02669
3.455 -0.629859 -1.12115
3.46 -0.685552 -1.21822
3.465 -0.844351 -1.30423
3.47 -1.0104 -1.37186
3.475 -1.09456 -1.41565
3.48 -1.39777 -1.43146
3.485 -1.29722 -1.42558
3.49 -0.784694 -1.41638
3.495 -0.0459115 -1.42407
3.5 0.624072 -1.46026
3.505 0.968553 -1.52061
3.51 1.08376 -1.58407
3.515 1.13808 -1.62638
3.52 1.11658 -1.63572
3.525 0.896073 -1.6152
3.53 0.742933 -1.57879
3.535 0.771383 -1.54564
3.54 0.972806 -1.53076
3.545 1.20715 -1.53809
3.55 1.31363 -1.55857
3.555 1.20931 -1.57551
3.56 0.93954 -1.57689
3.565 0.666639 -1.55643
3.57 0.519982 -1.51674
3.575 0.407278 -1.47031
3.58 0.305927 -1.42615
3.585 0.106998 -1.37531
3.59 -0.222398 -1.28762
3.595 -0.583766 -1.11856
3.6 -0.796971 -0.82958
3.605 -1.08463 -0.420316
3.61 -1.01836 0.0494811
3.615 -0.886113 0.476408
3.62 -0.976814 0.762427
3.625 -1.23808 0.855019
3.63 -1.51643 0.751618
3.635 -1.69641 0.475495
3.64 -1.69887 0.060934
3.645 -1.62239 -0.435268
3.65 -1.57248 -0.91576
3.655 -1.67735 -1.24648
3.66 -1.86905 -1.30015
3.665 -2.0535 -1.02637
3.67 -2.18659 -0.501738
3.675 -2.2334 0.077303
3.68 -2.2437 0.465289
3.685 -2.27778 0.474312
3.69 -2.30392 0.072809
3.695 -2.3427 -0.582146
3.7 -2.3351 -1.21099
3.705 -2.26177 -1.54207
3.71 -2.16401 -1.43777
3.715 -2.13928 -0.95779
3.72 -2.15383 -0.327992
3.725 -2.26645 0.173373
3.73 -2.45304 0.354756
3.735 -2.63439 0.204043
3.74 -2.76152 -0.113771
3.745 -2.84636 -0.354687
3.75 -2.93196 -0.335056
3.755 -2.93253 -0.0310765
3.76 -2.81854 0.416918
3.765 -2.64036 0.791317
3.77 -2.35793 0.920225
3.775 -1.94742 0.770228
3.78 -1.35985 0.456454
3.785 -0.676744 0.159265
3.79 0.0543494 0.00835112
3.795 0.756225 0.0131413
3.8 1.2729 0.0706291
3.805 1.4972 0.0389285
3.81 1.16491 -0.167891
3.815 0.510712 -0.525426
3.82 0.26228 -0.914723
3.825 0.488038 -1.18944
3.83 0.812676 -1.25837
3.835 1.12416 -1.13963
3.84 1.29474 -0.951251
3.845 1.28188 -0.847255
3.85 1.2455 -0.935984
3.855 1.3023 -1.2207
3.86 1.51316 -1.59869
3.865 1.70227 -1.91653
3.87 1.86218 -2.05058
3.875 1.99798 -1.99505
3.88 2.10275 -1.82462
3.885 2.13315 -1.67328
3.89 2.12182 -1.63097
3.895 2.19533 -1.69872
3.9 2.30607 -1.8123
3.905 2.54861 -1.8925
3.91 2.86012 -1.89717
3.915 3.04872 -1.84038
3.92 3.18751 -1.76118
3.925 3.1006 -1.68643
3.93 3.06243 -1.62249
3.935 2.93703 -1.56383
3.94 2.94642 -1.5049
3.945 2.84527 -1.44506
3.95 2.79198 -1.37949
3.955 2.58768 -1.2921
3.96 2.49426 -1.16344
3.965 2.29487 -0.987216
3.97 2.02738 -0.788796
3.975 1.77945 -0.628315
3.98 1.43344 -0.566187
3.985 1.08964 -0.614515
3.99 0.767903 -0.725899
3.995 0.484807 -0.826942
4 0.231173 -0.865675
4.005 0.049129 -0.847077
4.01 -0.0800985 -0.832555
4.015 -0.164184 -0.895657
4.02 -0.216501 -1.06918
4.025 -0.194291 -1.32317
4.03 -0.200065 -1.58083
4.035 -0.334916 -1.76182
4.04 -0.536685 -1.82672
4.045 -0.7427 -1.78523
4.05 -0.913671 -1.66343
4.055 -1.03803 -1.46489
4.06 -1.17275 -1.15809
4.065 -1.34395 -0.701568
4.07 -1.56142 -0.0976854
4.075 -1.82733 0.570406
4.08 -2.12722 1.17343
4.085 -2.38214 1.60937
4.09 -2.52248 1.83595
4.095 -2.57841 1.87927
4.1 -2.6027 1.83338
4.105 -2.55188 1.77666
4.11 -2.57251 1.73014
4.115 -2.68948 1.66543
4.12 -2.78572 1.547
4.125 -2.87567 1.37606
4.13 -2.99988 1.219
4.135 -3.07948 1.18005
4.14 -3.08301 1.32603
4.145 -3.10041 1.6281
4.15 -3.16444 1.95011
4.155 -3.22809 2.17064
4.16 -3.30365 2.23546
4.165 -3.32087 2.14538
4.17 -3.25525 1.96814
4.175 -3.22485 1.78632
4.18 -3.24076 1.66988
4.185 -3.07571 1.6591
4.19 -2.66156 1.75023
4.195 -2.08341 1.89875
4.2 -1.44621 2.04477
4.205 -0.863382 2.14705
4.21 -0.149233 2.19571
4.215 0.878437 2.19513
4.22 1.85601 2.14796
4.225 2.62149 2.05926
4.23 2.8948 1.94947
4.235 2.49843 1.85353
4.24 2.01492 1.79316
4.245 1.8786 1.7554
4.25 2.03314 1.71517
4.255 2.27631 1.66996
4.26 2.5314 1.6399
4.265 2.57137 1.64075
4.27 2.55397 1.6537
4.275 2.48789 1.6115
4.28 2.57693 1.42417
4.285 2.81717 1.03151
4.29 2.94876 0.448063
4.295 3.05309 -0.23435
4.3 3.27654 -0.893188
4.305 3.45291 -1.43028
4.31 3.35854 -1.80218
4.315 3.14911 -2.03401
4.32 3.0248 -2.2024
4.325 2.87043 -2.32362
4.33 2.76146 -2.37253
4.335 2.79427 -2.29261
4.34 2.6931 -2.06396
4.345 2.48549 -1.76112
4.35 2.24791 -1.51766
4.355 1.8818 -1.44822
4.36 1.37588 -1.57716
4.365 0.861393 -1.82037
4.37 0.407811 -2.04652
4.375 0.0402897 -2.1684
4.38 -0.307568 -2.18381
4.385 -0.606092 -2.1514
4.39 -0.748809 -2.1349
4.395 -0.70095 -2.14756
4.4 -0.436436 -2.14307
4.405 0.138652 -2.07354
4.41 0.28823 -1.94918
4.415 0.0565437 -1.83441
4.42 -0.302254 -1.79989
4.425 -0.603223 -1.87298
4.43 -0.746612 -2.01075
4.435 -0.786466 -2.11955
4.44 -0.761069 -2.10739
4.445 -0.700443 -1.91441
4.45 -0.752197 -1.51063
4.455 -0.873623 -0.897594
4.46 -1.21064 -0.125112
4.465 -1.52667 0.713991
4.47 -1.66849 1.50987
4.475 -1.7038 2.11703
4.48 -1.61454 2.52476
4.485 -1.65046 2.73451
4.49 -1.62628 2.74088
4.495 -1.67189 2.54131
4.5 -1.67063 2.19429
4.505 -1.59611 1.79722
4.51 -1.36764 1.47151
4.515 -1.04478 1.32924
4.52 -0.78441 1.42261
4.525 -0.772293 1.71142
4.53 -0.781893 2.08096
4.535 -0.77303 2.39441
4.54 -0.757398 2.5463
4.545 -0.700963 2.49762
4.55 -0.58014 2.28194
4.555 -0.446061 1.98008
4.56 -0.332788 1.67897
4.565 -0.246688 1.44293
4.57 -0.172983 1.31485
4.575 -0.0955769 1.33174
4.58 -0.0506616 1.52069
4.585 -0.153913 1.86368
4.59 -0.195451 2.26463
4.595 -0.161822 2.57004
4.6 -0.112195 2.65142
4.605 -0.0745611 2.49034
4.61 -0.131654 2.19192
4.615 -0.235417 1.91161
4.62 -0.344961 1.76539
4.625 -0.439085 1.79575
4.63 -0.490116 1.97867
4.635 -0.461867 2.2362
4.64 -0.357457 2.46105
4.645 -0.199458 2.54741
4.65 0.0118098 2.4183
4.655 0.24708 2.05432
4.66 0.518442 1.49854
4.665 0.74837 0.828364
4.67 0.902323 0.132691
4.675 1.07985 -0.506864
4.68 1.13161 -1.04307
4.685 1.10902 -1.45706
4.69 0.962528 -1.74523
4.695 0.694556 -1.94928
4.7 0.460352 -2.05621
4.705 0.21332 -2.04501
4.71 0.0883617 -1.91771
4.715 0.0779472 -1.73096
4.72 0.109428 -1.55352
4.725 0.143118 -1.43459
4.73 0.177796 -1.3989
4.735 0.240297 -1.44857
4.74 0.237885 -1.56405
4.745 0.177219 -1.70715
4.75 0.159586 -1.82974
4.755 0.218632 -1.89416
4.76 0.240666 -1.88953
4.765 0.256005 -1.8263
4.77 0.167877 -1.72352
4.775 -0.000798682 -1.60513
4.78 -0.181076 -1.49928
4.785 -0.239705 -1.42989
4.79 -0.191387 -1.39717
4.795 -0.160308 -1.36393
4.8 -0.236174 -1.27421
4.805 -0.367739 -1.09284
4.81 -0.554014 -0.827743
4.815 -0.654237 -0.528588
4.82 -0.615694 -0.268289
4.825 -0.56312 -0.10511
4.83 -0.456669 -0.0498196
4.835 -0.41807 -0.0621444
4.84 -0.445139 -0.0699412
4.845 -0.315388 -0.00676345
4.85 -0.0335806 0.146813
4.855 0.270159 0.350291
4.86 0.701961 0.524589
4.865 1.13064 0.59511
4.87 1.22666 0.542591
4.875 0.972426 0.424267
4.88 0.477751 0.341981
4.885 -0.0955784 0.387977
4.89 -0.532472 0.599521
4.895 -0.728791 0.935653
4.9 -0.746326 1.30162
4.905 -0.631664 1.61425
4.91 -0.387599 1.83823
4.915 -0.0372859 1.9726
4.92 0.283785 2.03817
4.925 0.479523 2.01126
4.93 0.527985 1.83232
4.935 0.441005 1.47718
4.94 0.20784 1.00146
4.945 -0.1377 0.534186
4.95 -0.730343 0.20295
4.955 -0.964057 0.0561117
4.96 -0.893162 0.0346166
4.965 -0.775365 0.0155971
4.97 -0.775818 -0.097052
4.975 -0.888713 -0.309498
4.98 -1.06412 -0.554405
4.985 -1.26072 -0.756125
4.99 -1.41241 -0.876007
4.995 -1.47001 -0.914611
5 -1.47265 -0.897424
5.005 -1.40295 -0.868228
5.01 -1.27042 -0.876193
5.015 -1.16408 -0.947298
5.02 -1.15429 -1.06579
5.025 -1.20822 -1.1826
5.03 -1.20828 -1.25206
5.035 -1.08126 -1.26884
5.04 -0.8607 -1.26299
5.045 -0.642277 -1.26949
5.05 -0.496283 -1.30792
5.055 -0.40055 -1.37325
5.06 -0.275867 -1.43719
5.065 -0.0473509 -1.46167
5.07 0.196071 -1.4125
5.075 0.426614 -1.28406
5.08 0.682865 -1.10744
5.085 0.995943 -0.922633
5.09 1.30021 -0.747718
5.095 1.48334 -0.586381
5.1 1.4297 -0.448289
5.105 1.13544 -0.349241
5.11 0.814965 -0.304545
5.115 0.587328 -0.32803
5.12 0.513344 -0.427371
5.125 0.597118 -0.593414
5.13 0.713723 -0.790445
5.135 0.783217 -0.95715
5.14 0.821587 -1.02822
5.145 0.80992 -0.967412
5.15 0.748454 -0.786431
5.155 0.67934 -0.539231
5.16 0.64147 -0.299806
5.165 0.604095 -0.134221
5.17 0.514381 -0.0805349
5.175 0.385658 -0.144243
5.18 0.267732 -0.300037
5.185 0.149465 -0.497458
5.19 -0.0328701 -0.679955
5.195 -0.284976 -0.806717
5.2 -0.478401 -0.859667
5.205 -0.576165 -0.844383
5.21 -0.59028 -0.792644
5.215 -0.543812 -0.75324
5.22 -0.442993 -0.771223
5.225 -0.31714 -0.870805
5.23 -0.231221 -1.04188
5.235 -0.21292 -1.23245
5.24 -0.305351 -1.38924
5.245 -0.508486 -1.44284
5.25 -0.713269 -1.35291
5.255 -0.823003 -1.143
5.26 -0.864972 -0.891831
5.265 -0.923883 -0.684354
5.27 -1.03055 -0.553607
5.275 -1.08413 -0.464378
5.28 -0.980423 -0.344849
5.285 -0.731901 -0.132696
5.29 -0.412034 0.183726
5.295 -0.0561501 0.557235
5.3 0.308904 0.911522
5.305 0.618374 1.17614
5.31 0.787598 1.31794
5.315 0.845976 1.35514
5.32 0.729212 1.33534
5.325 0.526089 1.30147
5.33 0.312341 1.2706
5.335 0.151584 1.22902
5.34 -0.00951466 1.14952
5.345 -0.183083 1.01717
5.35 -0.316444 0.839001
5.355 -0.364766 0.637248
5.36 -0.352845 0.438763
5.365 -0.323093 0.26858
5.37 -0.272847 0.14853
5.375 -0.178454 0.0911189
5.38 -0.054672 0.0867642
5.385 0.0473934 0.10033
5.39 0.120276 0.0827179
5.395 0.18826 -0.00955935
5.4 0.337168 -0.190145
5.405 0.56214 -0.428794
5.41 0.766662 -0.667292
5.415 0.871562 -0.849946
5.42 0.871291 -0.939697
5.425 0.83881 -0.923943
5.43 0.748046 -0.81662
5.435 0.639099 -0.649083
5.44 0.532718 -0.458165
5.445 0.463081 -0.279429
5.45 0.379658 -0.138709
5.455 0.335945 -0.0467437
5.46 0.325309 -0.00574034
5.465 0.278012 -0.016349
5.47 0.19373 -0.0760739
5.475 0.0262906 -0.17743
5.48 -0.150612 -0.307325
5.485 -0.273712 -0.442019
5.49 -0.309002 -0.543238
5.495 -0.288473 -0.564381
5.5 -0.262979 -0.46784
5.505 -0.20368 -0.247433
5.51 -0.0599739 0.0600549
5.515 0.112358 0.390371
5.52 0.163918 0.685749
5.525 0.0774128 0.915257
5.53 -0.0269555 1.07383
5.535 0.00362711 1.17543
5.54 0.146042 1.23918
5.545 0.179294 1.27304
5.55 0.0849849 1.27008
5.555 -0.0622794 1.21536
5.56 -0.204188 1.09431
5.565 -0.203155 0.903234
5.57 -0.148741 0.65882
5.575 -0.102928 0.398211
5.58 -0.106518 0.16945
5.585 -0.160257 0.0163629
5.59 -0.235639 -0.0388663
5.595 -0.316186 -0.00364309
5.6 -0.438503 0.0950218
5.605 -0.624581 0.227846
5.61 -0.765517 0.373346
5.615 -0.735808 0.517653
5.62 -0.547678 0.650031
5.625 -0.344949 0.761378
5.63 -0.246427 0.845666
5.635 -0.172109 0.901088
5.64 -0.0784248 0.932797
5.645 -0.00674809 0.954408
5.65 0.00744964 0.981405
5.655 -0.045719 1.02309
5.66 -0.120868 1.08138
5.665 -0.129658 1.14861
5.67 -0.0370158 1.20235
5.675 0.0873247 1.2121
5.68 0.170329 1.16076
5.685 0.245083 1.06138
5.69 0.336468 0.954844
5.695 0.433933 0.891087
5.7 0.493336 0.902038
5.705 0.497552 0.977726
5.71 0.452962 1.06526
5.715 0.374408 1.099
5.72 0.302533 1.03915
5.725 0.267939 0.888637
5.73 0.265412 0.682982
5.735 0.28204 0.465672
5.74 0.356044 0.263181
5.745 0.506577 0.0760407
5.75 0.675109 -0.105556
5.755 0.778103 -0.280081
5.76 0.822729 -0.428176
5.765 0.864085 -0.529275
5.77 0.891698 -0.585223
5.775 0.858695 -0.617543
5.78 0.776859 -0.647823
5.785 0.699893 -0.686306
5.79 0.641095 -0.725177
5.795 0.577053 -0.739301
5.8 0.512412 -0.705227
5.805 0.492244 -0.625456
5.81 0.525447 -0.534365
5.815 0.552138 -0.479076
5.82 0.556306 -0.488404
5.825 0.527969 -0.555755
5.83 0.467295 -0.649008
5.835 0.387155 -0.7298
5.84 0.319292 -0.763955
5.845 0.276127 -0.726966
5.85 0.226302 -0.608683
5.855 0.137869 -0.412547
5.86 0.0196561 -0.151224
5.865 -0.0799199 0.154459
5.87 -0.175196 0.470542
5.875 -0.242887 0.743869
5.88 -0.252347 0.910593
5.885 -0.257404 0.927963
5.89 -0.305639 0.812276
5.895 -0.292511 0.643122
5.9 -0.23227 0.518617
5.905 -0.0736022 0.498477
5.91 0.0993727 0.575192
5.915 0.192214 0.688591
5.92 0.218475 0.771427
5.925 0.241717 0.788645
5.93 0.249811 0.74902
5.935 0.238296 0.694153
5.94 0.228459 0.669323
5.945 0.236997 0.690778
5.95 0.24476 0.734273
5.955 0.234127 0.751422
5.96 0.218717 0.703469
5.965 0.197088 0.595569
5.97 0.111994 0.483955
5.975 0.00341744 0.44103
5.98 -0.0798862 0.5041
5.985 -0.126311 0.64846
5.99 -0.159781 0.802221
5.995 -0.179493 0.89134
6 -0.159905 0.883389
6.005 -0.116721 0.80078
6.01 -0.0931391 0.70139
6.015 -0.0934337 0.642656
6.02 -0.0975913 0.645889
6.025 -0.087475 0.681749
6.03 -0.0781194 0.689783
6.035 -0.0383272 0.616877
6.04 0.0379875 0.448395
6.045 0.120673 0.21511
6.05 0.193389 -0.0301381
6.055 0.267983 -0.248465
6.06 0.325747 -0.429617
6.065 0.30865 -0.578541
6.07 0.223264 -0.697267
6.075 0.139322 -0.780201
6.08 0.0872557 -0.82465
6.085 0.066164 -0.842323
6.09 0.0574468 -0.855138
6.095 0.050048 -0.879178
6.1 0.0441666 -0.913463
6.105 0.0577499 -0.942473
6.11 0.0997861 -0.947669
6.115 0.147516 -0.917574
6.12 0.149016 -0.851608
6.125 0.108569 -0.759624
6.13 0.087748 -0.657499
6.135 0.171835 -0.557825
6.14 0.289847 -0.46157
6.145 0.371665 -0.358545
6.15 0.394148 -0.236965
6.155 0.353892 -0.0969224
6.16 0.259281 0.0405222
6.165 0.148366 0.139162
6.17 0.0700271 0.170533
6.175 0.0284921 0.138887
6.18 -0.0093941 0.0839735
6.185 -0.0652305 0.0531351
6.19 -0.0848084 0.0682525
6.195 -0.104697 0.119048
6.2 -0.0697667 0.180696
6.205 0.00654491 0.233492
6.21 0.10829 0.271034
6.215 0.175435 0.294076
6.22 0.185829 0.300593
6.225 0.167525 0.287833
6.23 0.129056 0.260377
6.235 0.0454506 0.228397
6.24 -0.0761281 0.202582
6.245 -0.169541 0.197084
6.25 -0.206574 0.230251
6.255 -0.210092 0.312328
6.26 -0.207905 0.429557
6.265 -0.180722 0.543552
6.27 -0.120122 0.61446
6.275 -0.0745363 0.628108
6.28 -0.100055 0.597012
6.285 -0.248237 0.537692
6.29 -0.471606 0.452432
6.295 -0.624219 0.330446
6.3 -0.653448 0.161959
6.305 -0.596338 -0.0471036
6.31 -0.515696 -0.269055
6.315 -0.463097 -0.461163
6.32 -0.478654 -0.583068
6.325 -0.558951 -0.616011
6.33 -0.640491 -0.570826
6.335 -0.662144 -0.477904
6.34 -0.632152 -0.367594
6.345 -0.600973 -0.257234
6.35 -0.590913 -0.152379
6.355 -0.586588 -0.0569822
6.36 -0.562402 0.0172903
6.365 -0.497158 0.0511056
6.37 -0.396095 0.0282711
6.375 -0.301731 -0.0523734
6.38 -0.270298 -0.174206
6.385 -0.315506 -0.308689
6.39 -0.295727 -0.425079
6.395 -0.29136 -0.501458
6.4 -0.355422 -0.53248
6.405 -0.457601 -0.528301
6.41 -0.508895 -0.505965
6.415 -0.455323 -0.480263
6.42 -0.322673 -0.457789
6.425 -0.169622 -0.435941
6.43 -0.0622344 -0.409927
6.435 -0.0165729 -0.382139
6.44 0.00221645 -0.363493
6.445 0.030501 -0.367775
6.45 0.0706348 -0.403864
6.455 0.0992874 -0.466589
6.46 0.0994095 -0.534037
6.465 0.0900893 -0.578208
6.47 0.103218 -0.5797
6.475 0.131731 -0.536035
6.48 0.149928 -0.462821
6.485 0.181159 -0.385844
6.49 0.27168 -0.326417
6.495 0.408726 -0.292792
6.5 0.53903 -0.282223
6.505 0.620168 -0.285625
6.51 0.69145 -0.291807
6.515 0.753989 -0.292262
6.52 0.77435 -0.282936
6.525 0.758972 -0.264085
6.53 0.74536 -0.243809
6.535 0.736936 -0.240629
6.54 0.708763 -0.275565
6.545 0.649861 -0.356904
6.55 0.610254 -0.470272
6.555 0.489689 -0.581197
6.56 0.360977 -0.649754
6.565 0.280553 -0.652138
6.57 0.251707 -0.597042
6.575 0.239159 -0.522798
6.58 0.180376 -0.475391
6.585 0.115383 -0.483428
6.59 0.0745017 -0.545057
6.595 0.0649482 -0.631322
6.6 0.0785938 -0.702834
6.605 0.102955 -0.730887
6.61 0.111955 -0.710807
6.615 0.0869577 -0.660094
6.62 0.0277687 -0.605271
6.625 -0.0657783 -0.568059
6.63 -0.169303 -0.556792
6.635 -0.227453 -0.563183
6.64 -0.218314 -0.566692
6.645 -0.185881 -0.547048
6.65 -0.162651 -0.496297
6.655 -0.153936 -0.421821
6.66 -0.153715 -0.339974
6.665 -0.15599 -0.263797
6.67 -0.161639 -0.192441
6.675 -0.169866 -0.112398
6.68 -0.175449 -0.00990134
6.685 -0.183525 0.117172
6.69 -0.200181 0.255625
6.695 -0.215667 0.381096
6.7 -0.218126 0.467016
6.705 -0.209614 0.499543
6.71 -0.18988 0.487798
6.715 -0.147323 0.462949
6.72 -0.0930477 0.469618
6.725 -0.0693908 0.53986
6.73 -0.0972868 0.668389
6.735 -0.137906 0.818624
6.74 -0.135129 0.946723
6.745 -0.0931228 1.02205
6.75 -0.0699736 1.03876
6.755 -0.0984751 1.01271
6.76 -0.151641 0.966339
6.765 -0.186733 0.917389
6.77 -0.198166 0.877277
6.775 -0.206587 0.851502
6.78 -0.225183 0.838307
6.785 -0.248538 0.829007
6.79 -0.260976 0.810161
6.795 -0.244545 0.766338
6.8 -0.199966 0.686087
6.805 -0.150976 0.570148
6.81 -0.119474 0.434123
6.815 -0.107469 0.301586
6.82 -0.0885879 0.193315
6.825 -0.0325535 0.121082
6.83 0.0549493 0.0881688
6.835 0.121093 0.0914395
6.84 0.12007 0.120822
6.845 0.0737451 0.159738
6.85 0.0269087 0.191362
6.855 0.00553386 0.207116
6.86 -0.00135745 0.208637
6.865 -0.00392334 0.200855
6.87 0.0159926 0.184116
6.875 0.0827423 0.154095
6.88 0.177818 0.108481
6.885 0.258369 0.0528034
6.89 0.316093 0.000688279
6.895 0.342872 -0.0320287
6.9 0.312141 -0.0368546
6.905 0.230697 -0.0182067
6.91 0.145569 0.010946
6.915 0.0826486 0.0382744
6.92 0.0439069 0.0574932
6.925 0.0732736 0.0679997
6.93 0.112937 0.0707744
6.935 0.127543 0.0649634
6.94 0.130527 0.0504585
6.945 0.131731 0.0331005
6.95 0.13001 0.0230486
6.955 0.127536 0.0270299
6.96 0.111976 0.0438249
6.965 0.131887 0.0657439
6.97 0.177128 0.0825151
6.975 0.182821 0.0857617
6.98 0.125393 0.0729285
6.985 0.0386214 0.0489438
6.99 -0.0350574 0.025417
6.995 -0.110543 0.0169289
7 -0.155593 0.0340332
7.005 -0.185988 0.0771337
7.01 -0.208774 0.136811
7.015 -0.235136 0.199998
7.02 -0.259771 0.257028
7.025 -0.28392 0.30598
7.03 -0.263675 0.352304
7.035 -0.222921 0.403508
7.04 -0.183759 0.463002
7.045 -0.145064 0.527865
7.05 -0.116708 0.590667
7.055 -0.119958 0.64283
7.06 -0.144106 0.678053
7.065 -0.157777 0.69444
7.07 -0.163761 0.694203
7.075 -0.191354 0.681993
7.08 -0.242919 0.663411
7.085 -0.283464 0.643373
7.09 -0.294967 0.623949
7.095 -0.261988 0.603112
7.1 -0.23874 0.575938
7.105 -0.248065 0.537514
7.11 -0.25152 0.48448
7.115 -0.208539 0.413471
7.12 -0.13541 0.319112
7.125 -0.0795236 0.19516
7.13 -0.0699403 0.0389476
7.135 -0.0969722 -0.1435
7.14 -0.119352 -0.334275
7.145 -0.10835 -0.503828
7.15 -0.0806594 -0.616148
7.155 -0.0630295 -0.644292
7.16 -0.0554685 -0.588918
7.165 -0.0516368 -0.481389
7.17 -0.0517169 -0.36981
7.175 -0.0473493 -0.296812
7.18 -0.0264722 -0.280585
7.185 0.00675141 -0.31147
7.19 0.0260487 -0.365444
7.195 0.00798412 -0.423163
7.2 -0.0353432 -0.479656
7.205 -0.0613932 -0.537956
7.21 -0.0398303 -0.596349
7.215 0.0122821 -0.646286
7.22 0.0509998 -0.680404
7.225 0.0665953 -0.69731
7.23 0.0858621 -0.701286
7.235 0.117261 -0.699058
7.24 0.15769 -0.693546
7.245 0.214613 -0.68199
7.25 0.294406 -0.662346
7.255 0.374996 -0.637757
7.26 0.426626 -0.612128
7.265 0.450426 -0.583582
7.27 0.473026 -0.544133
7.275 0.511899 -0.486673
7.28 0.555191 -0.414367
7.285 0.5879 -0.343797
7.29 0.623529 -0.296958
7.295 0.670327 -0.288716
7.3 0.705096 -0.320759
7.305 0.689912 -0.383653
7.31 0.624359 -0.46011
7.315 0.556619 -0.52725
7.32 0.520589 -0.562907
7.325 0.497096 -0.556492
7.33 0.457377 -0.515396
7.335 0.394501 -0.459169
7.34 0.304103 -0.40513
7.345 0.177016 -0.357286
7.35 0.018647 -0.307774
7.355 -0.14701 -0.249168
7.36 -0.292715 -0.185664
7.365 -0.398537 -0.132184
7.37 -0.460682 -0.103094
7.375 -0.483832 -0.102101
7.38 -0.445792 -0.121044
7.385 -0.313904 -0.145662
7.39 -0.121848 -0.162853
7.395 0.0391079 -0.165735
7.4 0.109095 -0.154291
7.405 0.0753217 -0.131907
7.41 -0.0564699 -0.101996
7.415 -0.243825 -0.0682843
7.42 -0.414023 -0.0366903
7.425 -0.521898 -0.0143948
7.43 -0.567218 -0.00595697
7.435 -0.576185 -0.0101304
7.44 -0.585771 -0.0196424
7.445 -0.61101 -0.02343
7.45 -0.625565 -0.0104543
7.455 -0.588499 0.0264227
7.46 -0.496801 0.0889383
7.465 -0.409207 0.173264
7.47 -0.38508 0.269156
7.475 -0.412554 0.362121
7.48 -0.438607 0.439704
7.485 -0.431784 0.495641
7.49 -0.395096 0.529518
7.495 -0.354577 0.544867
7.5 -0.330211 0.547464
7.505 -0.313771 0.543843
7.51 -0.300121 0.538905
7.515 -0.319398 0.533501
7.52 -0.392087 0.525379
7.525 -0.478573 0.512808
7.53 -0.517557 0.496353
7.535 -0.484901 0.477112
7.54 -0.39342 0.452802
7.545 -0.284955 0.415044
7.55 -0.187141 0.352127
7.555 -0.0652366 0.256462
7.56 0.11517 0.130849
7.565 0.256898 -0.00984703
7.57 0.290719 -0.141779
7.575 0.252809 -0.23961
7.58 0.21841 -0.285582
7.585 0.211089 -0.276048
7.59 0.222389 -0.222786
7.595 0.239295 -0.147252
7.6 0.244765 -0.0700164
7.605 0.234066 -0.0032085
7.61 0.232265 0.0495492
7.615 0.259103 0.0884739
7.62 0.297258 0.111174
7.625 0.30136 0.107515
7.63 0.271422 0.0618987
7.635 0.243712 -0.0361935
7.64 0.242017 -0.181536
7.645 0.252301 -0.349509
7.65 0.246035 -0.502331
7.655 0.208568 -0.604452
7.66 0.148637 -0.636591
7.665 0.0902314 -0.601511
7.67 0.0478987 -0.51981
7.675 0.0145112 -0.418883
7.68 -0.0333348 -0.32592
7.685 -0.0762043 -0.261406
7.69 -0.0847642 -0.230573
7.695 -0.0545938 -0.225315
7.7 -0.00679402 -0.236169
7.705 0.0332212 -0.260058
7.71 0.0671143 -0.298091
7.715 0.127136 -0.346572
7.72 0.224269 -0.389143
7.725 0.31074 -0.401929
7.73 0.316152 -0.37075
7.735 0.253936 -0.302776
7.74 0.154627 -0.222509
7.745 0.0707311 -0.156478
7.75 0.00213284 -0.113602
7.755 -0.0781935 -0.0740379
7.76 -0.163238 -0.000622206
7.765 -0.226335 0.134094
7.77 -0.262023 0.327387
7.775 -0.279308 0.543466
7.78 -0.276605 0.727106
7.785 -0.240542 0.828451
7.79 -0.168381 0.825475
7.795 -0.0867745 0.731226
7.8 -0.0392274 0.586897
7.805 -0.0428561 0.446927
7.81 -0.0783427 0.358602
7.815 -0.107781 0.343111
7.82 -0.116375 0.389574
7.825 -0.130372 0.465088
7.83 -0.181786 0.532735
7.835 -0.259971 0.567244
7.84 -0.325112 0.562239
7.845 -0.360456 0.527665
7.85 -0.389531 0.479335
7.855 -0.433872 0.426815
7.86 -0.494225 0.367904
7.865 -0.558512 0.2922
7.87 -0.624862 0.189487
7.875 -0.694122 0.0583848
7.88 -0.752568 -0.0888766
7.885 -0.788038 -0.230034
7.89 -0.800041 -0.343346
7.895 -0.771619 -0.416624
7.9 -0.664719 -0.448271
7.905 -0.472457 -0.441842
7.91 -0.259274 -0.400866
7.915 -0.0945928 -0.329325
7.92 0.00116123 -0.236578
7.925 0.0384427 -0.140306
7.93 0.0487759 -0.0629379
7.935 0.0214661 -0.0231586
7.94 -0.0115779 -0.0280278
7.945 0.0154725 -0.0700627
7.95 0.100708 -0.130988
7.955 0.178918 -0.192041
7.96 0.206241 -0.245907
7.965 0.195645 -0.299861
7.97 0.196083 -0.364944
7.975 0.241514 -0.439821
7.98 0.315145 -0.503928
7.985 0.371531 -0.527733
7.99 0.385589 -0.49218
7.995 0.371003 -0.401789
8 0.363339 -0.28344
8.005 0.397438 -0.172231
8.01 0.473719 -0.0949578
8.015 0.551744 -0.0619447
8.02 0.606577 -0.0688893
8.025 0.647711 -0.105514
8.03 0.68417 -0.165048
8.035 0.723024 -0.246064
8.04 0.76921 -0.345125
8.045 0.802017 -0.449902
8.05 0.783987 -0.540311
8.055 0.703931 -0.598079
8.06 0.585382 -0.614619
8.065 0.446375 -0.596906
8.07 0.293071 -0.572122
8.075 0.135774 -0.569707
8.08 -0.00903164 -0.597186
8.085 -0.122335 -0.642843
8.09 -0.190897 -0.687754
8.095 -0.221962 -0.71353
8.1 -0.222163 -0.715861
8.105 -0.200548 -0.706733
8.11 -0.203946 -0.695763
8.115 -0.272843 -0.679332
8.12 -0.367053 -0.645113
8.125 -0.413594 -0.574185
8.13 -0.404998 -0.446411
8.135 -0.378176 -0.255553
8.14 -0.344374 -0.0169389
8.145 -0.308446 0.236904
8.15 -0.295661 0.461877
8.155 -0.307548 0.611623
8.16 -0.311051 0.653666
8.165 -0.297432 0.583053
8.17 -0.29074 0.427253
8.175 -0.294851 0.240621
8.18 -0.288022 0.0864623
8.185 -0.267862 0.0128286
8.19 -0.259605 0.0343148
8.195 -0.27749 0.127533
8.2 -0.310291 0.242959
8.205 -0.339104 0.330244
8.21 -0.344356 0.364388
8.215 -0.309319 0.356844
8.22 -0.224328 0.345138
8.225 -0.0955703 0.368738
8.23 0.0417191 0.446443
8.235 0.143041 0.567488
8.24 0.189241 0.698849
8.245 0.190251 0.803117
8.25 0.155827 0.859381
8.255 0.0845977 0.873525
8.26 -0.00210451 0.8665
8.265 -0.120897 0.850341
8.27 -0.230904 0.813831
8.275 -0.30631 0.730379
8.28 -0.327501 0.581822
8.285 -0.305744 0.377677
8.29 -0.274602 0.152896
8.295 -0.242814 -0.0530193
8.3 -0.186505 -0.216761
8.305 -0.0940898 -0.336522
8.31 0.00894204 -0.42084
8.315 0.0961834 -0.472457
8.32 0.141928 -0.48269
8.325 0.15736 -0.442514
8.33 0.169619 -0.36035
8.335 0.181931 -0.269596
8.34 0.189758 -0.216432
8.345 0.188808 -0.233295
8.35 0.179355 -0.316585
8.355 0.171211 -0.427193
8.36 0.166109 -0.51495
8.365 0.179568 -0.548073
8.37 0.212645 -0.526076
8.375 0.242493 -0.470449
8.38 0.265697 -0.405173
8.385 0.283151 -0.34355
8.39 0.264321 -0.288143
8.395 0.179513 -0.23801
8.4 0.0640611 -0.194422
8.405 -0.000709667 -0.161739
8.41 0.019429 -0.144016
8.415 0.0821781 -0.139439
8.42 0.134566 -0.137502
8.425 0.161604 -0.123043
8.43 0.171132 -0.0841014
8.435 0.175124 -0.0170643
8.44 0.190537 0.0728104
8.445 0.219958 0.173273
8.45 0.22836 0.268368
8.455 0.179602 0.343432
8.46 0.0969963 0.389824
8.465 0.0284602 0.405719
8.47 0.0223508 0.392566
8.475 0.0743124 0.351431
8.48 0.127774 0.283612
8.485 0.158532 0.196003
8.49 0.174737 0.106486
8.495 0.193236 0.0419802
8.5 0.219692 0.0269208
8.505 0.235319 0.0702308
8.51 0.217267 0.161288
8.515 0.158983 0.276937
8.52 0.0603493 0.393247
8.525 -0.0512603 0.494641
8.53 -0.125421 0.575896
8.535 -0.14336 0.636304
8.54 -0.127497 0.672492
8.545 -0.107348 0.678354
8.55 -0.108062 0.650893
8.555 -0.139715 0.595729
8.56 -0.181428 0.528074
8.565 -0.204668 0.464614
8.57 -0.209428 0.409413
8.575 -0.214924 0.348953
8.58 -0.228612 0.26406
8.585 -0.241154 0.148338
8.59 -0.222665 0.0180152
8.595 -0.147476 -0.0947471
8.6 -0.0356942 -0.161516
8.605 0.0742272 -0.174249
8.61 0.158146 -0.144621
8.615 0.199688 -0.0904325
8.62 0.18597 -0.0262743
8.625 0.123181 0.0338217
8.63 0.0380561 0.0715541
8.635 -0.0348541 0.0689011
8.64 -0.0662919 0.0189738
8.645 -0.0476843 -0.0685019
8.65 0.0042778 -0.171338
8.655 0.0724596 -0.263764
8.66 0.1512 -0.324705
8.665 0.230988 -0.343934
8.67 0.28768 -0.325697
8.675 0.289501 -0.286634
8.68 0.232927 -0.24559
8.685 0.161309 -0.211874
8.69 0.12214 -0.181905
8.695 0.124634 -0.144089
8.7 0.15317 -0.0851734
8.705 0.18454 0.00373985
8.71 0.19056 0.121246
8.715 0.164057 0.252869
8.72 0.143984 0.373901
8.725 0.175456 0.457249
8.73 0.2429 0.483855
8.735 0.290489 0.45047
8.74 0.294507 0.369978
8.745 0.279255 0.265209
8.75 0.284775 0.160088
8.755 0.332254 0.0709434
8.76 0.405133 0.00172793
8.765 0.463816 -0.052772
8.77 0.486015 -0.0974688
8.775 0.481918 -0.129315
8.78 0.455279 -0.137831
8.785 0.376173 -0.112576
8.79 0.236344 -0.0517472
8.795 0.0907434 0.0335162
8.8 -0.0112827 0.122709
8.805 -0.0851481 0.196616
8.81 -0.167163 0.247455
8.815 -0.253496 0.279744
8.82 -0.306736 0.30137
8.825 -0.311683 0.313643
8.83 -0.29217 0.309973
8.835 -0.274039 0.28341
8.84 -0.262361 0.233559
8.845 -0.243436 0.166072
8.85 -0.199924 0.0892583
8.855 -0.129079 0.0146247
8.86 -0.0431732 -0.0412108
8.865 0.0321447 -0.0606946
8.87 0.0691998 -0.035396
8.875 0.0708263 0.0273396
8.88 0.0632371 0.107684
8.885 0.0517877 0.182245
8.89 0.0357665 0.230757
8.895 0.0432251 0.239917
8.9 0.0859351 0.207866
8.905 0.123196 0.147457
8.91 0.123479 0.0825996
8.915 0.110866 0.0375486
8.92 0.115578 0.0263283
8.925 0.132052 0.0490058
8.93 0.150911 0.0946439
8.935 0.175318 0.146469
8.94 0.19566 0.187025
8.945 0.209301 0.204122
8.95 0.236033 0.196515
8.955 0.271136 0.175121
8.96 0.27575 0.157667
8.965 0.226252 0.160091
8.97 0.150707 0.19017
8.975 0.101315 0.245496
8.98 0.0963935 0.313802
8.985 0.120942 0.374141
8.99 0.156646 0.401106
8.995 0.189883 0.37394
9 0.209929 0.286369
9.005 0.209476 0.149761
9.01 0.190748 -0.0127132
9.015 0.162966 -0.175716
9.02 0.14096 -0.318216
9.025 0.125348 -0.425022
9.03 0.108958 -0.487266
9.035 0.0816737 -0.50386
9.04 0.0419509 -0.47983
9.045 0.00946295 -0.419989
9.05 0.00569923 -0.326218
9.055 0.0112241 -0.203393
9.06 -0.00530323 -0.065553
9.065 -0.0275238 0.0663221
9.07 -0.0302322 0.174176
9.075 -0.0306711 0.25288
9.08 -0.0498488 0.30954
9.085 -0.076128 0.351222
9.09 -0.0906796 0.37661
9.095 -0.0896835 0.380445
9.1 -0.0706425 0.360352
9.105 -0.0264309 0.31723
9.11 0.0384791 0.253542
9.115 0.109009 0.174757
9.12 0.173727 0.0926437
9.125 0.222338 0.0250574
9.13 0.246238 -0.0113253
9.135 0.248219 -0.0100929
9.14 0.233853 0.0233926
9.145 0.204593 0.0781689
9.15 0.177814 0.143314
9.155 0.17018 0.209077
9.16 0.157873 0.266502
9.165 0.113504 0.309116
9.17 0.0489064 0.336455
9.175 -0.0124271 0.35481
9.18 -0.0661203 0.37148
9.185 -0.120356 0.386994
9.19 -0.167973 0.394008
9.195 -0.19 0.383726
9.2 -0.190285 0.352322
9.205 -0.199894 0.302367
9.21 -0.185487 0.240649
9.215 -0.16737 0.174979
9.22 -0.173938 0.111426
9.225 -0.210935 0.0528567
9.23 -0.255017 -0.00111458
9.235 -0.275832 -0.0524836
9.24 -0.257381 -0.101548
9.245 -0.217633 -0.144543
9.25 -0.177506 -0.17505
9.255 -0.1363 -0.187762
9.26 -0.0815286 -0.181292
9.265 -0.0154912 -0.15905
9.27 0.0381704 -0.128564
9.275 0.0570139 -0.0994824
9.28 0.0475142 -0.0810467
9.285 0.0382826 -0.0794899
9.29 0.0474535 -0.0951449
9.295 0.0528415 -0.120709
9.3 0.0695608 -0.143019
9.305 0.0954735 -0.148092
9.31 0.137 -0.126511
9.315 0.184806 -0.0763794
9.32 0.224473 -0.00294909
9.325 0.249389 0.0840726
9.33 0.255891 0.173424
9.335 0.261099 0.25396
9.34 0.278105 0.3152
9.345 0.288024 0.347689
9.35 0.25231 0.343872
9.355 0.180519 0.299544
9.36 0.119908 0.215563
9.365 0.0789214 0.0992385
9.37 0.0362802 -0.0356346
9.375 -0.00749919 -0.17105
9.38 -0.039603 -0.289086
9.385 -0.0572861 -0.37655
9.39 -0.0836795 -0.428399
9.395 -0.0840457 -0.448122
9.4 -0.0921968 -0.443385
9.405 -0.115521 -0.42136
9.41 -0.1326 -0.388944
9.415 -0.10108 -0.353141
9.42 -0.0522874 -0.318657
9.425 -0.0273058 -0.287865
9.43 -0.0417269 -0.261197
9.435 -0.0662073 -0.233965
9.44 -0.0664799 -0.196775
9.445 -0.050152 -0.143447
9.45 -0.0482869 -0.0781381
9.455 -0.0704618 -0.0151006
9.46 -0.0933786 0.0290091
9.465 -0.10259 0.0462393
9.47 -0.103451 0.041832
9.475 -0.103217 0.0265854
9.48 -0.0931526 0.0063834
9.485 -0.0639559 -0.0198867
9.49 -0.0229433 -0.0543157
9.495 0.0228576 -0.0931577
9.5 0.0636332 -0.125633
9.505 0.0729466 -0.139023
9.51 0.049785 -0.12412
9.515 0.0269609 -0.0769051
9.52 0.0146854 0.000820917
9.525 0.00225989 0.100102
9.53 -0.00875348 0.206001
9.535 -0.0134524 0.302247
9.54 -0.00949304 0.375478
9.545 0.00640339 0.416014
9.55 0.0317147 0.416616
9.555 0.0582233 0.372793
9.56 0.0731788 0.285492
9.565 0.0773398 0.162947
9.57 0.0729591 0.019191
9.575 0.0626747 -0.129215
9.58 0.0435298 -0.265927
9.585 0.00093585 -0.377089
9.59 -0.0510353 -0.453483
9.595 -0.084174 -0.491946
9.6 -0.0984262 -0.495354
9.605 -0.123599 -0.470634
9.61 -0.171162 -0.426797
9.615 -0.211841 -0.374655
9.62 -0.216465 -0.324924
9.625 -0.188799 -0.284023
9.63 -0.153806 -0.251714
9.635 -0.147735 -0.222015
9.64 -0.194616 -0.187505
9.645 -0.265189 -0.14585
9.65 -0.304889 -0.10232
9.655 -0.301157 -0.0653938
9.66 -0.277532 -0.0404404
9.665 -0.254252 -0.0260368
9.67 -0.237163 -0.015581
9.675 -0.217754 -0.00404634
9.68 -0.18713 0.00818968
9.685 -0.147618 0.0193925
9.69 -0.107243 0.0301119
9.695 -0.0762839 0.0408582
9.7 -0.0586438 0.0503939
9.705 -0.0437947 0.0579229
9.71 -0.031038 0.0642506
9.715 -0.0258213 0.0701509
9.72 -0.0332791 0.0744329
9.725 -0.0471581 0.0732455
9.73 -0.0455419 0.0615228
9.735 -0.0189676 0.0360656
9.74 0.0115005 -0.00204941
9.745 0.0256116 -0.0466351
9.75 0.0256558 -0.0873439
9.755 0.0189423 -0.113398
9.76 0.00159002 -0.118214
9.765 -0.0240686 -0.10087
9.77 -0.0437008 -0.0645207
9.775 -0.0543871 -0.0152138
9.78 -0.0643187 0.0382236
9.785 -0.0717343 0.0854426
9.79 -0.079865 0.117779
9.795 -0.10525 0.131653
9.8 -0.147574 0.129596
9.805 -0.19082 0.11775
9.81 -0.211522 0.101194
9.815 -0.206287 0.0801586
9.82 -0.195363 0.0498574
9.825 -0.19114 0.00424191
9.83 -0.179711 -0.0592167
9.835 -0.138294 -0.13743
9.84 -0.060319 -0.22317
9.845 0.0337247 -0.307761
9.85 0.119402 -0.382579
9.855 0.203305 -0.439364
9.86 0.301804 -0.471694
9.865 0.399569 -0.477871
9.87 0.462008 -0.460813
9.875 0.460912 -0.425099
9.88 0.393941 -0.376791
9.885 0.323739 -0.323293
9.89 0.264807 -0.26951
9.895 0.234737 -0.217116
9.9 0.205642 -0.168598
9.905 0.169577 -0.127914
9.91 0.137129 -0.097335
9.915 0.112693 -0.0763919
9.92 0.0866227 -0.062791
9.925 0.0438022 -0.0538854
9.93 -0.00840664 -0.0495958
9.935 -0.